<!DOCTYPE html>

<html>
  <head>
  <meta charset='utf-8'>
  <title>TestNG reports</title>

    <link type="text/css" href="testng-reports1.css" rel="stylesheet" id="ultra" />
    <link type="text/css" href="testng-reports.css" rel="stylesheet" id="retro" disabled="false"/>
    <script type="text/javascript" src="jquery.min.js"></script>
    <script type="text/javascript" src="testng-reports.js"></script>
    <script type="text/javascript" src="https://www.google.com/jsapi"></script>
    <script type='text/javascript'>
      google.load('visualization', '1', {packages:['table']});
      google.setOnLoadCallback(drawTable);
      var suiteTableInitFunctions = new Array();
      var suiteTableData = new Array();
    </script>
    <!--
      <script type="text/javascript" src="jquery-ui/js/jquery-ui-1.8.16.custom.min.js"></script>
     -->
  </head>

  <body>
    <div class="top-banner-root">
      <span class="top-banner-title-font">Test results</span>
      <button id="button" class="button">Switch Retro Theme</button> <!-- button -->
      <br/>
      <span class="top-banner-font-1">1 suite, 10 failed tests</span>
    </div> <!-- top-banner-root -->
    <div class="navigator-root">
      <div class="navigator-suite-header">
        <span>All suites</span>
        <a href="#" title="Collapse/expand all the suites" class="collapse-all-link">
          <img src="collapseall.gif" class="collapse-all-icon">
          </img> <!-- collapse-all-icon -->
        </a> <!-- collapse-all-link -->
      </div> <!-- navigator-suite-header -->
      <div class="suite">
        <div class="rounded-window">
          <div class="suite-header light-rounded-window-top">
            <a href="#" panel-name="suite-Default_suite" class="navigator-link">
              <span class="suite-name border-failed">Default suite</span>
            </a> <!-- navigator-link -->
          </div> <!-- suite-header light-rounded-window-top -->
          <div class="navigator-suite-content">
            <div class="suite-section-title">
              <span>Info</span>
            </div> <!-- suite-section-title -->
            <div class="suite-section-content">
              <ul>
                <li>
                  <a href="#" panel-name="test-xml-Default_suite" class="navigator-link ">
                    <span>C:\Users\harti\AppData\Local\Temp\testng-eclipse-983726849\testng-customsuite.xml</span>
                  </a> <!-- navigator-link  -->
                </li>
                <li>
                  <a href="#" panel-name="testlist-Default_suite" class="navigator-link ">
                    <span class="test-stats">1 test</span>
                  </a> <!-- navigator-link  -->
                </li>
                <li>
                  <a href="#" panel-name="group-Default_suite" class="navigator-link ">
                    <span>0 groups</span>
                  </a> <!-- navigator-link  -->
                </li>
                <li>
                  <a href="#" panel-name="times-Default_suite" class="navigator-link ">
                    <span>Times</span>
                  </a> <!-- navigator-link  -->
                </li>
                <li>
                  <a href="#" panel-name="reporter-Default_suite" class="navigator-link ">
                    <span>Reporter output</span>
                  </a> <!-- navigator-link  -->
                </li>
                <li>
                  <a href="#" panel-name="ignored-methods-Default_suite" class="navigator-link ">
                    <span>Ignored methods</span>
                  </a> <!-- navigator-link  -->
                </li>
                <li>
                  <a href="#" panel-name="chronological-Default_suite" class="navigator-link ">
                    <span>Chronological view</span>
                  </a> <!-- navigator-link  -->
                </li>
              </ul>
            </div> <!-- suite-section-content -->
            <div class="result-section">
              <div class="suite-section-title">
                <span>Results</span>
              </div> <!-- suite-section-title -->
              <div class="suite-section-content">
                <ul>
                  <li>
                    <span class="method-stats">43 methods, 10 failed,   33 passed</span>
                  </li>
                  <li>
                    <span class="method-list-title failed">Failed methods</span>
                    <span class="show-or-hide-methods failed">
                      <a href="#" panel-name="suite-Default_suite" class="hide-methods failed suite-Default_suite"> (hide)</a> <!-- hide-methods failed suite-Default_suite -->
                      <a href="#" panel-name="suite-Default_suite" class="show-methods failed suite-Default_suite"> (show)</a> <!-- show-methods failed suite-Default_suite -->
                    </span>
                    <div class="method-list-content failed suite-Default_suite">
                      <span>
                        <img src="failed.png" width="3%"/>
                        <a href="#" panel-name="suite-Default_suite" title="internet_herokuapp_tests.AutomationScripts" class="method navigator-link" hash-for-method="launchBasicAuthTC4">launchBasicAuthTC4</a> <!-- method navigator-link -->
                      </span>
                      <br/>
                      <span>
                        <img src="failed.png" width="3%"/>
                        <a href="#" panel-name="suite-Default_suite" title="internet_herokuapp_tests.AutomationScripts" class="method navigator-link" hash-for-method="launchContextMenuTC8">launchContextMenuTC8</a> <!-- method navigator-link -->
                      </span>
                      <br/>
                      <span>
                        <img src="failed.png" width="3%"/>
                        <a href="#" panel-name="suite-Default_suite" title="internet_herokuapp_tests.AutomationScripts" class="method navigator-link" hash-for-method="launchEntryAdTC14">launchEntryAdTC14</a> <!-- method navigator-link -->
                      </span>
                      <br/>
                      <span>
                        <img src="failed.png" width="3%"/>
                        <a href="#" panel-name="suite-Default_suite" title="internet_herokuapp_tests.AutomationScripts" class="method navigator-link" hash-for-method="launchExitIntentTC15">launchExitIntentTC15</a> <!-- method navigator-link -->
                      </span>
                      <br/>
                      <span>
                        <img src="failed.png" width="3%"/>
                        <a href="#" panel-name="suite-Default_suite" title="internet_herokuapp_tests.AutomationScripts" class="method navigator-link" hash-for-method="launchFileDownloadTC16">launchFileDownloadTC16</a> <!-- method navigator-link -->
                      </span>
                      <br/>
                      <span>
                        <img src="failed.png" width="3%"/>
                        <a href="#" panel-name="suite-Default_suite" title="internet_herokuapp_tests.AutomationScripts" class="method navigator-link" hash-for-method="launchFileUploadTC17">launchFileUploadTC17</a> <!-- method navigator-link -->
                      </span>
                      <br/>
                      <span>
                        <img src="failed.png" width="3%"/>
                        <a href="#" panel-name="suite-Default_suite" title="internet_herokuapp_tests.AutomationScripts" class="method navigator-link" hash-for-method="launchGeolocationTC22">launchGeolocationTC22</a> <!-- method navigator-link -->
                      </span>
                      <br/>
                      <span>
                        <img src="failed.png" width="3%"/>
                        <a href="#" panel-name="suite-Default_suite" title="internet_herokuapp_tests.AutomationScripts" class="method navigator-link" hash-for-method="launchJQueryUIMenusTC27">launchJQueryUIMenusTC27</a> <!-- method navigator-link -->
                      </span>
                      <br/>
                      <span>
                        <img src="failed.png" width="3%"/>
                        <a href="#" panel-name="suite-Default_suite" title="internet_herokuapp_tests.AutomationScripts" class="method navigator-link" hash-for-method="launchSecureFileDownloadTC36">launchSecureFileDownloadTC36</a> <!-- method navigator-link -->
                      </span>
                      <br/>
                      <span>
                        <img src="failed.png" width="3%"/>
                        <a href="#" panel-name="suite-Default_suite" title="internet_herokuapp_tests.AutomationScripts" class="method navigator-link" hash-for-method="launchShiftingContentTC38">launchShiftingContentTC38</a> <!-- method navigator-link -->
                      </span>
                      <br/>
                    </div> <!-- method-list-content failed suite-Default_suite -->
                  </li>
                  <li>
                    <span class="method-list-title passed">Passed methods</span>
                    <span class="show-or-hide-methods passed">
                      <a href="#" panel-name="suite-Default_suite" class="hide-methods passed suite-Default_suite"> (hide)</a> <!-- hide-methods passed suite-Default_suite -->
                      <a href="#" panel-name="suite-Default_suite" class="show-methods passed suite-Default_suite"> (show)</a> <!-- show-methods passed suite-Default_suite -->
                    </span>
                    <div class="method-list-content passed suite-Default_suite">
                      <span>
                        <img src="passed.png" width="3%"/>
                        <a href="#" panel-name="suite-Default_suite" title="internet_herokuapp_tests.AutomationScripts" class="method navigator-link" hash-for-method="launchABTestingTC2">launchABTestingTC2</a> <!-- method navigator-link -->
                      </span>
                      <br/>
                      <span>
                        <img src="passed.png" width="3%"/>
                        <a href="#" panel-name="suite-Default_suite" title="internet_herokuapp_tests.AutomationScripts" class="method navigator-link" hash-for-method="launchAddRemoveElementsTC3">launchAddRemoveElementsTC3</a> <!-- method navigator-link -->
                      </span>
                      <br/>
                      <span>
                        <img src="passed.png" width="3%"/>
                        <a href="#" panel-name="suite-Default_suite" title="internet_herokuapp_tests.AutomationScripts" class="method navigator-link" hash-for-method="launchBrokenImagesTC5">launchBrokenImagesTC5</a> <!-- method navigator-link -->
                      </span>
                      <br/>
                      <span>
                        <img src="passed.png" width="3%"/>
                        <a href="#" panel-name="suite-Default_suite" title="internet_herokuapp_tests.AutomationScripts" class="method navigator-link" hash-for-method="launchChallengingDOMTC6">launchChallengingDOMTC6</a> <!-- method navigator-link -->
                      </span>
                      <br/>
                      <span>
                        <img src="passed.png" width="3%"/>
                        <a href="#" panel-name="suite-Default_suite" title="internet_herokuapp_tests.AutomationScripts" class="method navigator-link" hash-for-method="launchCheckboxesTC7">launchCheckboxesTC7</a> <!-- method navigator-link -->
                      </span>
                      <br/>
                      <span>
                        <img src="passed.png" width="3%"/>
                        <a href="#" panel-name="suite-Default_suite" title="internet_herokuapp_tests.AutomationScripts" class="method navigator-link" hash-for-method="launchDisaapearingElementsTC9">launchDisaapearingElementsTC9</a> <!-- method navigator-link -->
                      </span>
                      <br/>
                      <span>
                        <img src="passed.png" width="3%"/>
                        <a href="#" panel-name="suite-Default_suite" title="internet_herokuapp_tests.AutomationScripts" class="method navigator-link" hash-for-method="launchDragAndDropTC10">launchDragAndDropTC10</a> <!-- method navigator-link -->
                      </span>
                      <br/>
                      <span>
                        <img src="passed.png" width="3%"/>
                        <a href="#" panel-name="suite-Default_suite" title="internet_herokuapp_tests.AutomationScripts" class="method navigator-link" hash-for-method="launchDropdownTC11">launchDropdownTC11</a> <!-- method navigator-link -->
                      </span>
                      <br/>
                      <span>
                        <img src="passed.png" width="3%"/>
                        <a href="#" panel-name="suite-Default_suite" title="internet_herokuapp_tests.AutomationScripts" class="method navigator-link" hash-for-method="launchDynamicContentTC12">launchDynamicContentTC12</a> <!-- method navigator-link -->
                      </span>
                      <br/>
                      <span>
                        <img src="passed.png" width="3%"/>
                        <a href="#" panel-name="suite-Default_suite" title="internet_herokuapp_tests.AutomationScripts" class="method navigator-link" hash-for-method="launchDynamicLoadingTC13">launchDynamicLoadingTC13</a> <!-- method navigator-link -->
                      </span>
                      <br/>
                      <span>
                        <img src="passed.png" width="3%"/>
                        <a href="#" panel-name="suite-Default_suite" title="internet_herokuapp_tests.AutomationScripts" class="method navigator-link" hash-for-method="launchFloatingMenuTC18">launchFloatingMenuTC18</a> <!-- method navigator-link -->
                      </span>
                      <br/>
                      <span>
                        <img src="passed.png" width="3%"/>
                        <a href="#" panel-name="suite-Default_suite" title="internet_herokuapp_tests.AutomationScripts" class="method navigator-link" hash-for-method="launchForgotPasswordTC19">launchForgotPasswordTC19</a> <!-- method navigator-link -->
                      </span>
                      <br/>
                      <span>
                        <img src="passed.png" width="3%"/>
                        <a href="#" panel-name="suite-Default_suite" title="internet_herokuapp_tests.AutomationScripts" class="method navigator-link" hash-for-method="launchFormAuthenticationTC20">launchFormAuthenticationTC20</a> <!-- method navigator-link -->
                      </span>
                      <br/>
                      <span>
                        <img src="passed.png" width="3%"/>
                        <a href="#" panel-name="suite-Default_suite" title="internet_herokuapp_tests.AutomationScripts" class="method navigator-link" hash-for-method="launchFramesTC21">launchFramesTC21</a> <!-- method navigator-link -->
                      </span>
                      <br/>
                      <span>
                        <img src="passed.png" width="3%"/>
                        <a href="#" panel-name="suite-Default_suite" title="internet_herokuapp_tests.AutomationScripts" class="method navigator-link" hash-for-method="launchHorizontalSliderTC23">launchHorizontalSliderTC23</a> <!-- method navigator-link -->
                      </span>
                      <br/>
                      <span>
                        <img src="passed.png" width="3%"/>
                        <a href="#" panel-name="suite-Default_suite" title="internet_herokuapp_tests.AutomationScripts" class="method navigator-link" hash-for-method="launchHoversTC24">launchHoversTC24</a> <!-- method navigator-link -->
                      </span>
                      <br/>
                      <span>
                        <img src="passed.png" width="3%"/>
                        <a href="#" panel-name="suite-Default_suite" title="internet_herokuapp_tests.AutomationScripts" class="method navigator-link" hash-for-method="launchInfiniteScrollTC25">launchInfiniteScrollTC25</a> <!-- method navigator-link -->
                      </span>
                      <br/>
                      <span>
                        <img src="passed.png" width="3%"/>
                        <a href="#" panel-name="suite-Default_suite" title="internet_herokuapp_tests.AutomationScripts" class="method navigator-link" hash-for-method="launchInputsTC26">launchInputsTC26</a> <!-- method navigator-link -->
                      </span>
                      <br/>
                      <span>
                        <img src="passed.png" width="3%"/>
                        <a href="#" panel-name="suite-Default_suite" title="internet_herokuapp_tests.AutomationScripts" class="method navigator-link" hash-for-method="launchInternetHerokuappTC1">launchInternetHerokuappTC1</a> <!-- method navigator-link -->
                      </span>
                      <br/>
                      <span>
                        <img src="passed.png" width="3%"/>
                        <a href="#" panel-name="suite-Default_suite" title="internet_herokuapp_tests.AutomationScripts" class="method navigator-link" hash-for-method="launchJavaScriptAlertsTC28">launchJavaScriptAlertsTC28</a> <!-- method navigator-link -->
                      </span>
                      <br/>
                      <span>
                        <img src="passed.png" width="3%"/>
                        <a href="#" panel-name="suite-Default_suite" title="internet_herokuapp_tests.AutomationScripts" class="method navigator-link" hash-for-method="launchJavaScriptOnLoadEventErrorTC29">launchJavaScriptOnLoadEventErrorTC29</a> <!-- method navigator-link -->
                      </span>
                      <br/>
                      <span>
                        <img src="passed.png" width="3%"/>
                        <a href="#" panel-name="suite-Default_suite" title="internet_herokuapp_tests.AutomationScripts" class="method navigator-link" hash-for-method="launchKeyPressesTC30">launchKeyPressesTC30</a> <!-- method navigator-link -->
                      </span>
                      <br/>
                      <span>
                        <img src="passed.png" width="3%"/>
                        <a href="#" panel-name="suite-Default_suite" title="internet_herokuapp_tests.AutomationScripts" class="method navigator-link" hash-for-method="launchLargeAndDeepDOMTC31">launchLargeAndDeepDOMTC31</a> <!-- method navigator-link -->
                      </span>
                      <br/>
                      <span>
                        <img src="passed.png" width="3%"/>
                        <a href="#" panel-name="suite-Default_suite" title="internet_herokuapp_tests.AutomationScripts" class="method navigator-link" hash-for-method="launchMultipleWindowsTC32">launchMultipleWindowsTC32</a> <!-- method navigator-link -->
                      </span>
                      <br/>
                      <span>
                        <img src="passed.png" width="3%"/>
                        <a href="#" panel-name="suite-Default_suite" title="internet_herokuapp_tests.AutomationScripts" class="method navigator-link" hash-for-method="launchNestedFramesTC33">launchNestedFramesTC33</a> <!-- method navigator-link -->
                      </span>
                      <br/>
                      <span>
                        <img src="passed.png" width="3%"/>
                        <a href="#" panel-name="suite-Default_suite" title="internet_herokuapp_tests.AutomationScripts" class="method navigator-link" hash-for-method="launchNotificationMessagesTC34">launchNotificationMessagesTC34</a> <!-- method navigator-link -->
                      </span>
                      <br/>
                      <span>
                        <img src="passed.png" width="3%"/>
                        <a href="#" panel-name="suite-Default_suite" title="internet_herokuapp_tests.AutomationScripts" class="method navigator-link" hash-for-method="launchRedirectLinkTC35">launchRedirectLinkTC35</a> <!-- method navigator-link -->
                      </span>
                      <br/>
                      <span>
                        <img src="passed.png" width="3%"/>
                        <a href="#" panel-name="suite-Default_suite" title="internet_herokuapp_tests.AutomationScripts" class="method navigator-link" hash-for-method="launchShadowDOMTC37">launchShadowDOMTC37</a> <!-- method navigator-link -->
                      </span>
                      <br/>
                      <span>
                        <img src="passed.png" width="3%"/>
                        <a href="#" panel-name="suite-Default_suite" title="internet_herokuapp_tests.AutomationScripts" class="method navigator-link" hash-for-method="launchSlowResourcesTC39">launchSlowResourcesTC39</a> <!-- method navigator-link -->
                      </span>
                      <br/>
                      <span>
                        <img src="passed.png" width="3%"/>
                        <a href="#" panel-name="suite-Default_suite" title="internet_herokuapp_tests.AutomationScripts" class="method navigator-link" hash-for-method="launchSortedDataTablesTC40">launchSortedDataTablesTC40</a> <!-- method navigator-link -->
                      </span>
                      <br/>
                      <span>
                        <img src="passed.png" width="3%"/>
                        <a href="#" panel-name="suite-Default_suite" title="internet_herokuapp_tests.AutomationScripts" class="method navigator-link" hash-for-method="launchStatusCodesTC41">launchStatusCodesTC41</a> <!-- method navigator-link -->
                      </span>
                      <br/>
                      <span>
                        <img src="passed.png" width="3%"/>
                        <a href="#" panel-name="suite-Default_suite" title="internet_herokuapp_tests.AutomationScripts" class="method navigator-link" hash-for-method="launchTyposTC42">launchTyposTC42</a> <!-- method navigator-link -->
                      </span>
                      <br/>
                      <span>
                        <img src="passed.png" width="3%"/>
                        <a href="#" panel-name="suite-Default_suite" title="internet_herokuapp_tests.AutomationScripts" class="method navigator-link" hash-for-method="launchWYSIWYGEditorTC43">launchWYSIWYGEditorTC43</a> <!-- method navigator-link -->
                      </span>
                      <br/>
                    </div> <!-- method-list-content passed suite-Default_suite -->
                  </li>
                </ul>
              </div> <!-- suite-section-content -->
            </div> <!-- result-section -->
          </div> <!-- navigator-suite-content -->
        </div> <!-- rounded-window -->
      </div> <!-- suite -->
    </div> <!-- navigator-root -->
    <div class="wrapper">
      <div class="main-panel-root">
        <div panel-name="suite-Default_suite" class="panel Default_suite">
          <div class="suite-Default_suite-class-failed">
            <div class="main-panel-header rounded-window-top">
              <img src="failed.png"/>
              <span class="class-name">internet_herokuapp_tests.AutomationScripts</span>
            </div> <!-- main-panel-header rounded-window-top -->
            <div class="main-panel-content rounded-window-bottom">
              <div class="method">
                <div class="method-content">
                  <a name="launchBasicAuthTC4">
                  </a> <!-- launchBasicAuthTC4 -->
                  <span class="method-name">launchBasicAuthTC4</span>
                  <div class="stack-trace">org.openqa.selenium.UnhandledAlertException: Dismissed user prompt dialog: This site is asking you to sign in.: 
Build info: version: &apos;3.141.59&apos;, revision: &apos;e82be7d358&apos;, time: &apos;2018-11-14T08:17:03&apos;
System info: host: &apos;LAPTOP-CB1MRQEM&apos;, ip: &apos;192.168.1.70&apos;, os.name: &apos;Windows 10&apos;, os.arch: &apos;amd64&apos;, os.version: &apos;10.0&apos;, java.version: &apos;18&apos;
Driver info: org.openqa.selenium.firefox.FirefoxDriver
Capabilities {acceptInsecureCerts: true, browserName: firefox, browserVersion: 100.0.2, javascriptEnabled: true, moz:accessibilityChecks: false, moz:buildID: 20220519220738, moz:geckodriverVersion: 0.31.0, moz:headless: false, moz:processID: 14440, moz:profile: C:\Users\harti\AppData\Loca..., moz:shutdownTimeout: 60000, moz:useNonSpecCompliantPointerOrigin: false, moz:webdriverClick: true, pageLoadStrategy: normal, platform: WINDOWS, platformName: WINDOWS, platformVersion: 10.0, proxy: Proxy(), setWindowRect: true, strictFileInteractability: false, timeouts: {implicit: 0, pageLoad: 300000, script: 30000}, unhandledPromptBehavior: dismiss and notify}
Session ID: 97a212f2-30ec-484b-97f2-4f8956bdf203
	at org.openqa.selenium.remote.http.W3CHttpResponseCodec.decode(W3CHttpResponseCodec.java:120)
	at org.openqa.selenium.remote.http.W3CHttpResponseCodec.decode(W3CHttpResponseCodec.java:49)
	at org.openqa.selenium.remote.HttpCommandExecutor.execute(HttpCommandExecutor.java:158)
	at org.openqa.selenium.remote.service.DriverCommandExecutor.execute(DriverCommandExecutor.java:83)
	at org.openqa.selenium.remote.RemoteWebDriver.execute(RemoteWebDriver.java:552)
	at org.openqa.selenium.remote.RemoteWebDriver.execute(RemoteWebDriver.java:609)
	at org.openqa.selenium.remote.RemoteWebDriver.getScreenshotAs(RemoteWebDriver.java:295)
	at internet_herokuapp_base.Base_Tests.captureScreenshot(Base_Tests.java:146)
	at internet_herokuapp_tests.AutomationScripts.launchBasicAuthTC4(AutomationScripts.java:47)
	at java.base/jdk.internal.reflect.DirectMethodHandleAccessor.invoke(DirectMethodHandleAccessor.java:104)
	at java.base/java.lang.reflect.Method.invoke(Method.java:577)
	at org.testng.internal.invokers.MethodInvocationHelper.invokeMethod(MethodInvocationHelper.java:135)
	at org.testng.internal.invokers.TestInvoker.invokeMethod(TestInvoker.java:673)
	at org.testng.internal.invokers.TestInvoker.invokeTestMethod(TestInvoker.java:220)
	at org.testng.internal.invokers.MethodRunner.runInSequence(MethodRunner.java:50)
	at org.testng.internal.invokers.TestInvoker$MethodInvocationAgent.invoke(TestInvoker.java:945)
	at org.testng.internal.invokers.TestInvoker.invokeTestMethods(TestInvoker.java:193)
	at org.testng.internal.invokers.TestMethodWorker.invokeTestMethods(TestMethodWorker.java:146)
	at org.testng.internal.invokers.TestMethodWorker.run(TestMethodWorker.java:128)
	at java.base/java.util.ArrayList.forEach(ArrayList.java:1511)
	at org.testng.TestRunner.privateRun(TestRunner.java:808)
	at org.testng.TestRunner.run(TestRunner.java:603)
	at org.testng.SuiteRunner.runTest(SuiteRunner.java:429)
	at org.testng.SuiteRunner.runSequentially(SuiteRunner.java:423)
	at org.testng.SuiteRunner.privateRun(SuiteRunner.java:383)
	at org.testng.SuiteRunner.run(SuiteRunner.java:326)
	at org.testng.SuiteRunnerWorker.runSuite(SuiteRunnerWorker.java:52)
	at org.testng.SuiteRunnerWorker.run(SuiteRunnerWorker.java:95)
	at org.testng.TestNG.runSuitesSequentially(TestNG.java:1249)
	at org.testng.TestNG.runSuitesLocally(TestNG.java:1169)
	at org.testng.TestNG.runSuites(TestNG.java:1092)
	at org.testng.TestNG.run(TestNG.java:1060)
	at org.testng.remote.AbstractRemoteTestNG.run(AbstractRemoteTestNG.java:115)
	at org.testng.remote.RemoteTestNG.initAndRun(RemoteTestNG.java:251)
	at org.testng.remote.RemoteTestNG.main(RemoteTestNG.java:77)

</div> <!-- stack-trace -->
                </div> <!-- method-content -->
              </div> <!-- method -->
              <div class="method">
                <div class="method-content">
                  <a name="launchContextMenuTC8">
                  </a> <!-- launchContextMenuTC8 -->
                  <span class="method-name">launchContextMenuTC8</span>
                  <div class="stack-trace">org.openqa.selenium.NoAlertPresentException: 
Build info: version: &apos;3.141.59&apos;, revision: &apos;e82be7d358&apos;, time: &apos;2018-11-14T08:17:03&apos;
System info: host: &apos;LAPTOP-CB1MRQEM&apos;, ip: &apos;192.168.1.70&apos;, os.name: &apos;Windows 10&apos;, os.arch: &apos;amd64&apos;, os.version: &apos;10.0&apos;, java.version: &apos;18&apos;
Driver info: org.openqa.selenium.firefox.FirefoxDriver
Capabilities {acceptInsecureCerts: true, browserName: firefox, browserVersion: 100.0.2, javascriptEnabled: true, moz:accessibilityChecks: false, moz:buildID: 20220519220738, moz:geckodriverVersion: 0.31.0, moz:headless: false, moz:processID: 17348, moz:profile: C:\Users\harti\AppData\Loca..., moz:shutdownTimeout: 60000, moz:useNonSpecCompliantPointerOrigin: false, moz:webdriverClick: true, pageLoadStrategy: normal, platform: WINDOWS, platformName: WINDOWS, platformVersion: 10.0, proxy: Proxy(), setWindowRect: true, strictFileInteractability: false, timeouts: {implicit: 0, pageLoad: 300000, script: 30000}, unhandledPromptBehavior: dismiss and notify}
Session ID: 855cb47a-7b39-4e65-a759-76f2f5568345
	at java.base/jdk.internal.reflect.DirectConstructorHandleAccessor.newInstance(DirectConstructorHandleAccessor.java:67)
	at java.base/java.lang.reflect.Constructor.newInstanceWithCaller(Constructor.java:499)
	at java.base/java.lang.reflect.Constructor.newInstance(Constructor.java:483)
	at org.openqa.selenium.remote.http.W3CHttpResponseCodec.createException(W3CHttpResponseCodec.java:187)
	at org.openqa.selenium.remote.http.W3CHttpResponseCodec.decode(W3CHttpResponseCodec.java:122)
	at org.openqa.selenium.remote.http.W3CHttpResponseCodec.decode(W3CHttpResponseCodec.java:49)
	at org.openqa.selenium.remote.HttpCommandExecutor.execute(HttpCommandExecutor.java:158)
	at org.openqa.selenium.remote.service.DriverCommandExecutor.execute(DriverCommandExecutor.java:83)
	at org.openqa.selenium.remote.RemoteWebDriver.execute(RemoteWebDriver.java:552)
	at org.openqa.selenium.remote.RemoteWebDriver.execute(RemoteWebDriver.java:609)
	at org.openqa.selenium.remote.RemoteWebDriver$RemoteTargetLocator.alert(RemoteWebDriver.java:932)
	at internet_herokuapp_tests.AutomationScripts.launchContextMenuTC8(AutomationScripts.java:93)
	at java.base/jdk.internal.reflect.DirectMethodHandleAccessor.invoke(DirectMethodHandleAccessor.java:104)
	at java.base/java.lang.reflect.Method.invoke(Method.java:577)
	at org.testng.internal.invokers.MethodInvocationHelper.invokeMethod(MethodInvocationHelper.java:135)
	at org.testng.internal.invokers.TestInvoker.invokeMethod(TestInvoker.java:673)
	at org.testng.internal.invokers.TestInvoker.invokeTestMethod(TestInvoker.java:220)
	at org.testng.internal.invokers.MethodRunner.runInSequence(MethodRunner.java:50)
	at org.testng.internal.invokers.TestInvoker$MethodInvocationAgent.invoke(TestInvoker.java:945)
	at org.testng.internal.invokers.TestInvoker.invokeTestMethods(TestInvoker.java:193)
	at org.testng.internal.invokers.TestMethodWorker.invokeTestMethods(TestMethodWorker.java:146)
	at org.testng.internal.invokers.TestMethodWorker.run(TestMethodWorker.java:128)
	at java.base/java.util.ArrayList.forEach(ArrayList.java:1511)
	at org.testng.TestRunner.privateRun(TestRunner.java:808)
	at org.testng.TestRunner.run(TestRunner.java:603)
	at org.testng.SuiteRunner.runTest(SuiteRunner.java:429)
	at org.testng.SuiteRunner.runSequentially(SuiteRunner.java:423)
	at org.testng.SuiteRunner.privateRun(SuiteRunner.java:383)
	at org.testng.SuiteRunner.run(SuiteRunner.java:326)
	at org.testng.SuiteRunnerWorker.runSuite(SuiteRunnerWorker.java:52)
	at org.testng.SuiteRunnerWorker.run(SuiteRunnerWorker.java:95)
	at org.testng.TestNG.runSuitesSequentially(TestNG.java:1249)
	at org.testng.TestNG.runSuitesLocally(TestNG.java:1169)
	at org.testng.TestNG.runSuites(TestNG.java:1092)
	at org.testng.TestNG.run(TestNG.java:1060)
	at org.testng.remote.AbstractRemoteTestNG.run(AbstractRemoteTestNG.java:115)
	at org.testng.remote.RemoteTestNG.initAndRun(RemoteTestNG.java:251)
	at org.testng.remote.RemoteTestNG.main(RemoteTestNG.java:77)

</div> <!-- stack-trace -->
                </div> <!-- method-content -->
              </div> <!-- method -->
              <div class="method">
                <div class="method-content">
                  <a name="launchEntryAdTC14">
                  </a> <!-- launchEntryAdTC14 -->
                  <span class="method-name">launchEntryAdTC14</span>
                  <div class="stack-trace">org.openqa.selenium.NoAlertPresentException: 
Build info: version: &apos;3.141.59&apos;, revision: &apos;e82be7d358&apos;, time: &apos;2018-11-14T08:17:03&apos;
System info: host: &apos;LAPTOP-CB1MRQEM&apos;, ip: &apos;192.168.1.70&apos;, os.name: &apos;Windows 10&apos;, os.arch: &apos;amd64&apos;, os.version: &apos;10.0&apos;, java.version: &apos;18&apos;
Driver info: org.openqa.selenium.firefox.FirefoxDriver
Capabilities {acceptInsecureCerts: true, browserName: firefox, browserVersion: 100.0.2, javascriptEnabled: true, moz:accessibilityChecks: false, moz:buildID: 20220519220738, moz:geckodriverVersion: 0.31.0, moz:headless: false, moz:processID: 14728, moz:profile: C:\Users\harti\AppData\Loca..., moz:shutdownTimeout: 60000, moz:useNonSpecCompliantPointerOrigin: false, moz:webdriverClick: true, pageLoadStrategy: normal, platform: WINDOWS, platformName: WINDOWS, platformVersion: 10.0, proxy: Proxy(), setWindowRect: true, strictFileInteractability: false, timeouts: {implicit: 0, pageLoad: 300000, script: 30000}, unhandledPromptBehavior: dismiss and notify}
Session ID: d2a273d0-dafa-47ec-a67c-604c260e3519
	at java.base/jdk.internal.reflect.DirectConstructorHandleAccessor.newInstance(DirectConstructorHandleAccessor.java:67)
	at java.base/java.lang.reflect.Constructor.newInstanceWithCaller(Constructor.java:499)
	at java.base/java.lang.reflect.Constructor.newInstance(Constructor.java:483)
	at org.openqa.selenium.remote.http.W3CHttpResponseCodec.createException(W3CHttpResponseCodec.java:187)
	at org.openqa.selenium.remote.http.W3CHttpResponseCodec.decode(W3CHttpResponseCodec.java:122)
	at org.openqa.selenium.remote.http.W3CHttpResponseCodec.decode(W3CHttpResponseCodec.java:49)
	at org.openqa.selenium.remote.HttpCommandExecutor.execute(HttpCommandExecutor.java:158)
	at org.openqa.selenium.remote.service.DriverCommandExecutor.execute(DriverCommandExecutor.java:83)
	at org.openqa.selenium.remote.RemoteWebDriver.execute(RemoteWebDriver.java:552)
	at org.openqa.selenium.remote.RemoteWebDriver.execute(RemoteWebDriver.java:609)
	at org.openqa.selenium.remote.RemoteWebDriver$RemoteTargetLocator.alert(RemoteWebDriver.java:932)
	at internet_herokuapp_tests.AutomationScripts.launchEntryAdTC14(AutomationScripts.java:161)
	at java.base/jdk.internal.reflect.DirectMethodHandleAccessor.invoke(DirectMethodHandleAccessor.java:104)
	at java.base/java.lang.reflect.Method.invoke(Method.java:577)
	at org.testng.internal.invokers.MethodInvocationHelper.invokeMethod(MethodInvocationHelper.java:135)
	at org.testng.internal.invokers.TestInvoker.invokeMethod(TestInvoker.java:673)
	at org.testng.internal.invokers.TestInvoker.invokeTestMethod(TestInvoker.java:220)
	at org.testng.internal.invokers.MethodRunner.runInSequence(MethodRunner.java:50)
	at org.testng.internal.invokers.TestInvoker$MethodInvocationAgent.invoke(TestInvoker.java:945)
	at org.testng.internal.invokers.TestInvoker.invokeTestMethods(TestInvoker.java:193)
	at org.testng.internal.invokers.TestMethodWorker.invokeTestMethods(TestMethodWorker.java:146)
	at org.testng.internal.invokers.TestMethodWorker.run(TestMethodWorker.java:128)
	at java.base/java.util.ArrayList.forEach(ArrayList.java:1511)
	at org.testng.TestRunner.privateRun(TestRunner.java:808)
	at org.testng.TestRunner.run(TestRunner.java:603)
	at org.testng.SuiteRunner.runTest(SuiteRunner.java:429)
	at org.testng.SuiteRunner.runSequentially(SuiteRunner.java:423)
	at org.testng.SuiteRunner.privateRun(SuiteRunner.java:383)
	at org.testng.SuiteRunner.run(SuiteRunner.java:326)
	at org.testng.SuiteRunnerWorker.runSuite(SuiteRunnerWorker.java:52)
	at org.testng.SuiteRunnerWorker.run(SuiteRunnerWorker.java:95)
	at org.testng.TestNG.runSuitesSequentially(TestNG.java:1249)
	at org.testng.TestNG.runSuitesLocally(TestNG.java:1169)
	at org.testng.TestNG.runSuites(TestNG.java:1092)
	at org.testng.TestNG.run(TestNG.java:1060)
	at org.testng.remote.AbstractRemoteTestNG.run(AbstractRemoteTestNG.java:115)
	at org.testng.remote.RemoteTestNG.initAndRun(RemoteTestNG.java:251)
	at org.testng.remote.RemoteTestNG.main(RemoteTestNG.java:77)

</div> <!-- stack-trace -->
                </div> <!-- method-content -->
              </div> <!-- method -->
              <div class="method">
                <div class="method-content">
                  <a name="launchExitIntentTC15">
                  </a> <!-- launchExitIntentTC15 -->
                  <span class="method-name">launchExitIntentTC15</span>
                  <div class="stack-trace">org.openqa.selenium.ElementNotInteractableException: Element &lt;p&gt; could not be scrolled into view
Build info: version: &apos;3.141.59&apos;, revision: &apos;e82be7d358&apos;, time: &apos;2018-11-14T08:17:03&apos;
System info: host: &apos;LAPTOP-CB1MRQEM&apos;, ip: &apos;192.168.1.70&apos;, os.name: &apos;Windows 10&apos;, os.arch: &apos;amd64&apos;, os.version: &apos;10.0&apos;, java.version: &apos;18&apos;
Driver info: org.openqa.selenium.firefox.FirefoxDriver
Capabilities {acceptInsecureCerts: true, browserName: firefox, browserVersion: 100.0.2, javascriptEnabled: true, moz:accessibilityChecks: false, moz:buildID: 20220519220738, moz:geckodriverVersion: 0.31.0, moz:headless: false, moz:processID: 13956, moz:profile: C:\Users\harti\AppData\Loca..., moz:shutdownTimeout: 60000, moz:useNonSpecCompliantPointerOrigin: false, moz:webdriverClick: true, pageLoadStrategy: normal, platform: WINDOWS, platformName: WINDOWS, platformVersion: 10.0, proxy: Proxy(), setWindowRect: true, strictFileInteractability: false, timeouts: {implicit: 0, pageLoad: 300000, script: 30000}, unhandledPromptBehavior: dismiss and notify}
Session ID: 43486024-c7cc-4e61-ae70-6d85852e2cd4
	at java.base/jdk.internal.reflect.DirectConstructorHandleAccessor.newInstance(DirectConstructorHandleAccessor.java:67)
	at java.base/java.lang.reflect.Constructor.newInstanceWithCaller(Constructor.java:499)
	at java.base/java.lang.reflect.Constructor.newInstance(Constructor.java:483)
	at org.openqa.selenium.remote.http.W3CHttpResponseCodec.createException(W3CHttpResponseCodec.java:187)
	at org.openqa.selenium.remote.http.W3CHttpResponseCodec.decode(W3CHttpResponseCodec.java:122)
	at org.openqa.selenium.remote.http.W3CHttpResponseCodec.decode(W3CHttpResponseCodec.java:49)
	at org.openqa.selenium.remote.HttpCommandExecutor.execute(HttpCommandExecutor.java:158)
	at org.openqa.selenium.remote.service.DriverCommandExecutor.execute(DriverCommandExecutor.java:83)
	at org.openqa.selenium.remote.RemoteWebDriver.execute(RemoteWebDriver.java:552)
	at org.openqa.selenium.remote.RemoteWebElement.execute(RemoteWebElement.java:285)
	at org.openqa.selenium.remote.RemoteWebElement.click(RemoteWebElement.java:84)
	at internet_herokuapp_tests.AutomationScripts.launchExitIntentTC15(AutomationScripts.java:173)
	at java.base/jdk.internal.reflect.DirectMethodHandleAccessor.invoke(DirectMethodHandleAccessor.java:104)
	at java.base/java.lang.reflect.Method.invoke(Method.java:577)
	at org.testng.internal.invokers.MethodInvocationHelper.invokeMethod(MethodInvocationHelper.java:135)
	at org.testng.internal.invokers.TestInvoker.invokeMethod(TestInvoker.java:673)
	at org.testng.internal.invokers.TestInvoker.invokeTestMethod(TestInvoker.java:220)
	at org.testng.internal.invokers.MethodRunner.runInSequence(MethodRunner.java:50)
	at org.testng.internal.invokers.TestInvoker$MethodInvocationAgent.invoke(TestInvoker.java:945)
	at org.testng.internal.invokers.TestInvoker.invokeTestMethods(TestInvoker.java:193)
	at org.testng.internal.invokers.TestMethodWorker.invokeTestMethods(TestMethodWorker.java:146)
	at org.testng.internal.invokers.TestMethodWorker.run(TestMethodWorker.java:128)
	at java.base/java.util.ArrayList.forEach(ArrayList.java:1511)
	at org.testng.TestRunner.privateRun(TestRunner.java:808)
	at org.testng.TestRunner.run(TestRunner.java:603)
	at org.testng.SuiteRunner.runTest(SuiteRunner.java:429)
	at org.testng.SuiteRunner.runSequentially(SuiteRunner.java:423)
	at org.testng.SuiteRunner.privateRun(SuiteRunner.java:383)
	at org.testng.SuiteRunner.run(SuiteRunner.java:326)
	at org.testng.SuiteRunnerWorker.runSuite(SuiteRunnerWorker.java:52)
	at org.testng.SuiteRunnerWorker.run(SuiteRunnerWorker.java:95)
	at org.testng.TestNG.runSuitesSequentially(TestNG.java:1249)
	at org.testng.TestNG.runSuitesLocally(TestNG.java:1169)
	at org.testng.TestNG.runSuites(TestNG.java:1092)
	at org.testng.TestNG.run(TestNG.java:1060)
	at org.testng.remote.AbstractRemoteTestNG.run(AbstractRemoteTestNG.java:115)
	at org.testng.remote.RemoteTestNG.initAndRun(RemoteTestNG.java:251)
	at org.testng.remote.RemoteTestNG.main(RemoteTestNG.java:77)

</div> <!-- stack-trace -->
                </div> <!-- method-content -->
              </div> <!-- method -->
              <div class="method">
                <div class="method-content">
                  <a name="launchFileDownloadTC16">
                  </a> <!-- launchFileDownloadTC16 -->
                  <span class="method-name">launchFileDownloadTC16</span>
                  <div class="stack-trace">org.openqa.selenium.NoSuchElementException: Unable to locate element: //a[@href=&apos;download/some-file (1).txt&apos;]
For documentation on this error, please visit: https://www.seleniumhq.org/exceptions/no_such_element.html
Build info: version: &apos;3.141.59&apos;, revision: &apos;e82be7d358&apos;, time: &apos;2018-11-14T08:17:03&apos;
System info: host: &apos;LAPTOP-CB1MRQEM&apos;, ip: &apos;192.168.1.70&apos;, os.name: &apos;Windows 10&apos;, os.arch: &apos;amd64&apos;, os.version: &apos;10.0&apos;, java.version: &apos;18&apos;
Driver info: org.openqa.selenium.firefox.FirefoxDriver
Capabilities {acceptInsecureCerts: true, browserName: firefox, browserVersion: 100.0.2, javascriptEnabled: true, moz:accessibilityChecks: false, moz:buildID: 20220519220738, moz:geckodriverVersion: 0.31.0, moz:headless: false, moz:processID: 13152, moz:profile: C:\Users\harti\AppData\Loca..., moz:shutdownTimeout: 60000, moz:useNonSpecCompliantPointerOrigin: false, moz:webdriverClick: true, pageLoadStrategy: normal, platform: WINDOWS, platformName: WINDOWS, platformVersion: 10.0, proxy: Proxy(), setWindowRect: true, strictFileInteractability: false, timeouts: {implicit: 0, pageLoad: 300000, script: 30000}, unhandledPromptBehavior: dismiss and notify}
Session ID: eee9feec-017a-4920-8297-7cec40ea5812
*** Element info: {Using=xpath, value=//a[@href=&apos;download/some-file (1).txt&apos;]}
	at java.base/jdk.internal.reflect.DirectConstructorHandleAccessor.newInstance(DirectConstructorHandleAccessor.java:67)
	at java.base/java.lang.reflect.Constructor.newInstanceWithCaller(Constructor.java:499)
	at java.base/java.lang.reflect.Constructor.newInstance(Constructor.java:483)
	at org.openqa.selenium.remote.http.W3CHttpResponseCodec.createException(W3CHttpResponseCodec.java:187)
	at org.openqa.selenium.remote.http.W3CHttpResponseCodec.decode(W3CHttpResponseCodec.java:122)
	at org.openqa.selenium.remote.http.W3CHttpResponseCodec.decode(W3CHttpResponseCodec.java:49)
	at org.openqa.selenium.remote.HttpCommandExecutor.execute(HttpCommandExecutor.java:158)
	at org.openqa.selenium.remote.service.DriverCommandExecutor.execute(DriverCommandExecutor.java:83)
	at org.openqa.selenium.remote.RemoteWebDriver.execute(RemoteWebDriver.java:552)
	at org.openqa.selenium.remote.RemoteWebDriver.findElement(RemoteWebDriver.java:323)
	at org.openqa.selenium.remote.RemoteWebDriver.findElementByXPath(RemoteWebDriver.java:428)
	at org.openqa.selenium.By$ByXPath.findElement(By.java:353)
	at org.openqa.selenium.remote.RemoteWebDriver.findElement(RemoteWebDriver.java:315)
	at internet_herokuapp_tests.AutomationScripts.launchFileDownloadTC16(AutomationScripts.java:185)
	at java.base/jdk.internal.reflect.DirectMethodHandleAccessor.invoke(DirectMethodHandleAccessor.java:104)
	at java.base/java.lang.reflect.Method.invoke(Method.java:577)
	at org.testng.internal.invokers.MethodInvocationHelper.invokeMethod(MethodInvocationHelper.java:135)
	at org.testng.internal.invokers.TestInvoker.invokeMethod(TestInvoker.java:673)
	at org.testng.internal.invokers.TestInvoker.invokeTestMethod(TestInvoker.java:220)
	at org.testng.internal.invokers.MethodRunner.runInSequence(MethodRunner.java:50)
	at org.testng.internal.invokers.TestInvoker$MethodInvocationAgent.invoke(TestInvoker.java:945)
	at org.testng.internal.invokers.TestInvoker.invokeTestMethods(TestInvoker.java:193)
	at org.testng.internal.invokers.TestMethodWorker.invokeTestMethods(TestMethodWorker.java:146)
	at org.testng.internal.invokers.TestMethodWorker.run(TestMethodWorker.java:128)
	at java.base/java.util.ArrayList.forEach(ArrayList.java:1511)
	at org.testng.TestRunner.privateRun(TestRunner.java:808)
	at org.testng.TestRunner.run(TestRunner.java:603)
	at org.testng.SuiteRunner.runTest(SuiteRunner.java:429)
	at org.testng.SuiteRunner.runSequentially(SuiteRunner.java:423)
	at org.testng.SuiteRunner.privateRun(SuiteRunner.java:383)
	at org.testng.SuiteRunner.run(SuiteRunner.java:326)
	at org.testng.SuiteRunnerWorker.runSuite(SuiteRunnerWorker.java:52)
	at org.testng.SuiteRunnerWorker.run(SuiteRunnerWorker.java:95)
	at org.testng.TestNG.runSuitesSequentially(TestNG.java:1249)
	at org.testng.TestNG.runSuitesLocally(TestNG.java:1169)
	at org.testng.TestNG.runSuites(TestNG.java:1092)
	at org.testng.TestNG.run(TestNG.java:1060)
	at org.testng.remote.AbstractRemoteTestNG.run(AbstractRemoteTestNG.java:115)
	at org.testng.remote.RemoteTestNG.initAndRun(RemoteTestNG.java:251)
	at org.testng.remote.RemoteTestNG.main(RemoteTestNG.java:77)

</div> <!-- stack-trace -->
                </div> <!-- method-content -->
              </div> <!-- method -->
              <div class="method">
                <div class="method-content">
                  <a name="launchFileUploadTC17">
                  </a> <!-- launchFileUploadTC17 -->
                  <span class="method-name">launchFileUploadTC17</span>
                  <div class="stack-trace">org.openqa.selenium.InvalidArgumentException: File not found: C:HarithaSimpliLearnSeleniumProjectsError.jpg
Build info: version: &apos;3.141.59&apos;, revision: &apos;e82be7d358&apos;, time: &apos;2018-11-14T08:17:03&apos;
System info: host: &apos;LAPTOP-CB1MRQEM&apos;, ip: &apos;192.168.1.70&apos;, os.name: &apos;Windows 10&apos;, os.arch: &apos;amd64&apos;, os.version: &apos;10.0&apos;, java.version: &apos;18&apos;
Driver info: org.openqa.selenium.firefox.FirefoxDriver
Capabilities {acceptInsecureCerts: true, browserName: firefox, browserVersion: 100.0.2, javascriptEnabled: true, moz:accessibilityChecks: false, moz:buildID: 20220519220738, moz:geckodriverVersion: 0.31.0, moz:headless: false, moz:processID: 5284, moz:profile: C:\Users\harti\AppData\Loca..., moz:shutdownTimeout: 60000, moz:useNonSpecCompliantPointerOrigin: false, moz:webdriverClick: true, pageLoadStrategy: normal, platform: WINDOWS, platformName: WINDOWS, platformVersion: 10.0, proxy: Proxy(), setWindowRect: true, strictFileInteractability: false, timeouts: {implicit: 0, pageLoad: 300000, script: 30000}, unhandledPromptBehavior: dismiss and notify}
Session ID: 4dc5c02c-05cc-4b21-a8c3-dd909d365267
	at java.base/jdk.internal.reflect.DirectConstructorHandleAccessor.newInstance(DirectConstructorHandleAccessor.java:67)
	at java.base/java.lang.reflect.Constructor.newInstanceWithCaller(Constructor.java:499)
	at java.base/java.lang.reflect.Constructor.newInstance(Constructor.java:483)
	at org.openqa.selenium.remote.http.W3CHttpResponseCodec.createException(W3CHttpResponseCodec.java:187)
	at org.openqa.selenium.remote.http.W3CHttpResponseCodec.decode(W3CHttpResponseCodec.java:122)
	at org.openqa.selenium.remote.http.W3CHttpResponseCodec.decode(W3CHttpResponseCodec.java:49)
	at org.openqa.selenium.remote.HttpCommandExecutor.execute(HttpCommandExecutor.java:158)
	at org.openqa.selenium.remote.service.DriverCommandExecutor.execute(DriverCommandExecutor.java:83)
	at org.openqa.selenium.remote.RemoteWebDriver.execute(RemoteWebDriver.java:552)
	at org.openqa.selenium.remote.RemoteWebElement.execute(RemoteWebElement.java:285)
	at org.openqa.selenium.remote.RemoteWebElement.sendKeys(RemoteWebElement.java:106)
	at internet_herokuapp_tests.AutomationScripts.launchFileUploadTC17(AutomationScripts.java:194)
	at java.base/jdk.internal.reflect.DirectMethodHandleAccessor.invoke(DirectMethodHandleAccessor.java:104)
	at java.base/java.lang.reflect.Method.invoke(Method.java:577)
	at org.testng.internal.invokers.MethodInvocationHelper.invokeMethod(MethodInvocationHelper.java:135)
	at org.testng.internal.invokers.TestInvoker.invokeMethod(TestInvoker.java:673)
	at org.testng.internal.invokers.TestInvoker.invokeTestMethod(TestInvoker.java:220)
	at org.testng.internal.invokers.MethodRunner.runInSequence(MethodRunner.java:50)
	at org.testng.internal.invokers.TestInvoker$MethodInvocationAgent.invoke(TestInvoker.java:945)
	at org.testng.internal.invokers.TestInvoker.invokeTestMethods(TestInvoker.java:193)
	at org.testng.internal.invokers.TestMethodWorker.invokeTestMethods(TestMethodWorker.java:146)
	at org.testng.internal.invokers.TestMethodWorker.run(TestMethodWorker.java:128)
	at java.base/java.util.ArrayList.forEach(ArrayList.java:1511)
	at org.testng.TestRunner.privateRun(TestRunner.java:808)
	at org.testng.TestRunner.run(TestRunner.java:603)
	at org.testng.SuiteRunner.runTest(SuiteRunner.java:429)
	at org.testng.SuiteRunner.runSequentially(SuiteRunner.java:423)
	at org.testng.SuiteRunner.privateRun(SuiteRunner.java:383)
	at org.testng.SuiteRunner.run(SuiteRunner.java:326)
	at org.testng.SuiteRunnerWorker.runSuite(SuiteRunnerWorker.java:52)
	at org.testng.SuiteRunnerWorker.run(SuiteRunnerWorker.java:95)
	at org.testng.TestNG.runSuitesSequentially(TestNG.java:1249)
	at org.testng.TestNG.runSuitesLocally(TestNG.java:1169)
	at org.testng.TestNG.runSuites(TestNG.java:1092)
	at org.testng.TestNG.run(TestNG.java:1060)
	at org.testng.remote.AbstractRemoteTestNG.run(AbstractRemoteTestNG.java:115)
	at org.testng.remote.RemoteTestNG.initAndRun(RemoteTestNG.java:251)
	at org.testng.remote.RemoteTestNG.main(RemoteTestNG.java:77)

</div> <!-- stack-trace -->
                </div> <!-- method-content -->
              </div> <!-- method -->
              <div class="method">
                <div class="method-content">
                  <a name="launchGeolocationTC22">
                  </a> <!-- launchGeolocationTC22 -->
                  <span class="method-name">launchGeolocationTC22</span>
                  <div class="stack-trace">org.openqa.selenium.NoSuchElementException: Unable to locate element: /html/body/div[2]/div/div/p/div[3]/a
For documentation on this error, please visit: https://www.seleniumhq.org/exceptions/no_such_element.html
Build info: version: &apos;3.141.59&apos;, revision: &apos;e82be7d358&apos;, time: &apos;2018-11-14T08:17:03&apos;
System info: host: &apos;LAPTOP-CB1MRQEM&apos;, ip: &apos;192.168.1.70&apos;, os.name: &apos;Windows 10&apos;, os.arch: &apos;amd64&apos;, os.version: &apos;10.0&apos;, java.version: &apos;18&apos;
Driver info: org.openqa.selenium.firefox.FirefoxDriver
Capabilities {acceptInsecureCerts: true, browserName: firefox, browserVersion: 100.0.2, javascriptEnabled: true, moz:accessibilityChecks: false, moz:buildID: 20220519220738, moz:geckodriverVersion: 0.31.0, moz:headless: false, moz:processID: 10572, moz:profile: C:\Users\harti\AppData\Loca..., moz:shutdownTimeout: 60000, moz:useNonSpecCompliantPointerOrigin: false, moz:webdriverClick: true, pageLoadStrategy: normal, platform: WINDOWS, platformName: WINDOWS, platformVersion: 10.0, proxy: Proxy(), setWindowRect: true, strictFileInteractability: false, timeouts: {implicit: 0, pageLoad: 300000, script: 30000}, unhandledPromptBehavior: dismiss and notify}
Session ID: d9992bfd-3145-430f-ad0d-34ac22c091cb
*** Element info: {Using=xpath, value=/html/body/div[2]/div/div/p/div[3]/a}
	at java.base/jdk.internal.reflect.DirectConstructorHandleAccessor.newInstance(DirectConstructorHandleAccessor.java:67)
	at java.base/java.lang.reflect.Constructor.newInstanceWithCaller(Constructor.java:499)
	at java.base/java.lang.reflect.Constructor.newInstance(Constructor.java:483)
	at org.openqa.selenium.remote.http.W3CHttpResponseCodec.createException(W3CHttpResponseCodec.java:187)
	at org.openqa.selenium.remote.http.W3CHttpResponseCodec.decode(W3CHttpResponseCodec.java:122)
	at org.openqa.selenium.remote.http.W3CHttpResponseCodec.decode(W3CHttpResponseCodec.java:49)
	at org.openqa.selenium.remote.HttpCommandExecutor.execute(HttpCommandExecutor.java:158)
	at org.openqa.selenium.remote.service.DriverCommandExecutor.execute(DriverCommandExecutor.java:83)
	at org.openqa.selenium.remote.RemoteWebDriver.execute(RemoteWebDriver.java:552)
	at org.openqa.selenium.remote.RemoteWebDriver.findElement(RemoteWebDriver.java:323)
	at org.openqa.selenium.remote.RemoteWebDriver.findElementByXPath(RemoteWebDriver.java:428)
	at org.openqa.selenium.By$ByXPath.findElement(By.java:353)
	at org.openqa.selenium.remote.RemoteWebDriver.findElement(RemoteWebDriver.java:315)
	at internet_herokuapp_tests.AutomationScripts.launchGeolocationTC22(AutomationScripts.java:254)
	at java.base/jdk.internal.reflect.DirectMethodHandleAccessor.invoke(DirectMethodHandleAccessor.java:104)
	at java.base/java.lang.reflect.Method.invoke(Method.java:577)
	at org.testng.internal.invokers.MethodInvocationHelper.invokeMethod(MethodInvocationHelper.java:135)
	at org.testng.internal.invokers.TestInvoker.invokeMethod(TestInvoker.java:673)
	at org.testng.internal.invokers.TestInvoker.invokeTestMethod(TestInvoker.java:220)
	at org.testng.internal.invokers.MethodRunner.runInSequence(MethodRunner.java:50)
	at org.testng.internal.invokers.TestInvoker$MethodInvocationAgent.invoke(TestInvoker.java:945)
	at org.testng.internal.invokers.TestInvoker.invokeTestMethods(TestInvoker.java:193)
	at org.testng.internal.invokers.TestMethodWorker.invokeTestMethods(TestMethodWorker.java:146)
	at org.testng.internal.invokers.TestMethodWorker.run(TestMethodWorker.java:128)
	at java.base/java.util.ArrayList.forEach(ArrayList.java:1511)
	at org.testng.TestRunner.privateRun(TestRunner.java:808)
	at org.testng.TestRunner.run(TestRunner.java:603)
	at org.testng.SuiteRunner.runTest(SuiteRunner.java:429)
	at org.testng.SuiteRunner.runSequentially(SuiteRunner.java:423)
	at org.testng.SuiteRunner.privateRun(SuiteRunner.java:383)
	at org.testng.SuiteRunner.run(SuiteRunner.java:326)
	at org.testng.SuiteRunnerWorker.runSuite(SuiteRunnerWorker.java:52)
	at org.testng.SuiteRunnerWorker.run(SuiteRunnerWorker.java:95)
	at org.testng.TestNG.runSuitesSequentially(TestNG.java:1249)
	at org.testng.TestNG.runSuitesLocally(TestNG.java:1169)
	at org.testng.TestNG.runSuites(TestNG.java:1092)
	at org.testng.TestNG.run(TestNG.java:1060)
	at org.testng.remote.AbstractRemoteTestNG.run(AbstractRemoteTestNG.java:115)
	at org.testng.remote.RemoteTestNG.initAndRun(RemoteTestNG.java:251)
	at org.testng.remote.RemoteTestNG.main(RemoteTestNG.java:77)

</div> <!-- stack-trace -->
                </div> <!-- method-content -->
              </div> <!-- method -->
              <div class="method">
                <div class="method-content">
                  <a name="launchJQueryUIMenusTC27">
                  </a> <!-- launchJQueryUIMenusTC27 -->
                  <span class="method-name">launchJQueryUIMenusTC27</span>
                  <div class="stack-trace">org.openqa.selenium.WebDriverException: TypeError: rect is undefined
Build info: version: &apos;3.141.59&apos;, revision: &apos;e82be7d358&apos;, time: &apos;2018-11-14T08:17:03&apos;
System info: host: &apos;LAPTOP-CB1MRQEM&apos;, ip: &apos;192.168.1.70&apos;, os.name: &apos;Windows 10&apos;, os.arch: &apos;amd64&apos;, os.version: &apos;10.0&apos;, java.version: &apos;18&apos;
Driver info: org.openqa.selenium.firefox.FirefoxDriver
Capabilities {acceptInsecureCerts: true, browserName: firefox, browserVersion: 100.0.2, javascriptEnabled: true, moz:accessibilityChecks: false, moz:buildID: 20220519220738, moz:geckodriverVersion: 0.31.0, moz:headless: false, moz:processID: 16864, moz:profile: C:\Users\harti\AppData\Loca..., moz:shutdownTimeout: 60000, moz:useNonSpecCompliantPointerOrigin: false, moz:webdriverClick: true, pageLoadStrategy: normal, platform: WINDOWS, platformName: WINDOWS, platformVersion: 10.0, proxy: Proxy(), setWindowRect: true, strictFileInteractability: false, timeouts: {implicit: 0, pageLoad: 300000, script: 30000}, unhandledPromptBehavior: dismiss and notify}
Session ID: 9639ef60-8800-4b8f-8329-8752d47b8fdd
	at java.base/jdk.internal.reflect.DirectConstructorHandleAccessor.newInstance(DirectConstructorHandleAccessor.java:67)
	at java.base/java.lang.reflect.Constructor.newInstanceWithCaller(Constructor.java:499)
	at java.base/java.lang.reflect.Constructor.newInstance(Constructor.java:483)
	at org.openqa.selenium.remote.http.W3CHttpResponseCodec.createException(W3CHttpResponseCodec.java:187)
	at org.openqa.selenium.remote.http.W3CHttpResponseCodec.decode(W3CHttpResponseCodec.java:122)
	at org.openqa.selenium.remote.http.W3CHttpResponseCodec.decode(W3CHttpResponseCodec.java:49)
	at org.openqa.selenium.remote.HttpCommandExecutor.execute(HttpCommandExecutor.java:158)
	at org.openqa.selenium.remote.service.DriverCommandExecutor.execute(DriverCommandExecutor.java:83)
	at org.openqa.selenium.remote.RemoteWebDriver.execute(RemoteWebDriver.java:552)
	at org.openqa.selenium.remote.RemoteWebDriver.perform(RemoteWebDriver.java:618)
	at org.openqa.selenium.interactions.Actions$BuiltAction.perform(Actions.java:639)
	at internet_herokuapp_tests.AutomationScripts.launchJQueryUIMenusTC27(AutomationScripts.java:313)
	at java.base/jdk.internal.reflect.DirectMethodHandleAccessor.invoke(DirectMethodHandleAccessor.java:104)
	at java.base/java.lang.reflect.Method.invoke(Method.java:577)
	at org.testng.internal.invokers.MethodInvocationHelper.invokeMethod(MethodInvocationHelper.java:135)
	at org.testng.internal.invokers.TestInvoker.invokeMethod(TestInvoker.java:673)
	at org.testng.internal.invokers.TestInvoker.invokeTestMethod(TestInvoker.java:220)
	at org.testng.internal.invokers.MethodRunner.runInSequence(MethodRunner.java:50)
	at org.testng.internal.invokers.TestInvoker$MethodInvocationAgent.invoke(TestInvoker.java:945)
	at org.testng.internal.invokers.TestInvoker.invokeTestMethods(TestInvoker.java:193)
	at org.testng.internal.invokers.TestMethodWorker.invokeTestMethods(TestMethodWorker.java:146)
	at org.testng.internal.invokers.TestMethodWorker.run(TestMethodWorker.java:128)
	at java.base/java.util.ArrayList.forEach(ArrayList.java:1511)
	at org.testng.TestRunner.privateRun(TestRunner.java:808)
	at org.testng.TestRunner.run(TestRunner.java:603)
	at org.testng.SuiteRunner.runTest(SuiteRunner.java:429)
	at org.testng.SuiteRunner.runSequentially(SuiteRunner.java:423)
	at org.testng.SuiteRunner.privateRun(SuiteRunner.java:383)
	at org.testng.SuiteRunner.run(SuiteRunner.java:326)
	at org.testng.SuiteRunnerWorker.runSuite(SuiteRunnerWorker.java:52)
	at org.testng.SuiteRunnerWorker.run(SuiteRunnerWorker.java:95)
	at org.testng.TestNG.runSuitesSequentially(TestNG.java:1249)
	at org.testng.TestNG.runSuitesLocally(TestNG.java:1169)
	at org.testng.TestNG.runSuites(TestNG.java:1092)
	at org.testng.TestNG.run(TestNG.java:1060)
	at org.testng.remote.AbstractRemoteTestNG.run(AbstractRemoteTestNG.java:115)
	at org.testng.remote.RemoteTestNG.initAndRun(RemoteTestNG.java:251)
	at org.testng.remote.RemoteTestNG.main(RemoteTestNG.java:77)

</div> <!-- stack-trace -->
                </div> <!-- method-content -->
              </div> <!-- method -->
              <div class="method">
                <div class="method-content">
                  <a name="launchSecureFileDownloadTC36">
                  </a> <!-- launchSecureFileDownloadTC36 -->
                  <span class="method-name">launchSecureFileDownloadTC36</span>
                  <div class="stack-trace">org.openqa.selenium.UnhandledAlertException: Dismissed user prompt dialog: This site is asking you to sign in.: 
Build info: version: &apos;3.141.59&apos;, revision: &apos;e82be7d358&apos;, time: &apos;2018-11-14T08:17:03&apos;
System info: host: &apos;LAPTOP-CB1MRQEM&apos;, ip: &apos;192.168.1.70&apos;, os.name: &apos;Windows 10&apos;, os.arch: &apos;amd64&apos;, os.version: &apos;10.0&apos;, java.version: &apos;18&apos;
Driver info: org.openqa.selenium.firefox.FirefoxDriver
Capabilities {acceptInsecureCerts: true, browserName: firefox, browserVersion: 100.0.2, javascriptEnabled: true, moz:accessibilityChecks: false, moz:buildID: 20220519220738, moz:geckodriverVersion: 0.31.0, moz:headless: false, moz:processID: 14736, moz:profile: C:\Users\harti\AppData\Loca..., moz:shutdownTimeout: 60000, moz:useNonSpecCompliantPointerOrigin: false, moz:webdriverClick: true, pageLoadStrategy: normal, platform: WINDOWS, platformName: WINDOWS, platformVersion: 10.0, proxy: Proxy(), setWindowRect: true, strictFileInteractability: false, timeouts: {implicit: 0, pageLoad: 300000, script: 30000}, unhandledPromptBehavior: dismiss and notify}
Session ID: 29975082-64bb-4d21-957e-e0b69c0746da
	at org.openqa.selenium.remote.http.W3CHttpResponseCodec.decode(W3CHttpResponseCodec.java:120)
	at org.openqa.selenium.remote.http.W3CHttpResponseCodec.decode(W3CHttpResponseCodec.java:49)
	at org.openqa.selenium.remote.HttpCommandExecutor.execute(HttpCommandExecutor.java:158)
	at org.openqa.selenium.remote.service.DriverCommandExecutor.execute(DriverCommandExecutor.java:83)
	at org.openqa.selenium.remote.RemoteWebDriver.execute(RemoteWebDriver.java:552)
	at org.openqa.selenium.remote.RemoteWebDriver.execute(RemoteWebDriver.java:609)
	at org.openqa.selenium.remote.RemoteWebDriver.getScreenshotAs(RemoteWebDriver.java:295)
	at internet_herokuapp_base.Base_Tests.captureScreenshot(Base_Tests.java:146)
	at internet_herokuapp_tests.AutomationScripts.launchSecureFileDownloadTC36(AutomationScripts.java:438)
	at java.base/jdk.internal.reflect.DirectMethodHandleAccessor.invoke(DirectMethodHandleAccessor.java:104)
	at java.base/java.lang.reflect.Method.invoke(Method.java:577)
	at org.testng.internal.invokers.MethodInvocationHelper.invokeMethod(MethodInvocationHelper.java:135)
	at org.testng.internal.invokers.TestInvoker.invokeMethod(TestInvoker.java:673)
	at org.testng.internal.invokers.TestInvoker.invokeTestMethod(TestInvoker.java:220)
	at org.testng.internal.invokers.MethodRunner.runInSequence(MethodRunner.java:50)
	at org.testng.internal.invokers.TestInvoker$MethodInvocationAgent.invoke(TestInvoker.java:945)
	at org.testng.internal.invokers.TestInvoker.invokeTestMethods(TestInvoker.java:193)
	at org.testng.internal.invokers.TestMethodWorker.invokeTestMethods(TestMethodWorker.java:146)
	at org.testng.internal.invokers.TestMethodWorker.run(TestMethodWorker.java:128)
	at java.base/java.util.ArrayList.forEach(ArrayList.java:1511)
	at org.testng.TestRunner.privateRun(TestRunner.java:808)
	at org.testng.TestRunner.run(TestRunner.java:603)
	at org.testng.SuiteRunner.runTest(SuiteRunner.java:429)
	at org.testng.SuiteRunner.runSequentially(SuiteRunner.java:423)
	at org.testng.SuiteRunner.privateRun(SuiteRunner.java:383)
	at org.testng.SuiteRunner.run(SuiteRunner.java:326)
	at org.testng.SuiteRunnerWorker.runSuite(SuiteRunnerWorker.java:52)
	at org.testng.SuiteRunnerWorker.run(SuiteRunnerWorker.java:95)
	at org.testng.TestNG.runSuitesSequentially(TestNG.java:1249)
	at org.testng.TestNG.runSuitesLocally(TestNG.java:1169)
	at org.testng.TestNG.runSuites(TestNG.java:1092)
	at org.testng.TestNG.run(TestNG.java:1060)
	at org.testng.remote.AbstractRemoteTestNG.run(AbstractRemoteTestNG.java:115)
	at org.testng.remote.RemoteTestNG.initAndRun(RemoteTestNG.java:251)
	at org.testng.remote.RemoteTestNG.main(RemoteTestNG.java:77)

</div> <!-- stack-trace -->
                </div> <!-- method-content -->
              </div> <!-- method -->
              <div class="method">
                <div class="method-content">
                  <a name="launchShiftingContentTC38">
                  </a> <!-- launchShiftingContentTC38 -->
                  <span class="method-name">launchShiftingContentTC38</span>
                  <div class="stack-trace">org.openqa.selenium.NoSuchElementException: Unable to locate element: //a[@href=&apos;/shifting_content/menu?mode=random&amp;amp;pixel_shift=100&apos;]
For documentation on this error, please visit: https://www.seleniumhq.org/exceptions/no_such_element.html
Build info: version: &apos;3.141.59&apos;, revision: &apos;e82be7d358&apos;, time: &apos;2018-11-14T08:17:03&apos;
System info: host: &apos;LAPTOP-CB1MRQEM&apos;, ip: &apos;192.168.1.70&apos;, os.name: &apos;Windows 10&apos;, os.arch: &apos;amd64&apos;, os.version: &apos;10.0&apos;, java.version: &apos;18&apos;
Driver info: org.openqa.selenium.firefox.FirefoxDriver
Capabilities {acceptInsecureCerts: true, browserName: firefox, browserVersion: 100.0.2, javascriptEnabled: true, moz:accessibilityChecks: false, moz:buildID: 20220519220738, moz:geckodriverVersion: 0.31.0, moz:headless: false, moz:processID: 15252, moz:profile: C:\Users\harti\AppData\Loca..., moz:shutdownTimeout: 60000, moz:useNonSpecCompliantPointerOrigin: false, moz:webdriverClick: true, pageLoadStrategy: normal, platform: WINDOWS, platformName: WINDOWS, platformVersion: 10.0, proxy: Proxy(), setWindowRect: true, strictFileInteractability: false, timeouts: {implicit: 0, pageLoad: 300000, script: 30000}, unhandledPromptBehavior: dismiss and notify}
Session ID: 2e535794-e4b7-4bce-975c-dadce71f9a16
*** Element info: {Using=xpath, value=//a[@href=&apos;/shifting_content/menu?mode=random&amp;amp;pixel_shift=100&apos;]}
	at java.base/jdk.internal.reflect.DirectConstructorHandleAccessor.newInstance(DirectConstructorHandleAccessor.java:67)
	at java.base/java.lang.reflect.Constructor.newInstanceWithCaller(Constructor.java:499)
	at java.base/java.lang.reflect.Constructor.newInstance(Constructor.java:483)
	at org.openqa.selenium.remote.http.W3CHttpResponseCodec.createException(W3CHttpResponseCodec.java:187)
	at org.openqa.selenium.remote.http.W3CHttpResponseCodec.decode(W3CHttpResponseCodec.java:122)
	at org.openqa.selenium.remote.http.W3CHttpResponseCodec.decode(W3CHttpResponseCodec.java:49)
	at org.openqa.selenium.remote.HttpCommandExecutor.execute(HttpCommandExecutor.java:158)
	at org.openqa.selenium.remote.service.DriverCommandExecutor.execute(DriverCommandExecutor.java:83)
	at org.openqa.selenium.remote.RemoteWebDriver.execute(RemoteWebDriver.java:552)
	at org.openqa.selenium.remote.RemoteWebDriver.findElement(RemoteWebDriver.java:323)
	at org.openqa.selenium.remote.RemoteWebDriver.findElementByXPath(RemoteWebDriver.java:428)
	at org.openqa.selenium.By$ByXPath.findElement(By.java:353)
	at org.openqa.selenium.remote.RemoteWebDriver.findElement(RemoteWebDriver.java:315)
	at internet_herokuapp_tests.AutomationScripts.launchShiftingContentTC38(AutomationScripts.java:464)
	at java.base/jdk.internal.reflect.DirectMethodHandleAccessor.invoke(DirectMethodHandleAccessor.java:104)
	at java.base/java.lang.reflect.Method.invoke(Method.java:577)
	at org.testng.internal.invokers.MethodInvocationHelper.invokeMethod(MethodInvocationHelper.java:135)
	at org.testng.internal.invokers.TestInvoker.invokeMethod(TestInvoker.java:673)
	at org.testng.internal.invokers.TestInvoker.invokeTestMethod(TestInvoker.java:220)
	at org.testng.internal.invokers.MethodRunner.runInSequence(MethodRunner.java:50)
	at org.testng.internal.invokers.TestInvoker$MethodInvocationAgent.invoke(TestInvoker.java:945)
	at org.testng.internal.invokers.TestInvoker.invokeTestMethods(TestInvoker.java:193)
	at org.testng.internal.invokers.TestMethodWorker.invokeTestMethods(TestMethodWorker.java:146)
	at org.testng.internal.invokers.TestMethodWorker.run(TestMethodWorker.java:128)
	at java.base/java.util.ArrayList.forEach(ArrayList.java:1511)
	at org.testng.TestRunner.privateRun(TestRunner.java:808)
	at org.testng.TestRunner.run(TestRunner.java:603)
	at org.testng.SuiteRunner.runTest(SuiteRunner.java:429)
	at org.testng.SuiteRunner.runSequentially(SuiteRunner.java:423)
	at org.testng.SuiteRunner.privateRun(SuiteRunner.java:383)
	at org.testng.SuiteRunner.run(SuiteRunner.java:326)
	at org.testng.SuiteRunnerWorker.runSuite(SuiteRunnerWorker.java:52)
	at org.testng.SuiteRunnerWorker.run(SuiteRunnerWorker.java:95)
	at org.testng.TestNG.runSuitesSequentially(TestNG.java:1249)
	at org.testng.TestNG.runSuitesLocally(TestNG.java:1169)
	at org.testng.TestNG.runSuites(TestNG.java:1092)
	at org.testng.TestNG.run(TestNG.java:1060)
	at org.testng.remote.AbstractRemoteTestNG.run(AbstractRemoteTestNG.java:115)
	at org.testng.remote.RemoteTestNG.initAndRun(RemoteTestNG.java:251)
	at org.testng.remote.RemoteTestNG.main(RemoteTestNG.java:77)

</div> <!-- stack-trace -->
                </div> <!-- method-content -->
              </div> <!-- method -->
            </div> <!-- main-panel-content rounded-window-bottom -->
          </div> <!-- suite-Default_suite-class-failed -->
          <div class="suite-Default_suite-class-passed">
            <div class="main-panel-header rounded-window-top">
              <img src="passed.png"/>
              <span class="class-name">internet_herokuapp_tests.AutomationScripts</span>
            </div> <!-- main-panel-header rounded-window-top -->
            <div class="main-panel-content rounded-window-bottom">
              <div class="method">
                <div class="method-content">
                  <a name="launchABTestingTC2">
                  </a> <!-- launchABTestingTC2 -->
                  <span class="method-name">launchABTestingTC2</span>
                </div> <!-- method-content -->
              </div> <!-- method -->
              <div class="method">
                <div class="method-content">
                  <a name="launchAddRemoveElementsTC3">
                  </a> <!-- launchAddRemoveElementsTC3 -->
                  <span class="method-name">launchAddRemoveElementsTC3</span>
                </div> <!-- method-content -->
              </div> <!-- method -->
              <div class="method">
                <div class="method-content">
                  <a name="launchBrokenImagesTC5">
                  </a> <!-- launchBrokenImagesTC5 -->
                  <span class="method-name">launchBrokenImagesTC5</span>
                </div> <!-- method-content -->
              </div> <!-- method -->
              <div class="method">
                <div class="method-content">
                  <a name="launchChallengingDOMTC6">
                  </a> <!-- launchChallengingDOMTC6 -->
                  <span class="method-name">launchChallengingDOMTC6</span>
                </div> <!-- method-content -->
              </div> <!-- method -->
              <div class="method">
                <div class="method-content">
                  <a name="launchCheckboxesTC7">
                  </a> <!-- launchCheckboxesTC7 -->
                  <span class="method-name">launchCheckboxesTC7</span>
                </div> <!-- method-content -->
              </div> <!-- method -->
              <div class="method">
                <div class="method-content">
                  <a name="launchDisaapearingElementsTC9">
                  </a> <!-- launchDisaapearingElementsTC9 -->
                  <span class="method-name">launchDisaapearingElementsTC9</span>
                </div> <!-- method-content -->
              </div> <!-- method -->
              <div class="method">
                <div class="method-content">
                  <a name="launchDragAndDropTC10">
                  </a> <!-- launchDragAndDropTC10 -->
                  <span class="method-name">launchDragAndDropTC10</span>
                </div> <!-- method-content -->
              </div> <!-- method -->
              <div class="method">
                <div class="method-content">
                  <a name="launchDropdownTC11">
                  </a> <!-- launchDropdownTC11 -->
                  <span class="method-name">launchDropdownTC11</span>
                </div> <!-- method-content -->
              </div> <!-- method -->
              <div class="method">
                <div class="method-content">
                  <a name="launchDynamicContentTC12">
                  </a> <!-- launchDynamicContentTC12 -->
                  <span class="method-name">launchDynamicContentTC12</span>
                </div> <!-- method-content -->
              </div> <!-- method -->
              <div class="method">
                <div class="method-content">
                  <a name="launchDynamicLoadingTC13">
                  </a> <!-- launchDynamicLoadingTC13 -->
                  <span class="method-name">launchDynamicLoadingTC13</span>
                </div> <!-- method-content -->
              </div> <!-- method -->
              <div class="method">
                <div class="method-content">
                  <a name="launchFloatingMenuTC18">
                  </a> <!-- launchFloatingMenuTC18 -->
                  <span class="method-name">launchFloatingMenuTC18</span>
                </div> <!-- method-content -->
              </div> <!-- method -->
              <div class="method">
                <div class="method-content">
                  <a name="launchForgotPasswordTC19">
                  </a> <!-- launchForgotPasswordTC19 -->
                  <span class="method-name">launchForgotPasswordTC19</span>
                </div> <!-- method-content -->
              </div> <!-- method -->
              <div class="method">
                <div class="method-content">
                  <a name="launchFormAuthenticationTC20">
                  </a> <!-- launchFormAuthenticationTC20 -->
                  <span class="method-name">launchFormAuthenticationTC20</span>
                </div> <!-- method-content -->
              </div> <!-- method -->
              <div class="method">
                <div class="method-content">
                  <a name="launchFramesTC21">
                  </a> <!-- launchFramesTC21 -->
                  <span class="method-name">launchFramesTC21</span>
                </div> <!-- method-content -->
              </div> <!-- method -->
              <div class="method">
                <div class="method-content">
                  <a name="launchHorizontalSliderTC23">
                  </a> <!-- launchHorizontalSliderTC23 -->
                  <span class="method-name">launchHorizontalSliderTC23</span>
                </div> <!-- method-content -->
              </div> <!-- method -->
              <div class="method">
                <div class="method-content">
                  <a name="launchHoversTC24">
                  </a> <!-- launchHoversTC24 -->
                  <span class="method-name">launchHoversTC24</span>
                </div> <!-- method-content -->
              </div> <!-- method -->
              <div class="method">
                <div class="method-content">
                  <a name="launchInfiniteScrollTC25">
                  </a> <!-- launchInfiniteScrollTC25 -->
                  <span class="method-name">launchInfiniteScrollTC25</span>
                </div> <!-- method-content -->
              </div> <!-- method -->
              <div class="method">
                <div class="method-content">
                  <a name="launchInputsTC26">
                  </a> <!-- launchInputsTC26 -->
                  <span class="method-name">launchInputsTC26</span>
                </div> <!-- method-content -->
              </div> <!-- method -->
              <div class="method">
                <div class="method-content">
                  <a name="launchInternetHerokuappTC1">
                  </a> <!-- launchInternetHerokuappTC1 -->
                  <span class="method-name">launchInternetHerokuappTC1</span>
                </div> <!-- method-content -->
              </div> <!-- method -->
              <div class="method">
                <div class="method-content">
                  <a name="launchJavaScriptAlertsTC28">
                  </a> <!-- launchJavaScriptAlertsTC28 -->
                  <span class="method-name">launchJavaScriptAlertsTC28</span>
                </div> <!-- method-content -->
              </div> <!-- method -->
              <div class="method">
                <div class="method-content">
                  <a name="launchJavaScriptOnLoadEventErrorTC29">
                  </a> <!-- launchJavaScriptOnLoadEventErrorTC29 -->
                  <span class="method-name">launchJavaScriptOnLoadEventErrorTC29</span>
                </div> <!-- method-content -->
              </div> <!-- method -->
              <div class="method">
                <div class="method-content">
                  <a name="launchKeyPressesTC30">
                  </a> <!-- launchKeyPressesTC30 -->
                  <span class="method-name">launchKeyPressesTC30</span>
                </div> <!-- method-content -->
              </div> <!-- method -->
              <div class="method">
                <div class="method-content">
                  <a name="launchLargeAndDeepDOMTC31">
                  </a> <!-- launchLargeAndDeepDOMTC31 -->
                  <span class="method-name">launchLargeAndDeepDOMTC31</span>
                </div> <!-- method-content -->
              </div> <!-- method -->
              <div class="method">
                <div class="method-content">
                  <a name="launchMultipleWindowsTC32">
                  </a> <!-- launchMultipleWindowsTC32 -->
                  <span class="method-name">launchMultipleWindowsTC32</span>
                </div> <!-- method-content -->
              </div> <!-- method -->
              <div class="method">
                <div class="method-content">
                  <a name="launchNestedFramesTC33">
                  </a> <!-- launchNestedFramesTC33 -->
                  <span class="method-name">launchNestedFramesTC33</span>
                </div> <!-- method-content -->
              </div> <!-- method -->
              <div class="method">
                <div class="method-content">
                  <a name="launchNotificationMessagesTC34">
                  </a> <!-- launchNotificationMessagesTC34 -->
                  <span class="method-name">launchNotificationMessagesTC34</span>
                </div> <!-- method-content -->
              </div> <!-- method -->
              <div class="method">
                <div class="method-content">
                  <a name="launchRedirectLinkTC35">
                  </a> <!-- launchRedirectLinkTC35 -->
                  <span class="method-name">launchRedirectLinkTC35</span>
                </div> <!-- method-content -->
              </div> <!-- method -->
              <div class="method">
                <div class="method-content">
                  <a name="launchShadowDOMTC37">
                  </a> <!-- launchShadowDOMTC37 -->
                  <span class="method-name">launchShadowDOMTC37</span>
                </div> <!-- method-content -->
              </div> <!-- method -->
              <div class="method">
                <div class="method-content">
                  <a name="launchSlowResourcesTC39">
                  </a> <!-- launchSlowResourcesTC39 -->
                  <span class="method-name">launchSlowResourcesTC39</span>
                </div> <!-- method-content -->
              </div> <!-- method -->
              <div class="method">
                <div class="method-content">
                  <a name="launchSortedDataTablesTC40">
                  </a> <!-- launchSortedDataTablesTC40 -->
                  <span class="method-name">launchSortedDataTablesTC40</span>
                </div> <!-- method-content -->
              </div> <!-- method -->
              <div class="method">
                <div class="method-content">
                  <a name="launchStatusCodesTC41">
                  </a> <!-- launchStatusCodesTC41 -->
                  <span class="method-name">launchStatusCodesTC41</span>
                </div> <!-- method-content -->
              </div> <!-- method -->
              <div class="method">
                <div class="method-content">
                  <a name="launchTyposTC42">
                  </a> <!-- launchTyposTC42 -->
                  <span class="method-name">launchTyposTC42</span>
                </div> <!-- method-content -->
              </div> <!-- method -->
              <div class="method">
                <div class="method-content">
                  <a name="launchWYSIWYGEditorTC43">
                  </a> <!-- launchWYSIWYGEditorTC43 -->
                  <span class="method-name">launchWYSIWYGEditorTC43</span>
                </div> <!-- method-content -->
              </div> <!-- method -->
            </div> <!-- main-panel-content rounded-window-bottom -->
          </div> <!-- suite-Default_suite-class-passed -->
        </div> <!-- panel Default_suite -->
        <div panel-name="test-xml-Default_suite" class="panel">
          <div class="main-panel-header rounded-window-top">
            <span class="header-content">C:\Users\harti\AppData\Local\Temp\testng-eclipse-983726849\testng-customsuite.xml</span>
          </div> <!-- main-panel-header rounded-window-top -->
          <div class="main-panel-content rounded-window-bottom">
            <pre>
&lt;?xml version=&quot;1.0&quot; encoding=&quot;UTF-8&quot;?&gt;
&lt;!DOCTYPE suite SYSTEM &quot;https://testng.org/testng-1.0.dtd&quot;&gt;
&lt;suite name=&quot;Default suite&quot; guice-stage=&quot;DEVELOPMENT&quot;&gt;
  &lt;test thread-count=&quot;5&quot; name=&quot;Default test&quot; verbose=&quot;2&quot;&gt;
    &lt;classes&gt;
      &lt;class name=&quot;internet_herokuapp_tests.AutomationScripts&quot;/&gt;
    &lt;/classes&gt;
  &lt;/test&gt; &lt;!-- Default test --&gt;
&lt;/suite&gt; &lt;!-- Default suite --&gt;
            </pre>
          </div> <!-- main-panel-content rounded-window-bottom -->
        </div> <!-- panel -->
        <div panel-name="testlist-Default_suite" class="panel">
          <div class="main-panel-header rounded-window-top">
            <span class="header-content">Tests for Default suite</span>
          </div> <!-- main-panel-header rounded-window-top -->
          <div class="main-panel-content rounded-window-bottom">
            <ul>
              <li>
                <span class="test-name">Default test (1 class)</span>
              </li>
            </ul>
          </div> <!-- main-panel-content rounded-window-bottom -->
        </div> <!-- panel -->
        <div panel-name="group-Default_suite" class="panel">
          <div class="main-panel-header rounded-window-top">
            <span class="header-content">Groups for Default suite</span>
          </div> <!-- main-panel-header rounded-window-top -->
          <div class="main-panel-content rounded-window-bottom">
          </div> <!-- main-panel-content rounded-window-bottom -->
        </div> <!-- panel -->
        <div panel-name="times-Default_suite" class="panel">
          <div class="main-panel-header rounded-window-top">
            <span class="header-content">Times for Default suite</span>
          </div> <!-- main-panel-header rounded-window-top -->
          <div class="main-panel-content rounded-window-bottom">
            <div class="times-div">
              <script type="text/javascript">
suiteTableInitFunctions.push('tableData_Default_suite');
function tableData_Default_suite() {
var data = new google.visualization.DataTable();
data.addColumn('number', 'Number');
data.addColumn('string', 'Method');
data.addColumn('string', 'Class');
data.addColumn('number', 'Time (ms)');
data.addRows(43);
data.setCell(0, 0, 0)
data.setCell(0, 1, 'launchDisaapearingElementsTC9')
data.setCell(0, 2, 'internet_herokuapp_tests.AutomationScripts')
data.setCell(0, 3, 33815);
data.setCell(1, 0, 1)
data.setCell(1, 1, 'launchDynamicLoadingTC13')
data.setCell(1, 2, 'internet_herokuapp_tests.AutomationScripts')
data.setCell(1, 3, 17893);
data.setCell(2, 0, 2)
data.setCell(2, 1, 'launchRedirectLinkTC35')
data.setCell(2, 2, 'internet_herokuapp_tests.AutomationScripts')
data.setCell(2, 3, 15544);
data.setCell(3, 0, 3)
data.setCell(3, 1, 'launchStatusCodesTC41')
data.setCell(3, 2, 'internet_herokuapp_tests.AutomationScripts')
data.setCell(3, 3, 13753);
data.setCell(4, 0, 4)
data.setCell(4, 1, 'launchFramesTC21')
data.setCell(4, 2, 'internet_herokuapp_tests.AutomationScripts')
data.setCell(4, 3, 10683);
data.setCell(5, 0, 5)
data.setCell(5, 1, 'launchChallengingDOMTC6')
data.setCell(5, 2, 'internet_herokuapp_tests.AutomationScripts')
data.setCell(5, 3, 9824);
data.setCell(6, 0, 6)
data.setCell(6, 1, 'launchShiftingContentTC38')
data.setCell(6, 2, 'internet_herokuapp_tests.AutomationScripts')
data.setCell(6, 3, 7634);
data.setCell(7, 0, 7)
data.setCell(7, 1, 'launchFormAuthenticationTC20')
data.setCell(7, 2, 'internet_herokuapp_tests.AutomationScripts')
data.setCell(7, 3, 6829);
data.setCell(8, 0, 8)
data.setCell(8, 1, 'launchWYSIWYGEditorTC43')
data.setCell(8, 2, 'internet_herokuapp_tests.AutomationScripts')
data.setCell(8, 3, 5986);
data.setCell(9, 0, 9)
data.setCell(9, 1, 'launchSlowResourcesTC39')
data.setCell(9, 2, 'internet_herokuapp_tests.AutomationScripts')
data.setCell(9, 3, 5298);
data.setCell(10, 0, 10)
data.setCell(10, 1, 'launchNotificationMessagesTC34')
data.setCell(10, 2, 'internet_herokuapp_tests.AutomationScripts')
data.setCell(10, 3, 4996);
data.setCell(11, 0, 11)
data.setCell(11, 1, 'launchEntryAdTC14')
data.setCell(11, 2, 'internet_herokuapp_tests.AutomationScripts')
data.setCell(11, 3, 4888);
data.setCell(12, 0, 12)
data.setCell(12, 1, 'launchAddRemoveElementsTC3')
data.setCell(12, 2, 'internet_herokuapp_tests.AutomationScripts')
data.setCell(12, 3, 4858);
data.setCell(13, 0, 13)
data.setCell(13, 1, 'launchJavaScriptAlertsTC28')
data.setCell(13, 2, 'internet_herokuapp_tests.AutomationScripts')
data.setCell(13, 3, 4834);
data.setCell(14, 0, 14)
data.setCell(14, 1, 'launchSortedDataTablesTC40')
data.setCell(14, 2, 'internet_herokuapp_tests.AutomationScripts')
data.setCell(14, 3, 4728);
data.setCell(15, 0, 15)
data.setCell(15, 1, 'launchHoversTC24')
data.setCell(15, 2, 'internet_herokuapp_tests.AutomationScripts')
data.setCell(15, 3, 4534);
data.setCell(16, 0, 16)
data.setCell(16, 1, 'launchDynamicContentTC12')
data.setCell(16, 2, 'internet_herokuapp_tests.AutomationScripts')
data.setCell(16, 3, 4268);
data.setCell(17, 0, 17)
data.setCell(17, 1, 'launchGeolocationTC22')
data.setCell(17, 2, 'internet_herokuapp_tests.AutomationScripts')
data.setCell(17, 3, 3653);
data.setCell(18, 0, 18)
data.setCell(18, 1, 'launchMultipleWindowsTC32')
data.setCell(18, 2, 'internet_herokuapp_tests.AutomationScripts')
data.setCell(18, 3, 3639);
data.setCell(19, 0, 19)
data.setCell(19, 1, 'launchFileUploadTC17')
data.setCell(19, 2, 'internet_herokuapp_tests.AutomationScripts')
data.setCell(19, 3, 3592);
data.setCell(20, 0, 20)
data.setCell(20, 1, 'launchForgotPasswordTC19')
data.setCell(20, 2, 'internet_herokuapp_tests.AutomationScripts')
data.setCell(20, 3, 3584);
data.setCell(21, 0, 21)
data.setCell(21, 1, 'launchCheckboxesTC7')
data.setCell(21, 2, 'internet_herokuapp_tests.AutomationScripts')
data.setCell(21, 3, 3579);
data.setCell(22, 0, 22)
data.setCell(22, 1, 'launchFloatingMenuTC18')
data.setCell(22, 2, 'internet_herokuapp_tests.AutomationScripts')
data.setCell(22, 3, 3483);
data.setCell(23, 0, 23)
data.setCell(23, 1, 'launchBrokenImagesTC5')
data.setCell(23, 2, 'internet_herokuapp_tests.AutomationScripts')
data.setCell(23, 3, 3470);
data.setCell(24, 0, 24)
data.setCell(24, 1, 'launchInfiniteScrollTC25')
data.setCell(24, 2, 'internet_herokuapp_tests.AutomationScripts')
data.setCell(24, 3, 3463);
data.setCell(25, 0, 25)
data.setCell(25, 1, 'launchDropdownTC11')
data.setCell(25, 2, 'internet_herokuapp_tests.AutomationScripts')
data.setCell(25, 3, 3343);
data.setCell(26, 0, 26)
data.setCell(26, 1, 'launchKeyPressesTC30')
data.setCell(26, 2, 'internet_herokuapp_tests.AutomationScripts')
data.setCell(26, 3, 3283);
data.setCell(27, 0, 27)
data.setCell(27, 1, 'launchDragAndDropTC10')
data.setCell(27, 2, 'internet_herokuapp_tests.AutomationScripts')
data.setCell(27, 3, 3201);
data.setCell(28, 0, 28)
data.setCell(28, 1, 'launchLargeAndDeepDOMTC31')
data.setCell(28, 2, 'internet_herokuapp_tests.AutomationScripts')
data.setCell(28, 3, 3098);
data.setCell(29, 0, 29)
data.setCell(29, 1, 'launchHorizontalSliderTC23')
data.setCell(29, 2, 'internet_herokuapp_tests.AutomationScripts')
data.setCell(29, 3, 3064);
data.setCell(30, 0, 30)
data.setCell(30, 1, 'launchInputsTC26')
data.setCell(30, 2, 'internet_herokuapp_tests.AutomationScripts')
data.setCell(30, 3, 2860);
data.setCell(31, 0, 31)
data.setCell(31, 1, 'launchABTestingTC2')
data.setCell(31, 2, 'internet_herokuapp_tests.AutomationScripts')
data.setCell(31, 3, 2755);
data.setCell(32, 0, 32)
data.setCell(32, 1, 'launchExitIntentTC15')
data.setCell(32, 2, 'internet_herokuapp_tests.AutomationScripts')
data.setCell(32, 3, 2599);
data.setCell(33, 0, 33)
data.setCell(33, 1, 'launchNestedFramesTC33')
data.setCell(33, 2, 'internet_herokuapp_tests.AutomationScripts')
data.setCell(33, 3, 2522);
data.setCell(34, 0, 34)
data.setCell(34, 1, 'launchJQueryUIMenusTC27')
data.setCell(34, 2, 'internet_herokuapp_tests.AutomationScripts')
data.setCell(34, 3, 2465);
data.setCell(35, 0, 35)
data.setCell(35, 1, 'launchShadowDOMTC37')
data.setCell(35, 2, 'internet_herokuapp_tests.AutomationScripts')
data.setCell(35, 3, 2451);
data.setCell(36, 0, 36)
data.setCell(36, 1, 'launchTyposTC42')
data.setCell(36, 2, 'internet_herokuapp_tests.AutomationScripts')
data.setCell(36, 3, 2332);
data.setCell(37, 0, 37)
data.setCell(37, 1, 'launchBasicAuthTC4')
data.setCell(37, 2, 'internet_herokuapp_tests.AutomationScripts')
data.setCell(37, 3, 1934);
data.setCell(38, 0, 38)
data.setCell(38, 1, 'launchContextMenuTC8')
data.setCell(38, 2, 'internet_herokuapp_tests.AutomationScripts')
data.setCell(38, 3, 1909);
data.setCell(39, 0, 39)
data.setCell(39, 1, 'launchSecureFileDownloadTC36')
data.setCell(39, 2, 'internet_herokuapp_tests.AutomationScripts')
data.setCell(39, 3, 1749);
data.setCell(40, 0, 40)
data.setCell(40, 1, 'launchFileDownloadTC16')
data.setCell(40, 2, 'internet_herokuapp_tests.AutomationScripts')
data.setCell(40, 3, 1539);
data.setCell(41, 0, 41)
data.setCell(41, 1, 'launchJavaScriptOnLoadEventErrorTC29')
data.setCell(41, 2, 'internet_herokuapp_tests.AutomationScripts')
data.setCell(41, 3, 1512);
data.setCell(42, 0, 42)
data.setCell(42, 1, 'launchInternetHerokuappTC1')
data.setCell(42, 2, 'internet_herokuapp_tests.AutomationScripts')
data.setCell(42, 3, 649);
window.suiteTableData['Default_suite']= { tableData: data, tableDiv: 'times-div-Default_suite'}
return data;
}
              </script>
              <span class="suite-total-time">Total running time: 3 minutes</span>
              <div id="times-div-Default_suite">
              </div> <!-- times-div-Default_suite -->
            </div> <!-- times-div -->
          </div> <!-- main-panel-content rounded-window-bottom -->
        </div> <!-- panel -->
        <div panel-name="reporter-Default_suite" class="panel">
          <div class="main-panel-header rounded-window-top">
            <span class="header-content">Reporter output for Default suite</span>
          </div> <!-- main-panel-header rounded-window-top -->
          <div class="main-panel-content rounded-window-bottom">
          </div> <!-- main-panel-content rounded-window-bottom -->
        </div> <!-- panel -->
        <div panel-name="ignored-methods-Default_suite" class="panel">
          <div class="main-panel-header rounded-window-top">
            <span class="header-content">0 ignored methods</span>
          </div> <!-- main-panel-header rounded-window-top -->
          <div class="main-panel-content rounded-window-bottom">
          </div> <!-- main-panel-content rounded-window-bottom -->
        </div> <!-- panel -->
        <div panel-name="chronological-Default_suite" class="panel">
          <div class="main-panel-header rounded-window-top">
            <span class="header-content">Methods in chronological order</span>
          </div> <!-- main-panel-header rounded-window-top -->
          <div class="main-panel-content rounded-window-bottom">
            <div class="chronological-class">
              <div class="chronological-class-name">internet_herokuapp_tests.AutomationScripts</div> <!-- chronological-class-name -->
              <div class="configuration-test before">
                <span class="method-name">initialSetup</span>
                <span class="method-start">0 ms</span>
              </div> <!-- configuration-test before -->
              <div class="configuration-method before">
                <span class="method-name">setUp(public static void internet_herokuapp_tests.AutomationScripts.launchABTestingTC2() throws java.io.IO...)</span>
                <span class="method-start">1126 ms</span>
              </div> <!-- configuration-method before -->
              <div class="test-method">
                <span class="method-name">launchABTestingTC2</span>
                <span class="method-start">38255 ms</span>
              </div> <!-- test-method -->
              <div class="configuration-method after">
                <span class="method-name">cleanup</span>
                <span class="method-start">41031 ms</span>
              </div> <!-- configuration-method after -->
              <div class="configuration-method before">
                <span class="method-name">setUp(public static void internet_herokuapp_tests.AutomationScripts.launchAddRemoveElementsTC3() throws ja...)</span>
                <span class="method-start">48340 ms</span>
              </div> <!-- configuration-method before -->
              <div class="test-method">
                <span class="method-name">launchAddRemoveElementsTC3</span>
                <span class="method-start">70451 ms</span>
              </div> <!-- test-method -->
              <div class="configuration-method after">
                <span class="method-name">cleanup</span>
                <span class="method-start">75316 ms</span>
              </div> <!-- configuration-method after -->
              <div class="configuration-method before">
                <span class="method-name">setUp(public static void internet_herokuapp_tests.AutomationScripts.launchBasicAuthTC4() throws java.io.IO...)</span>
                <span class="method-start">81789 ms</span>
              </div> <!-- configuration-method before -->
              <div class="test-method">
                <img src="failed.png">
                </img>
                <span class="method-name">launchBasicAuthTC4</span>
                <span class="method-start">102978 ms</span>
              </div> <!-- test-method -->
              <div class="configuration-method after">
                <span class="method-name">cleanup</span>
                <span class="method-start">104968 ms</span>
              </div> <!-- configuration-method after -->
              <div class="configuration-method before">
                <span class="method-name">setUp(public static void internet_herokuapp_tests.AutomationScripts.launchBrokenImagesTC5() throws java.io...)</span>
                <span class="method-start">111384 ms</span>
              </div> <!-- configuration-method before -->
              <div class="test-method">
                <span class="method-name">launchBrokenImagesTC5</span>
                <span class="method-start">132678 ms</span>
              </div> <!-- test-method -->
              <div class="configuration-method after">
                <span class="method-name">cleanup</span>
                <span class="method-start">136154 ms</span>
              </div> <!-- configuration-method after -->
              <div class="configuration-method before">
                <span class="method-name">setUp(public static void internet_herokuapp_tests.AutomationScripts.launchChallengingDOMTC6() throws java....)</span>
                <span class="method-start">143291 ms</span>
              </div> <!-- configuration-method before -->
              <div class="test-method">
                <span class="method-name">launchChallengingDOMTC6</span>
                <span class="method-start">165634 ms</span>
              </div> <!-- test-method -->
              <div class="configuration-method after">
                <span class="method-name">cleanup</span>
                <span class="method-start">175467 ms</span>
              </div> <!-- configuration-method after -->
              <div class="configuration-method before">
                <span class="method-name">setUp(public static void internet_herokuapp_tests.AutomationScripts.launchCheckboxesTC7() throws java.io.I...)</span>
                <span class="method-start">183459 ms</span>
              </div> <!-- configuration-method before -->
              <div class="test-method">
                <span class="method-name">launchCheckboxesTC7</span>
                <span class="method-start">206241 ms</span>
              </div> <!-- test-method -->
              <div class="configuration-method after">
                <span class="method-name">cleanup</span>
                <span class="method-start">209825 ms</span>
              </div> <!-- configuration-method after -->
              <div class="configuration-method before">
                <span class="method-name">setUp(public static void internet_herokuapp_tests.AutomationScripts.launchContextMenuTC8() throws java.io....)</span>
                <span class="method-start">216535 ms</span>
              </div> <!-- configuration-method before -->
              <div class="test-method">
                <img src="failed.png">
                </img>
                <span class="method-name">launchContextMenuTC8</span>
                <span class="method-start">238880 ms</span>
              </div> <!-- test-method -->
              <div class="configuration-method after">
                <span class="method-name">cleanup</span>
                <span class="method-start">240798 ms</span>
              </div> <!-- configuration-method after -->
              <div class="configuration-method before">
                <span class="method-name">setUp(public static void internet_herokuapp_tests.AutomationScripts.launchDisaapearingElementsTC9() throws...)</span>
                <span class="method-start">248629 ms</span>
              </div> <!-- configuration-method before -->
              <div class="test-method">
                <span class="method-name">launchDisaapearingElementsTC9</span>
                <span class="method-start">271076 ms</span>
              </div> <!-- test-method -->
              <div class="configuration-method after">
                <span class="method-name">cleanup</span>
                <span class="method-start">304895 ms</span>
              </div> <!-- configuration-method after -->
              <div class="configuration-method before">
                <span class="method-name">setUp(public static void internet_herokuapp_tests.AutomationScripts.launchDragAndDropTC10() throws java.io...)</span>
                <span class="method-start">312056 ms</span>
              </div> <!-- configuration-method before -->
              <div class="test-method">
                <span class="method-name">launchDragAndDropTC10</span>
                <span class="method-start">335281 ms</span>
              </div> <!-- test-method -->
              <div class="configuration-method after">
                <span class="method-name">cleanup</span>
                <span class="method-start">338493 ms</span>
              </div> <!-- configuration-method after -->
              <div class="configuration-method before">
                <span class="method-name">setUp(public static void internet_herokuapp_tests.AutomationScripts.launchDropdownTC11() throws java.io.IO...)</span>
                <span class="method-start">344840 ms</span>
              </div> <!-- configuration-method before -->
              <div class="test-method">
                <span class="method-name">launchDropdownTC11</span>
                <span class="method-start">367062 ms</span>
              </div> <!-- test-method -->
              <div class="configuration-method after">
                <span class="method-name">cleanup</span>
                <span class="method-start">370417 ms</span>
              </div> <!-- configuration-method after -->
              <div class="configuration-method before">
                <span class="method-name">setUp(public static void internet_herokuapp_tests.AutomationScripts.launchDynamicContentTC12() throws java...)</span>
                <span class="method-start">376802 ms</span>
              </div> <!-- configuration-method before -->
              <div class="test-method">
                <span class="method-name">launchDynamicContentTC12</span>
                <span class="method-start">398942 ms</span>
              </div> <!-- test-method -->
              <div class="configuration-method after">
                <span class="method-name">cleanup</span>
                <span class="method-start">403218 ms</span>
              </div> <!-- configuration-method after -->
              <div class="configuration-method before">
                <span class="method-name">setUp(public static void internet_herokuapp_tests.AutomationScripts.launchDynamicLoadingTC13() throws java...)</span>
                <span class="method-start">411989 ms</span>
              </div> <!-- configuration-method before -->
              <div class="test-method">
                <span class="method-name">launchDynamicLoadingTC13</span>
                <span class="method-start">433567 ms</span>
              </div> <!-- test-method -->
              <div class="configuration-method after">
                <span class="method-name">cleanup</span>
                <span class="method-start">451474 ms</span>
              </div> <!-- configuration-method after -->
              <div class="configuration-method before">
                <span class="method-name">setUp(public static void internet_herokuapp_tests.AutomationScripts.launchEntryAdTC14() throws java.io.IOE...)</span>
                <span class="method-start">460739 ms</span>
              </div> <!-- configuration-method before -->
              <div class="test-method">
                <img src="failed.png">
                </img>
                <span class="method-name">launchEntryAdTC14</span>
                <span class="method-start">481628 ms</span>
              </div> <!-- test-method -->
              <div class="configuration-method after">
                <span class="method-name">cleanup</span>
                <span class="method-start">486524 ms</span>
              </div> <!-- configuration-method after -->
              <div class="configuration-method before">
                <span class="method-name">setUp(public static void internet_herokuapp_tests.AutomationScripts.launchExitIntentTC15() throws java.io....)</span>
                <span class="method-start">493921 ms</span>
              </div> <!-- configuration-method before -->
              <div class="test-method">
                <img src="failed.png">
                </img>
                <span class="method-name">launchExitIntentTC15</span>
                <span class="method-start">515421 ms</span>
              </div> <!-- test-method -->
              <div class="configuration-method after">
                <span class="method-name">cleanup</span>
                <span class="method-start">518030 ms</span>
              </div> <!-- configuration-method after -->
              <div class="configuration-method before">
                <span class="method-name">setUp(public static void internet_herokuapp_tests.AutomationScripts.launchFileDownloadTC16() throws java.i...)</span>
                <span class="method-start">524728 ms</span>
              </div> <!-- configuration-method before -->
              <div class="test-method">
                <img src="failed.png">
                </img>
                <span class="method-name">launchFileDownloadTC16</span>
                <span class="method-start">545677 ms</span>
              </div> <!-- test-method -->
              <div class="configuration-method after">
                <span class="method-name">cleanup</span>
                <span class="method-start">547223 ms</span>
              </div> <!-- configuration-method after -->
              <div class="configuration-method before">
                <span class="method-name">setUp(public static void internet_herokuapp_tests.AutomationScripts.launchFileUploadTC17() throws java.io....)</span>
                <span class="method-start">555327 ms</span>
              </div> <!-- configuration-method before -->
              <div class="test-method">
                <img src="failed.png">
                </img>
                <span class="method-name">launchFileUploadTC17</span>
                <span class="method-start">579011 ms</span>
              </div> <!-- test-method -->
              <div class="configuration-method after">
                <span class="method-name">cleanup</span>
                <span class="method-start">582611 ms</span>
              </div> <!-- configuration-method after -->
              <div class="configuration-method before">
                <span class="method-name">setUp(public static void internet_herokuapp_tests.AutomationScripts.launchFloatingMenuTC18() throws java.i...)</span>
                <span class="method-start">590928 ms</span>
              </div> <!-- configuration-method before -->
              <div class="test-method">
                <span class="method-name">launchFloatingMenuTC18</span>
                <span class="method-start">616414 ms</span>
              </div> <!-- test-method -->
              <div class="configuration-method after">
                <span class="method-name">cleanup</span>
                <span class="method-start">619901 ms</span>
              </div> <!-- configuration-method after -->
              <div class="configuration-method before">
                <span class="method-name">setUp(public static void internet_herokuapp_tests.AutomationScripts.launchForgotPasswordTC19() throws java...)</span>
                <span class="method-start">626714 ms</span>
              </div> <!-- configuration-method before -->
              <div class="test-method">
                <span class="method-name">launchForgotPasswordTC19</span>
                <span class="method-start">648627 ms</span>
              </div> <!-- test-method -->
              <div class="configuration-method after">
                <span class="method-name">cleanup</span>
                <span class="method-start">652226 ms</span>
              </div> <!-- configuration-method after -->
              <div class="configuration-method before">
                <span class="method-name">setUp(public static void internet_herokuapp_tests.AutomationScripts.launchFormAuthenticationTC20() throws ...)</span>
                <span class="method-start">659429 ms</span>
              </div> <!-- configuration-method before -->
              <div class="test-method">
                <span class="method-name">launchFormAuthenticationTC20</span>
                <span class="method-start">680539 ms</span>
              </div> <!-- test-method -->
              <div class="configuration-method after">
                <span class="method-name">cleanup</span>
                <span class="method-start">687371 ms</span>
              </div> <!-- configuration-method after -->
              <div class="configuration-method before">
                <span class="method-name">setUp(public static void internet_herokuapp_tests.AutomationScripts.launchFramesTC21() throws java.io.IOEx...)</span>
                <span class="method-start">694391 ms</span>
              </div> <!-- configuration-method before -->
              <div class="test-method">
                <span class="method-name">launchFramesTC21</span>
                <span class="method-start">714986 ms</span>
              </div> <!-- test-method -->
              <div class="configuration-method after">
                <span class="method-name">cleanup</span>
                <span class="method-start">725673 ms</span>
              </div> <!-- configuration-method after -->
              <div class="configuration-method before">
                <span class="method-name">setUp(public static void internet_herokuapp_tests.AutomationScripts.launchGeolocationTC22() throws java.io...)</span>
                <span class="method-start">734768 ms</span>
              </div> <!-- configuration-method before -->
              <div class="test-method">
                <img src="failed.png">
                </img>
                <span class="method-name">launchGeolocationTC22</span>
                <span class="method-start">755530 ms</span>
              </div> <!-- test-method -->
              <div class="configuration-method after">
                <span class="method-name">cleanup</span>
                <span class="method-start">759191 ms</span>
              </div> <!-- configuration-method after -->
              <div class="configuration-method before">
                <span class="method-name">setUp(public static void internet_herokuapp_tests.AutomationScripts.launchHorizontalSliderTC23() throws ja...)</span>
                <span class="method-start">765595 ms</span>
              </div> <!-- configuration-method before -->
              <div class="test-method">
                <span class="method-name">launchHorizontalSliderTC23</span>
                <span class="method-start">787496 ms</span>
              </div> <!-- test-method -->
              <div class="configuration-method after">
                <span class="method-name">cleanup</span>
                <span class="method-start">790564 ms</span>
              </div> <!-- configuration-method after -->
              <div class="configuration-method before">
                <span class="method-name">setUp(public static void internet_herokuapp_tests.AutomationScripts.launchHoversTC24() throws java.io.IOEx...)</span>
                <span class="method-start">797407 ms</span>
              </div> <!-- configuration-method before -->
              <div class="test-method">
                <span class="method-name">launchHoversTC24</span>
                <span class="method-start">817327 ms</span>
              </div> <!-- test-method -->
              <div class="configuration-method after">
                <span class="method-name">cleanup</span>
                <span class="method-start">821864 ms</span>
              </div> <!-- configuration-method after -->
              <div class="configuration-method before">
                <span class="method-name">setUp(public static void internet_herokuapp_tests.AutomationScripts.launchInfiniteScrollTC25() throws java...)</span>
                <span class="method-start">828795 ms</span>
              </div> <!-- configuration-method before -->
              <div class="test-method">
                <span class="method-name">launchInfiniteScrollTC25</span>
                <span class="method-start">851545 ms</span>
              </div> <!-- test-method -->
              <div class="configuration-method after">
                <span class="method-name">cleanup</span>
                <span class="method-start">855110 ms</span>
              </div> <!-- configuration-method after -->
              <div class="configuration-method before">
                <span class="method-name">setUp(public static void internet_herokuapp_tests.AutomationScripts.launchInputsTC26() throws java.io.IOEx...)</span>
                <span class="method-start">866262 ms</span>
              </div> <!-- configuration-method before -->
              <div class="test-method">
                <span class="method-name">launchInputsTC26</span>
                <span class="method-start">886922 ms</span>
              </div> <!-- test-method -->
              <div class="configuration-method after">
                <span class="method-name">cleanup</span>
                <span class="method-start">889787 ms</span>
              </div> <!-- configuration-method after -->
              <div class="configuration-method before">
                <span class="method-name">setUp(public static void internet_herokuapp_tests.AutomationScripts.launchInternetHerokuappTC1() throws ja...)</span>
                <span class="method-start">896614 ms</span>
              </div> <!-- configuration-method before -->
              <div class="test-method">
                <span class="method-name">launchInternetHerokuappTC1</span>
                <span class="method-start">915680 ms</span>
              </div> <!-- test-method -->
              <div class="configuration-method after">
                <span class="method-name">cleanup</span>
                <span class="method-start">916332 ms</span>
              </div> <!-- configuration-method after -->
              <div class="configuration-method before">
                <span class="method-name">setUp(public static void internet_herokuapp_tests.AutomationScripts.launchJQueryUIMenusTC27() throws java....)</span>
                <span class="method-start">922831 ms</span>
              </div> <!-- configuration-method before -->
              <div class="test-method">
                <img src="failed.png">
                </img>
                <span class="method-name">launchJQueryUIMenusTC27</span>
                <span class="method-start">944250 ms</span>
              </div> <!-- test-method -->
              <div class="configuration-method after">
                <span class="method-name">cleanup</span>
                <span class="method-start">946723 ms</span>
              </div> <!-- configuration-method after -->
              <div class="configuration-method before">
                <span class="method-name">setUp(public static void internet_herokuapp_tests.AutomationScripts.launchJavaScriptAlertsTC28() throws ja...)</span>
                <span class="method-start">953903 ms</span>
              </div> <!-- configuration-method before -->
              <div class="test-method">
                <span class="method-name">launchJavaScriptAlertsTC28</span>
                <span class="method-start">976517 ms</span>
              </div> <!-- test-method -->
              <div class="configuration-method after">
                <span class="method-name">cleanup</span>
                <span class="method-start">981353 ms</span>
              </div> <!-- configuration-method after -->
              <div class="configuration-method before">
                <span class="method-name">setUp(public static void internet_herokuapp_tests.AutomationScripts.launchJavaScriptOnLoadEventErrorTC29()...)</span>
                <span class="method-start">988204 ms</span>
              </div> <!-- configuration-method before -->
              <div class="test-method">
                <span class="method-name">launchJavaScriptOnLoadEventErrorTC29</span>
                <span class="method-start">1008739 ms</span>
              </div> <!-- test-method -->
              <div class="configuration-method after">
                <span class="method-name">cleanup</span>
                <span class="method-start">1010254 ms</span>
              </div> <!-- configuration-method after -->
              <div class="configuration-method before">
                <span class="method-name">setUp(public static void internet_herokuapp_tests.AutomationScripts.launchKeyPressesTC30() throws java.io....)</span>
                <span class="method-start">1016990 ms</span>
              </div> <!-- configuration-method before -->
              <div class="test-method">
                <span class="method-name">launchKeyPressesTC30</span>
                <span class="method-start">1037131 ms</span>
              </div> <!-- test-method -->
              <div class="configuration-method after">
                <span class="method-name">cleanup</span>
                <span class="method-start">1040426 ms</span>
              </div> <!-- configuration-method after -->
              <div class="configuration-method before">
                <span class="method-name">setUp(public static void internet_herokuapp_tests.AutomationScripts.launchLargeAndDeepDOMTC31() throws jav...)</span>
                <span class="method-start">1046821 ms</span>
              </div> <!-- configuration-method before -->
              <div class="test-method">
                <span class="method-name">launchLargeAndDeepDOMTC31</span>
                <span class="method-start">1066376 ms</span>
              </div> <!-- test-method -->
              <div class="configuration-method after">
                <span class="method-name">cleanup</span>
                <span class="method-start">1069478 ms</span>
              </div> <!-- configuration-method after -->
              <div class="configuration-method before">
                <span class="method-name">setUp(public static void internet_herokuapp_tests.AutomationScripts.launchMultipleWindowsTC32() throws jav...)</span>
                <span class="method-start">1076335 ms</span>
              </div> <!-- configuration-method before -->
              <div class="test-method">
                <span class="method-name">launchMultipleWindowsTC32</span>
                <span class="method-start">1095593 ms</span>
              </div> <!-- test-method -->
              <div class="configuration-method after">
                <span class="method-name">cleanup</span>
                <span class="method-start">1099275 ms</span>
              </div> <!-- configuration-method after -->
              <div class="configuration-method before">
                <span class="method-name">setUp(public static void internet_herokuapp_tests.AutomationScripts.launchNestedFramesTC33() throws java.i...)</span>
                <span class="method-start">1105477 ms</span>
              </div> <!-- configuration-method before -->
              <div class="test-method">
                <span class="method-name">launchNestedFramesTC33</span>
                <span class="method-start">1125697 ms</span>
              </div> <!-- test-method -->
              <div class="configuration-method after">
                <span class="method-name">cleanup</span>
                <span class="method-start">1128222 ms</span>
              </div> <!-- configuration-method after -->
              <div class="configuration-method before">
                <span class="method-name">setUp(public static void internet_herokuapp_tests.AutomationScripts.launchNotificationMessagesTC34() throw...)</span>
                <span class="method-start">1134731 ms</span>
              </div> <!-- configuration-method before -->
              <div class="test-method">
                <span class="method-name">launchNotificationMessagesTC34</span>
                <span class="method-start">1156181 ms</span>
              </div> <!-- test-method -->
              <div class="configuration-method after">
                <span class="method-name">cleanup</span>
                <span class="method-start">1161180 ms</span>
              </div> <!-- configuration-method after -->
              <div class="configuration-method before">
                <span class="method-name">setUp(public static void internet_herokuapp_tests.AutomationScripts.launchRedirectLinkTC35() throws java.i...)</span>
                <span class="method-start">1167892 ms</span>
              </div> <!-- configuration-method before -->
              <div class="test-method">
                <span class="method-name">launchRedirectLinkTC35</span>
                <span class="method-start">1187459 ms</span>
              </div> <!-- test-method -->
              <div class="configuration-method after">
                <span class="method-name">cleanup</span>
                <span class="method-start">1203011 ms</span>
              </div> <!-- configuration-method after -->
              <div class="configuration-method before">
                <span class="method-name">setUp(public static void internet_herokuapp_tests.AutomationScripts.launchSecureFileDownloadTC36() throws ...)</span>
                <span class="method-start">1210483 ms</span>
              </div> <!-- configuration-method before -->
              <div class="test-method">
                <img src="failed.png">
                </img>
                <span class="method-name">launchSecureFileDownloadTC36</span>
                <span class="method-start">1230952 ms</span>
              </div> <!-- test-method -->
              <div class="configuration-method after">
                <span class="method-name">cleanup</span>
                <span class="method-start">1232709 ms</span>
              </div> <!-- configuration-method after -->
              <div class="configuration-method before">
                <span class="method-name">setUp(public static void internet_herokuapp_tests.AutomationScripts.launchShadowDOMTC37() throws java.io.I...)</span>
                <span class="method-start">1238981 ms</span>
              </div> <!-- configuration-method before -->
              <div class="test-method">
                <span class="method-name">launchShadowDOMTC37</span>
                <span class="method-start">1259070 ms</span>
              </div> <!-- test-method -->
              <div class="configuration-method after">
                <span class="method-name">cleanup</span>
                <span class="method-start">1261525 ms</span>
              </div> <!-- configuration-method after -->
              <div class="configuration-method before">
                <span class="method-name">setUp(public static void internet_herokuapp_tests.AutomationScripts.launchShiftingContentTC38() throws jav...)</span>
                <span class="method-start">1267752 ms</span>
              </div> <!-- configuration-method before -->
              <div class="test-method">
                <img src="failed.png">
                </img>
                <span class="method-name">launchShiftingContentTC38</span>
                <span class="method-start">1288050 ms</span>
              </div> <!-- test-method -->
              <div class="configuration-method after">
                <span class="method-name">cleanup</span>
                <span class="method-start">1295693 ms</span>
              </div> <!-- configuration-method after -->
              <div class="configuration-method before">
                <span class="method-name">setUp(public static void internet_herokuapp_tests.AutomationScripts.launchSlowResourcesTC39() throws java....)</span>
                <span class="method-start">1304680 ms</span>
              </div> <!-- configuration-method before -->
              <div class="test-method">
                <span class="method-name">launchSlowResourcesTC39</span>
                <span class="method-start">1325170 ms</span>
              </div> <!-- test-method -->
              <div class="configuration-method after">
                <span class="method-name">cleanup</span>
                <span class="method-start">1330471 ms</span>
              </div> <!-- configuration-method after -->
              <div class="configuration-method before">
                <span class="method-name">setUp(public static void internet_herokuapp_tests.AutomationScripts.launchSortedDataTablesTC40() throws ja...)</span>
                <span class="method-start">1337494 ms</span>
              </div> <!-- configuration-method before -->
              <div class="test-method">
                <span class="method-name">launchSortedDataTablesTC40</span>
                <span class="method-start">1356403 ms</span>
              </div> <!-- test-method -->
              <div class="configuration-method after">
                <span class="method-name">cleanup</span>
                <span class="method-start">1361134 ms</span>
              </div> <!-- configuration-method after -->
              <div class="configuration-method before">
                <span class="method-name">setUp(public static void internet_herokuapp_tests.AutomationScripts.launchStatusCodesTC41() throws java.io...)</span>
                <span class="method-start">1367698 ms</span>
              </div> <!-- configuration-method before -->
              <div class="test-method">
                <span class="method-name">launchStatusCodesTC41</span>
                <span class="method-start">1387896 ms</span>
              </div> <!-- test-method -->
              <div class="configuration-method after">
                <span class="method-name">cleanup</span>
                <span class="method-start">1401653 ms</span>
              </div> <!-- configuration-method after -->
              <div class="configuration-method before">
                <span class="method-name">setUp(public static void internet_herokuapp_tests.AutomationScripts.launchTyposTC42() throws java.io.IOExc...)</span>
                <span class="method-start">1409493 ms</span>
              </div> <!-- configuration-method before -->
              <div class="test-method">
                <span class="method-name">launchTyposTC42</span>
                <span class="method-start">1431126 ms</span>
              </div> <!-- test-method -->
              <div class="configuration-method after">
                <span class="method-name">cleanup</span>
                <span class="method-start">1433462 ms</span>
              </div> <!-- configuration-method after -->
              <div class="configuration-method before">
                <span class="method-name">setUp(public static void internet_herokuapp_tests.AutomationScripts.launchWYSIWYGEditorTC43() throws java....)</span>
                <span class="method-start">1439891 ms</span>
              </div> <!-- configuration-method before -->
              <div class="test-method">
                <span class="method-name">launchWYSIWYGEditorTC43</span>
                <span class="method-start">1460585 ms</span>
              </div> <!-- test-method -->
              <div class="configuration-method after">
                <span class="method-name">cleanup</span>
                <span class="method-start">1466595 ms</span>
              </div> <!-- configuration-method after -->
              <div class="configuration-test after">
                <span class="method-name">finalcleanup</span>
                <span class="method-start">1473851 ms</span>
              </div> <!-- configuration-test after -->
          </div> <!-- main-panel-content rounded-window-bottom -->
        </div> <!-- panel -->
      </div> <!-- main-panel-root -->
    </div> <!-- wrapper -->
  </body>
<script type="text/javascript" src="testng-reports2.js"></script>
</html>
