<?xml version="1.0" encoding="UTF-8"?>
<testng-results ignored="0" total="43" passed="33" failed="10" skipped="0">
  <reporter-output>
  </reporter-output>
  <suite started-at="2023-01-11T08:38:06 CST" name="Default suite" finished-at="2023-01-11T09:02:42 CST" duration-ms="1475712">
    <groups>
    </groups>
    <test started-at="2023-01-11T08:38:06 CST" name="Default test" finished-at="2023-01-11T09:02:42 CST" duration-ms="1475712">
      <class name="internet_herokuapp_tests.AutomationScripts">
        <test-method is-config="true" signature="initialSetup()[pri:0, instance:internet_herokuapp_tests.AutomationScripts@3a93b025]" started-at="2023-01-11T08:38:07 CST" name="initialSetup" finished-at="2023-01-11T08:38:08 CST" duration-ms="996" status="PASS">
          <reporter-output>
          </reporter-output>
        </test-method> <!-- initialSetup -->
        <test-method is-config="true" signature="setUp(java.lang.reflect.Method)[pri:0, instance:internet_herokuapp_tests.AutomationScripts@3a93b025]" started-at="2023-01-11T08:38:08 CST" name="setUp" finished-at="2023-01-11T08:38:45 CST" duration-ms="37126" status="PASS">
          <params>
            <param index="0">
              <value>
                <![CDATA[public static void internet_herokuapp_tests.AutomationScripts.launchABTestingTC2() throws java.io.IOException]]>
              </value>
            </param>
          </params>
          <reporter-output>
          </reporter-output>
        </test-method> <!-- setUp -->
        <test-method signature="launchABTestingTC2()[pri:0, instance:internet_herokuapp_tests.AutomationScripts@3a93b025]" started-at="2023-01-11T08:38:45 CST" name="launchABTestingTC2" finished-at="2023-01-11T08:38:48 CST" duration-ms="2755" status="PASS">
          <reporter-output>
          </reporter-output>
        </test-method> <!-- launchABTestingTC2 -->
        <test-method is-config="true" signature="cleanup()[pri:0, instance:internet_herokuapp_tests.AutomationScripts@3a93b025]" started-at="2023-01-11T08:38:48 CST" name="cleanup" finished-at="2023-01-11T08:38:55 CST" duration-ms="7307" status="PASS">
          <reporter-output>
          </reporter-output>
        </test-method> <!-- cleanup -->
        <test-method is-config="true" signature="setUp(java.lang.reflect.Method)[pri:0, instance:internet_herokuapp_tests.AutomationScripts@3a93b025]" started-at="2023-01-11T08:38:55 CST" name="setUp" finished-at="2023-01-11T08:39:17 CST" duration-ms="22111" status="PASS">
          <params>
            <param index="0">
              <value>
                <![CDATA[public static void internet_herokuapp_tests.AutomationScripts.launchAddRemoveElementsTC3() throws java.io.IOException]]>
              </value>
            </param>
          </params>
          <reporter-output>
          </reporter-output>
        </test-method> <!-- setUp -->
        <test-method signature="launchAddRemoveElementsTC3()[pri:0, instance:internet_herokuapp_tests.AutomationScripts@3a93b025]" started-at="2023-01-11T08:39:17 CST" name="launchAddRemoveElementsTC3" finished-at="2023-01-11T08:39:22 CST" duration-ms="4858" status="PASS">
          <reporter-output>
          </reporter-output>
        </test-method> <!-- launchAddRemoveElementsTC3 -->
        <test-method is-config="true" signature="cleanup()[pri:0, instance:internet_herokuapp_tests.AutomationScripts@3a93b025]" started-at="2023-01-11T08:39:22 CST" name="cleanup" finished-at="2023-01-11T08:39:28 CST" duration-ms="6471" status="PASS">
          <reporter-output>
          </reporter-output>
        </test-method> <!-- cleanup -->
        <test-method is-config="true" signature="setUp(java.lang.reflect.Method)[pri:0, instance:internet_herokuapp_tests.AutomationScripts@3a93b025]" started-at="2023-01-11T08:39:28 CST" name="setUp" finished-at="2023-01-11T08:39:49 CST" duration-ms="21188" status="PASS">
          <params>
            <param index="0">
              <value>
                <![CDATA[public static void internet_herokuapp_tests.AutomationScripts.launchBasicAuthTC4() throws java.io.IOException]]>
              </value>
            </param>
          </params>
          <reporter-output>
          </reporter-output>
        </test-method> <!-- setUp -->
        <test-method signature="launchBasicAuthTC4()[pri:0, instance:internet_herokuapp_tests.AutomationScripts@3a93b025]" started-at="2023-01-11T08:39:49 CST" name="launchBasicAuthTC4" finished-at="2023-01-11T08:39:51 CST" duration-ms="1934" status="FAIL">
          <exception class="org.openqa.selenium.UnhandledAlertException">
            <message>
              <![CDATA[Dismissed user prompt dialog: This site is asking you to sign in.: 
Build info: version: '3.141.59', revision: 'e82be7d358', time: '2018-11-14T08:17:03'
System info: host: 'LAPTOP-CB1MRQEM', ip: '192.168.1.70', os.name: 'Windows 10', os.arch: 'amd64', os.version: '10.0', java.version: '18'
Driver info: org.openqa.selenium.firefox.FirefoxDriver
Capabilities {acceptInsecureCerts: true, browserName: firefox, browserVersion: 100.0.2, javascriptEnabled: true, moz:accessibilityChecks: false, moz:buildID: 20220519220738, moz:geckodriverVersion: 0.31.0, moz:headless: false, moz:processID: 14440, moz:profile: C:\Users\harti\AppData\Loca..., moz:shutdownTimeout: 60000, moz:useNonSpecCompliantPointerOrigin: false, moz:webdriverClick: true, pageLoadStrategy: normal, platform: WINDOWS, platformName: WINDOWS, platformVersion: 10.0, proxy: Proxy(), setWindowRect: true, strictFileInteractability: false, timeouts: {implicit: 0, pageLoad: 300000, script: 30000}, unhandledPromptBehavior: dismiss and notify}
Session ID: 97a212f2-30ec-484b-97f2-4f8956bdf203]]>
            </message>
            <full-stacktrace>
              <![CDATA[org.openqa.selenium.UnhandledAlertException: Dismissed user prompt dialog: This site is asking you to sign in.: 
Build info: version: '3.141.59', revision: 'e82be7d358', time: '2018-11-14T08:17:03'
System info: host: 'LAPTOP-CB1MRQEM', ip: '192.168.1.70', os.name: 'Windows 10', os.arch: 'amd64', os.version: '10.0', java.version: '18'
Driver info: org.openqa.selenium.firefox.FirefoxDriver
Capabilities {acceptInsecureCerts: true, browserName: firefox, browserVersion: 100.0.2, javascriptEnabled: true, moz:accessibilityChecks: false, moz:buildID: 20220519220738, moz:geckodriverVersion: 0.31.0, moz:headless: false, moz:processID: 14440, moz:profile: C:\Users\harti\AppData\Loca..., moz:shutdownTimeout: 60000, moz:useNonSpecCompliantPointerOrigin: false, moz:webdriverClick: true, pageLoadStrategy: normal, platform: WINDOWS, platformName: WINDOWS, platformVersion: 10.0, proxy: Proxy(), setWindowRect: true, strictFileInteractability: false, timeouts: {implicit: 0, pageLoad: 300000, script: 30000}, unhandledPromptBehavior: dismiss and notify}
Session ID: 97a212f2-30ec-484b-97f2-4f8956bdf203
at org.openqa.selenium.remote.http.W3CHttpResponseCodec.decode(W3CHttpResponseCodec.java:120)
at org.openqa.selenium.remote.http.W3CHttpResponseCodec.decode(W3CHttpResponseCodec.java:49)
at org.openqa.selenium.remote.HttpCommandExecutor.execute(HttpCommandExecutor.java:158)
at org.openqa.selenium.remote.service.DriverCommandExecutor.execute(DriverCommandExecutor.java:83)
at org.openqa.selenium.remote.RemoteWebDriver.execute(RemoteWebDriver.java:552)
at org.openqa.selenium.remote.RemoteWebDriver.execute(RemoteWebDriver.java:609)
at org.openqa.selenium.remote.RemoteWebDriver.getScreenshotAs(RemoteWebDriver.java:295)
at internet_herokuapp_base.Base_Tests.captureScreenshot(Base_Tests.java:146)
at internet_herokuapp_tests.AutomationScripts.launchBasicAuthTC4(AutomationScripts.java:47)
at java.base/jdk.internal.reflect.DirectMethodHandleAccessor.invoke(DirectMethodHandleAccessor.java:104)
at java.base/java.lang.reflect.Method.invoke(Method.java:577)
at org.testng.internal.invokers.MethodInvocationHelper.invokeMethod(MethodInvocationHelper.java:135)
at org.testng.internal.invokers.TestInvoker.invokeMethod(TestInvoker.java:673)
at org.testng.internal.invokers.TestInvoker.invokeTestMethod(TestInvoker.java:220)
at org.testng.internal.invokers.MethodRunner.runInSequence(MethodRunner.java:50)
at org.testng.internal.invokers.TestInvoker$MethodInvocationAgent.invoke(TestInvoker.java:945)
at org.testng.internal.invokers.TestInvoker.invokeTestMethods(TestInvoker.java:193)
at org.testng.internal.invokers.TestMethodWorker.invokeTestMethods(TestMethodWorker.java:146)
at org.testng.internal.invokers.TestMethodWorker.run(TestMethodWorker.java:128)
at java.base/java.util.ArrayList.forEach(ArrayList.java:1511)
at org.testng.TestRunner.privateRun(TestRunner.java:808)
at org.testng.TestRunner.run(TestRunner.java:603)
at org.testng.SuiteRunner.runTest(SuiteRunner.java:429)
at org.testng.SuiteRunner.runSequentially(SuiteRunner.java:423)
at org.testng.SuiteRunner.privateRun(SuiteRunner.java:383)
at org.testng.SuiteRunner.run(SuiteRunner.java:326)
at org.testng.SuiteRunnerWorker.runSuite(SuiteRunnerWorker.java:52)
at org.testng.SuiteRunnerWorker.run(SuiteRunnerWorker.java:95)
at org.testng.TestNG.runSuitesSequentially(TestNG.java:1249)
at org.testng.TestNG.runSuitesLocally(TestNG.java:1169)
at org.testng.TestNG.runSuites(TestNG.java:1092)
at org.testng.TestNG.run(TestNG.java:1060)
at org.testng.remote.AbstractRemoteTestNG.run(AbstractRemoteTestNG.java:115)
at org.testng.remote.RemoteTestNG.initAndRun(RemoteTestNG.java:251)
at org.testng.remote.RemoteTestNG.main(RemoteTestNG.java:77)
]]>
            </full-stacktrace>
          </exception> <!-- org.openqa.selenium.UnhandledAlertException -->
          <reporter-output>
          </reporter-output>
        </test-method> <!-- launchBasicAuthTC4 -->
        <test-method is-config="true" signature="cleanup()[pri:0, instance:internet_herokuapp_tests.AutomationScripts@3a93b025]" started-at="2023-01-11T08:39:51 CST" name="cleanup" finished-at="2023-01-11T08:39:58 CST" duration-ms="6414" status="PASS">
          <reporter-output>
          </reporter-output>
        </test-method> <!-- cleanup -->
        <test-method is-config="true" signature="setUp(java.lang.reflect.Method)[pri:0, instance:internet_herokuapp_tests.AutomationScripts@3a93b025]" started-at="2023-01-11T08:39:58 CST" name="setUp" finished-at="2023-01-11T08:40:19 CST" duration-ms="21293" status="PASS">
          <params>
            <param index="0">
              <value>
                <![CDATA[public static void internet_herokuapp_tests.AutomationScripts.launchBrokenImagesTC5() throws java.io.IOException]]>
              </value>
            </param>
          </params>
          <reporter-output>
          </reporter-output>
        </test-method> <!-- setUp -->
        <test-method signature="launchBrokenImagesTC5()[pri:0, instance:internet_herokuapp_tests.AutomationScripts@3a93b025]" started-at="2023-01-11T08:40:19 CST" name="launchBrokenImagesTC5" finished-at="2023-01-11T08:40:23 CST" duration-ms="3470" status="PASS">
          <reporter-output>
          </reporter-output>
        </test-method> <!-- launchBrokenImagesTC5 -->
        <test-method is-config="true" signature="cleanup()[pri:0, instance:internet_herokuapp_tests.AutomationScripts@3a93b025]" started-at="2023-01-11T08:40:23 CST" name="cleanup" finished-at="2023-01-11T08:40:30 CST" duration-ms="7135" status="PASS">
          <reporter-output>
          </reporter-output>
        </test-method> <!-- cleanup -->
        <test-method is-config="true" signature="setUp(java.lang.reflect.Method)[pri:0, instance:internet_herokuapp_tests.AutomationScripts@3a93b025]" started-at="2023-01-11T08:40:30 CST" name="setUp" finished-at="2023-01-11T08:40:52 CST" duration-ms="22342" status="PASS">
          <params>
            <param index="0">
              <value>
                <![CDATA[public static void internet_herokuapp_tests.AutomationScripts.launchChallengingDOMTC6() throws java.io.IOException]]>
              </value>
            </param>
          </params>
          <reporter-output>
          </reporter-output>
        </test-method> <!-- setUp -->
        <test-method signature="launchChallengingDOMTC6()[pri:0, instance:internet_herokuapp_tests.AutomationScripts@3a93b025]" started-at="2023-01-11T08:40:52 CST" name="launchChallengingDOMTC6" finished-at="2023-01-11T08:41:02 CST" duration-ms="9824" status="PASS">
          <reporter-output>
          </reporter-output>
        </test-method> <!-- launchChallengingDOMTC6 -->
        <test-method is-config="true" signature="cleanup()[pri:0, instance:internet_herokuapp_tests.AutomationScripts@3a93b025]" started-at="2023-01-11T08:41:02 CST" name="cleanup" finished-at="2023-01-11T08:41:10 CST" duration-ms="7990" status="PASS">
          <reporter-output>
          </reporter-output>
        </test-method> <!-- cleanup -->
        <test-method is-config="true" signature="setUp(java.lang.reflect.Method)[pri:0, instance:internet_herokuapp_tests.AutomationScripts@3a93b025]" started-at="2023-01-11T08:41:10 CST" name="setUp" finished-at="2023-01-11T08:41:33 CST" duration-ms="22782" status="PASS">
          <params>
            <param index="0">
              <value>
                <![CDATA[public static void internet_herokuapp_tests.AutomationScripts.launchCheckboxesTC7() throws java.io.IOException]]>
              </value>
            </param>
          </params>
          <reporter-output>
          </reporter-output>
        </test-method> <!-- setUp -->
        <test-method signature="launchCheckboxesTC7()[pri:0, instance:internet_herokuapp_tests.AutomationScripts@3a93b025]" started-at="2023-01-11T08:41:33 CST" name="launchCheckboxesTC7" finished-at="2023-01-11T08:41:36 CST" duration-ms="3579" status="PASS">
          <reporter-output>
          </reporter-output>
        </test-method> <!-- launchCheckboxesTC7 -->
        <test-method is-config="true" signature="cleanup()[pri:0, instance:internet_herokuapp_tests.AutomationScripts@3a93b025]" started-at="2023-01-11T08:41:36 CST" name="cleanup" finished-at="2023-01-11T08:41:43 CST" duration-ms="6706" status="PASS">
          <reporter-output>
          </reporter-output>
        </test-method> <!-- cleanup -->
        <test-method is-config="true" signature="setUp(java.lang.reflect.Method)[pri:0, instance:internet_herokuapp_tests.AutomationScripts@3a93b025]" started-at="2023-01-11T08:41:43 CST" name="setUp" finished-at="2023-01-11T08:42:05 CST" duration-ms="22343" status="PASS">
          <params>
            <param index="0">
              <value>
                <![CDATA[public static void internet_herokuapp_tests.AutomationScripts.launchContextMenuTC8() throws java.io.IOException]]>
              </value>
            </param>
          </params>
          <reporter-output>
          </reporter-output>
        </test-method> <!-- setUp -->
        <test-method signature="launchContextMenuTC8()[pri:0, instance:internet_herokuapp_tests.AutomationScripts@3a93b025]" started-at="2023-01-11T08:42:05 CST" name="launchContextMenuTC8" finished-at="2023-01-11T08:42:07 CST" duration-ms="1909" status="FAIL">
          <exception class="org.openqa.selenium.NoAlertPresentException">
            <message>
              <![CDATA[
Build info: version: '3.141.59', revision: 'e82be7d358', time: '2018-11-14T08:17:03'
System info: host: 'LAPTOP-CB1MRQEM', ip: '192.168.1.70', os.name: 'Windows 10', os.arch: 'amd64', os.version: '10.0', java.version: '18'
Driver info: org.openqa.selenium.firefox.FirefoxDriver
Capabilities {acceptInsecureCerts: true, browserName: firefox, browserVersion: 100.0.2, javascriptEnabled: true, moz:accessibilityChecks: false, moz:buildID: 20220519220738, moz:geckodriverVersion: 0.31.0, moz:headless: false, moz:processID: 17348, moz:profile: C:\Users\harti\AppData\Loca..., moz:shutdownTimeout: 60000, moz:useNonSpecCompliantPointerOrigin: false, moz:webdriverClick: true, pageLoadStrategy: normal, platform: WINDOWS, platformName: WINDOWS, platformVersion: 10.0, proxy: Proxy(), setWindowRect: true, strictFileInteractability: false, timeouts: {implicit: 0, pageLoad: 300000, script: 30000}, unhandledPromptBehavior: dismiss and notify}
Session ID: 855cb47a-7b39-4e65-a759-76f2f5568345]]>
            </message>
            <full-stacktrace>
              <![CDATA[org.openqa.selenium.NoAlertPresentException: 
Build info: version: '3.141.59', revision: 'e82be7d358', time: '2018-11-14T08:17:03'
System info: host: 'LAPTOP-CB1MRQEM', ip: '192.168.1.70', os.name: 'Windows 10', os.arch: 'amd64', os.version: '10.0', java.version: '18'
Driver info: org.openqa.selenium.firefox.FirefoxDriver
Capabilities {acceptInsecureCerts: true, browserName: firefox, browserVersion: 100.0.2, javascriptEnabled: true, moz:accessibilityChecks: false, moz:buildID: 20220519220738, moz:geckodriverVersion: 0.31.0, moz:headless: false, moz:processID: 17348, moz:profile: C:\Users\harti\AppData\Loca..., moz:shutdownTimeout: 60000, moz:useNonSpecCompliantPointerOrigin: false, moz:webdriverClick: true, pageLoadStrategy: normal, platform: WINDOWS, platformName: WINDOWS, platformVersion: 10.0, proxy: Proxy(), setWindowRect: true, strictFileInteractability: false, timeouts: {implicit: 0, pageLoad: 300000, script: 30000}, unhandledPromptBehavior: dismiss and notify}
Session ID: 855cb47a-7b39-4e65-a759-76f2f5568345
at java.base/jdk.internal.reflect.DirectConstructorHandleAccessor.newInstance(DirectConstructorHandleAccessor.java:67)
at java.base/java.lang.reflect.Constructor.newInstanceWithCaller(Constructor.java:499)
at java.base/java.lang.reflect.Constructor.newInstance(Constructor.java:483)
at org.openqa.selenium.remote.http.W3CHttpResponseCodec.createException(W3CHttpResponseCodec.java:187)
at org.openqa.selenium.remote.http.W3CHttpResponseCodec.decode(W3CHttpResponseCodec.java:122)
at org.openqa.selenium.remote.http.W3CHttpResponseCodec.decode(W3CHttpResponseCodec.java:49)
at org.openqa.selenium.remote.HttpCommandExecutor.execute(HttpCommandExecutor.java:158)
at org.openqa.selenium.remote.service.DriverCommandExecutor.execute(DriverCommandExecutor.java:83)
at org.openqa.selenium.remote.RemoteWebDriver.execute(RemoteWebDriver.java:552)
at org.openqa.selenium.remote.RemoteWebDriver.execute(RemoteWebDriver.java:609)
at org.openqa.selenium.remote.RemoteWebDriver$RemoteTargetLocator.alert(RemoteWebDriver.java:932)
at internet_herokuapp_tests.AutomationScripts.launchContextMenuTC8(AutomationScripts.java:93)
at java.base/jdk.internal.reflect.DirectMethodHandleAccessor.invoke(DirectMethodHandleAccessor.java:104)
at java.base/java.lang.reflect.Method.invoke(Method.java:577)
at org.testng.internal.invokers.MethodInvocationHelper.invokeMethod(MethodInvocationHelper.java:135)
at org.testng.internal.invokers.TestInvoker.invokeMethod(TestInvoker.java:673)
at org.testng.internal.invokers.TestInvoker.invokeTestMethod(TestInvoker.java:220)
at org.testng.internal.invokers.MethodRunner.runInSequence(MethodRunner.java:50)
at org.testng.internal.invokers.TestInvoker$MethodInvocationAgent.invoke(TestInvoker.java:945)
at org.testng.internal.invokers.TestInvoker.invokeTestMethods(TestInvoker.java:193)
at org.testng.internal.invokers.TestMethodWorker.invokeTestMethods(TestMethodWorker.java:146)
at org.testng.internal.invokers.TestMethodWorker.run(TestMethodWorker.java:128)
at java.base/java.util.ArrayList.forEach(ArrayList.java:1511)
at org.testng.TestRunner.privateRun(TestRunner.java:808)
at org.testng.TestRunner.run(TestRunner.java:603)
at org.testng.SuiteRunner.runTest(SuiteRunner.java:429)
at org.testng.SuiteRunner.runSequentially(SuiteRunner.java:423)
at org.testng.SuiteRunner.privateRun(SuiteRunner.java:383)
at org.testng.SuiteRunner.run(SuiteRunner.java:326)
at org.testng.SuiteRunnerWorker.runSuite(SuiteRunnerWorker.java:52)
at org.testng.SuiteRunnerWorker.run(SuiteRunnerWorker.java:95)
at org.testng.TestNG.runSuitesSequentially(TestNG.java:1249)
at org.testng.TestNG.runSuitesLocally(TestNG.java:1169)
at org.testng.TestNG.runSuites(TestNG.java:1092)
at org.testng.TestNG.run(TestNG.java:1060)
at org.testng.remote.AbstractRemoteTestNG.run(AbstractRemoteTestNG.java:115)
at org.testng.remote.RemoteTestNG.initAndRun(RemoteTestNG.java:251)
at org.testng.remote.RemoteTestNG.main(RemoteTestNG.java:77)
]]>
            </full-stacktrace>
          </exception> <!-- org.openqa.selenium.NoAlertPresentException -->
          <reporter-output>
          </reporter-output>
        </test-method> <!-- launchContextMenuTC8 -->
        <test-method is-config="true" signature="cleanup()[pri:0, instance:internet_herokuapp_tests.AutomationScripts@3a93b025]" started-at="2023-01-11T08:42:07 CST" name="cleanup" finished-at="2023-01-11T08:42:15 CST" duration-ms="7829" status="PASS">
          <reporter-output>
          </reporter-output>
        </test-method> <!-- cleanup -->
        <test-method is-config="true" signature="setUp(java.lang.reflect.Method)[pri:0, instance:internet_herokuapp_tests.AutomationScripts@3a93b025]" started-at="2023-01-11T08:42:15 CST" name="setUp" finished-at="2023-01-11T08:42:38 CST" duration-ms="22447" status="PASS">
          <params>
            <param index="0">
              <value>
                <![CDATA[public static void internet_herokuapp_tests.AutomationScripts.launchDisaapearingElementsTC9() throws java.io.IOException,java.lang.InterruptedException]]>
              </value>
            </param>
          </params>
          <reporter-output>
          </reporter-output>
        </test-method> <!-- setUp -->
        <test-method signature="launchDisaapearingElementsTC9()[pri:0, instance:internet_herokuapp_tests.AutomationScripts@3a93b025]" started-at="2023-01-11T08:42:38 CST" name="launchDisaapearingElementsTC9" finished-at="2023-01-11T08:43:11 CST" duration-ms="33815" status="PASS">
          <reporter-output>
          </reporter-output>
        </test-method> <!-- launchDisaapearingElementsTC9 -->
        <test-method is-config="true" signature="cleanup()[pri:0, instance:internet_herokuapp_tests.AutomationScripts@3a93b025]" started-at="2023-01-11T08:43:11 CST" name="cleanup" finished-at="2023-01-11T08:43:19 CST" duration-ms="7159" status="PASS">
          <reporter-output>
          </reporter-output>
        </test-method> <!-- cleanup -->
        <test-method is-config="true" signature="setUp(java.lang.reflect.Method)[pri:0, instance:internet_herokuapp_tests.AutomationScripts@3a93b025]" started-at="2023-01-11T08:43:19 CST" name="setUp" finished-at="2023-01-11T08:43:42 CST" duration-ms="23224" status="PASS">
          <params>
            <param index="0">
              <value>
                <![CDATA[public static void internet_herokuapp_tests.AutomationScripts.launchDragAndDropTC10() throws java.io.IOException]]>
              </value>
            </param>
          </params>
          <reporter-output>
          </reporter-output>
        </test-method> <!-- setUp -->
        <test-method signature="launchDragAndDropTC10()[pri:0, instance:internet_herokuapp_tests.AutomationScripts@3a93b025]" started-at="2023-01-11T08:43:42 CST" name="launchDragAndDropTC10" finished-at="2023-01-11T08:43:45 CST" duration-ms="3201" status="PASS">
          <reporter-output>
          </reporter-output>
        </test-method> <!-- launchDragAndDropTC10 -->
        <test-method is-config="true" signature="cleanup()[pri:0, instance:internet_herokuapp_tests.AutomationScripts@3a93b025]" started-at="2023-01-11T08:43:45 CST" name="cleanup" finished-at="2023-01-11T08:43:51 CST" duration-ms="6346" status="PASS">
          <reporter-output>
          </reporter-output>
        </test-method> <!-- cleanup -->
        <test-method is-config="true" signature="setUp(java.lang.reflect.Method)[pri:0, instance:internet_herokuapp_tests.AutomationScripts@3a93b025]" started-at="2023-01-11T08:43:51 CST" name="setUp" finished-at="2023-01-11T08:44:14 CST" duration-ms="22221" status="PASS">
          <params>
            <param index="0">
              <value>
                <![CDATA[public static void internet_herokuapp_tests.AutomationScripts.launchDropdownTC11() throws java.io.IOException]]>
              </value>
            </param>
          </params>
          <reporter-output>
          </reporter-output>
        </test-method> <!-- setUp -->
        <test-method signature="launchDropdownTC11()[pri:0, instance:internet_herokuapp_tests.AutomationScripts@3a93b025]" started-at="2023-01-11T08:44:14 CST" name="launchDropdownTC11" finished-at="2023-01-11T08:44:17 CST" duration-ms="3343" status="PASS">
          <reporter-output>
          </reporter-output>
        </test-method> <!-- launchDropdownTC11 -->
        <test-method is-config="true" signature="cleanup()[pri:0, instance:internet_herokuapp_tests.AutomationScripts@3a93b025]" started-at="2023-01-11T08:44:17 CST" name="cleanup" finished-at="2023-01-11T08:44:23 CST" duration-ms="6383" status="PASS">
          <reporter-output>
          </reporter-output>
        </test-method> <!-- cleanup -->
        <test-method is-config="true" signature="setUp(java.lang.reflect.Method)[pri:0, instance:internet_herokuapp_tests.AutomationScripts@3a93b025]" started-at="2023-01-11T08:44:23 CST" name="setUp" finished-at="2023-01-11T08:44:45 CST" duration-ms="22139" status="PASS">
          <params>
            <param index="0">
              <value>
                <![CDATA[public static void internet_herokuapp_tests.AutomationScripts.launchDynamicContentTC12() throws java.io.IOException]]>
              </value>
            </param>
          </params>
          <reporter-output>
          </reporter-output>
        </test-method> <!-- setUp -->
        <test-method signature="launchDynamicContentTC12()[pri:0, instance:internet_herokuapp_tests.AutomationScripts@3a93b025]" started-at="2023-01-11T08:44:45 CST" name="launchDynamicContentTC12" finished-at="2023-01-11T08:44:50 CST" duration-ms="4268" status="PASS">
          <reporter-output>
          </reporter-output>
        </test-method> <!-- launchDynamicContentTC12 -->
        <test-method is-config="true" signature="cleanup()[pri:0, instance:internet_herokuapp_tests.AutomationScripts@3a93b025]" started-at="2023-01-11T08:44:50 CST" name="cleanup" finished-at="2023-01-11T08:44:59 CST" duration-ms="8770" status="PASS">
          <reporter-output>
          </reporter-output>
        </test-method> <!-- cleanup -->
        <test-method is-config="true" signature="setUp(java.lang.reflect.Method)[pri:0, instance:internet_herokuapp_tests.AutomationScripts@3a93b025]" started-at="2023-01-11T08:44:59 CST" name="setUp" finished-at="2023-01-11T08:45:20 CST" duration-ms="21578" status="PASS">
          <params>
            <param index="0">
              <value>
                <![CDATA[public static void internet_herokuapp_tests.AutomationScripts.launchDynamicLoadingTC13() throws java.io.IOException]]>
              </value>
            </param>
          </params>
          <reporter-output>
          </reporter-output>
        </test-method> <!-- setUp -->
        <test-method signature="launchDynamicLoadingTC13()[pri:0, instance:internet_herokuapp_tests.AutomationScripts@3a93b025]" started-at="2023-01-11T08:45:20 CST" name="launchDynamicLoadingTC13" finished-at="2023-01-11T08:45:38 CST" duration-ms="17893" status="PASS">
          <reporter-output>
          </reporter-output>
        </test-method> <!-- launchDynamicLoadingTC13 -->
        <test-method is-config="true" signature="cleanup()[pri:0, instance:internet_herokuapp_tests.AutomationScripts@3a93b025]" started-at="2023-01-11T08:45:38 CST" name="cleanup" finished-at="2023-01-11T08:45:47 CST" duration-ms="9263" status="PASS">
          <reporter-output>
          </reporter-output>
        </test-method> <!-- cleanup -->
        <test-method is-config="true" signature="setUp(java.lang.reflect.Method)[pri:0, instance:internet_herokuapp_tests.AutomationScripts@3a93b025]" started-at="2023-01-11T08:45:47 CST" name="setUp" finished-at="2023-01-11T08:46:08 CST" duration-ms="20889" status="PASS">
          <params>
            <param index="0">
              <value>
                <![CDATA[public static void internet_herokuapp_tests.AutomationScripts.launchEntryAdTC14() throws java.io.IOException]]>
              </value>
            </param>
          </params>
          <reporter-output>
          </reporter-output>
        </test-method> <!-- setUp -->
        <test-method signature="launchEntryAdTC14()[pri:0, instance:internet_herokuapp_tests.AutomationScripts@3a93b025]" started-at="2023-01-11T08:46:08 CST" name="launchEntryAdTC14" finished-at="2023-01-11T08:46:13 CST" duration-ms="4888" status="FAIL">
          <exception class="org.openqa.selenium.NoAlertPresentException">
            <message>
              <![CDATA[
Build info: version: '3.141.59', revision: 'e82be7d358', time: '2018-11-14T08:17:03'
System info: host: 'LAPTOP-CB1MRQEM', ip: '192.168.1.70', os.name: 'Windows 10', os.arch: 'amd64', os.version: '10.0', java.version: '18'
Driver info: org.openqa.selenium.firefox.FirefoxDriver
Capabilities {acceptInsecureCerts: true, browserName: firefox, browserVersion: 100.0.2, javascriptEnabled: true, moz:accessibilityChecks: false, moz:buildID: 20220519220738, moz:geckodriverVersion: 0.31.0, moz:headless: false, moz:processID: 14728, moz:profile: C:\Users\harti\AppData\Loca..., moz:shutdownTimeout: 60000, moz:useNonSpecCompliantPointerOrigin: false, moz:webdriverClick: true, pageLoadStrategy: normal, platform: WINDOWS, platformName: WINDOWS, platformVersion: 10.0, proxy: Proxy(), setWindowRect: true, strictFileInteractability: false, timeouts: {implicit: 0, pageLoad: 300000, script: 30000}, unhandledPromptBehavior: dismiss and notify}
Session ID: d2a273d0-dafa-47ec-a67c-604c260e3519]]>
            </message>
            <full-stacktrace>
              <![CDATA[org.openqa.selenium.NoAlertPresentException: 
Build info: version: '3.141.59', revision: 'e82be7d358', time: '2018-11-14T08:17:03'
System info: host: 'LAPTOP-CB1MRQEM', ip: '192.168.1.70', os.name: 'Windows 10', os.arch: 'amd64', os.version: '10.0', java.version: '18'
Driver info: org.openqa.selenium.firefox.FirefoxDriver
Capabilities {acceptInsecureCerts: true, browserName: firefox, browserVersion: 100.0.2, javascriptEnabled: true, moz:accessibilityChecks: false, moz:buildID: 20220519220738, moz:geckodriverVersion: 0.31.0, moz:headless: false, moz:processID: 14728, moz:profile: C:\Users\harti\AppData\Loca..., moz:shutdownTimeout: 60000, moz:useNonSpecCompliantPointerOrigin: false, moz:webdriverClick: true, pageLoadStrategy: normal, platform: WINDOWS, platformName: WINDOWS, platformVersion: 10.0, proxy: Proxy(), setWindowRect: true, strictFileInteractability: false, timeouts: {implicit: 0, pageLoad: 300000, script: 30000}, unhandledPromptBehavior: dismiss and notify}
Session ID: d2a273d0-dafa-47ec-a67c-604c260e3519
at java.base/jdk.internal.reflect.DirectConstructorHandleAccessor.newInstance(DirectConstructorHandleAccessor.java:67)
at java.base/java.lang.reflect.Constructor.newInstanceWithCaller(Constructor.java:499)
at java.base/java.lang.reflect.Constructor.newInstance(Constructor.java:483)
at org.openqa.selenium.remote.http.W3CHttpResponseCodec.createException(W3CHttpResponseCodec.java:187)
at org.openqa.selenium.remote.http.W3CHttpResponseCodec.decode(W3CHttpResponseCodec.java:122)
at org.openqa.selenium.remote.http.W3CHttpResponseCodec.decode(W3CHttpResponseCodec.java:49)
at org.openqa.selenium.remote.HttpCommandExecutor.execute(HttpCommandExecutor.java:158)
at org.openqa.selenium.remote.service.DriverCommandExecutor.execute(DriverCommandExecutor.java:83)
at org.openqa.selenium.remote.RemoteWebDriver.execute(RemoteWebDriver.java:552)
at org.openqa.selenium.remote.RemoteWebDriver.execute(RemoteWebDriver.java:609)
at org.openqa.selenium.remote.RemoteWebDriver$RemoteTargetLocator.alert(RemoteWebDriver.java:932)
at internet_herokuapp_tests.AutomationScripts.launchEntryAdTC14(AutomationScripts.java:161)
at java.base/jdk.internal.reflect.DirectMethodHandleAccessor.invoke(DirectMethodHandleAccessor.java:104)
at java.base/java.lang.reflect.Method.invoke(Method.java:577)
at org.testng.internal.invokers.MethodInvocationHelper.invokeMethod(MethodInvocationHelper.java:135)
at org.testng.internal.invokers.TestInvoker.invokeMethod(TestInvoker.java:673)
at org.testng.internal.invokers.TestInvoker.invokeTestMethod(TestInvoker.java:220)
at org.testng.internal.invokers.MethodRunner.runInSequence(MethodRunner.java:50)
at org.testng.internal.invokers.TestInvoker$MethodInvocationAgent.invoke(TestInvoker.java:945)
at org.testng.internal.invokers.TestInvoker.invokeTestMethods(TestInvoker.java:193)
at org.testng.internal.invokers.TestMethodWorker.invokeTestMethods(TestMethodWorker.java:146)
at org.testng.internal.invokers.TestMethodWorker.run(TestMethodWorker.java:128)
at java.base/java.util.ArrayList.forEach(ArrayList.java:1511)
at org.testng.TestRunner.privateRun(TestRunner.java:808)
at org.testng.TestRunner.run(TestRunner.java:603)
at org.testng.SuiteRunner.runTest(SuiteRunner.java:429)
at org.testng.SuiteRunner.runSequentially(SuiteRunner.java:423)
at org.testng.SuiteRunner.privateRun(SuiteRunner.java:383)
at org.testng.SuiteRunner.run(SuiteRunner.java:326)
at org.testng.SuiteRunnerWorker.runSuite(SuiteRunnerWorker.java:52)
at org.testng.SuiteRunnerWorker.run(SuiteRunnerWorker.java:95)
at org.testng.TestNG.runSuitesSequentially(TestNG.java:1249)
at org.testng.TestNG.runSuitesLocally(TestNG.java:1169)
at org.testng.TestNG.runSuites(TestNG.java:1092)
at org.testng.TestNG.run(TestNG.java:1060)
at org.testng.remote.AbstractRemoteTestNG.run(AbstractRemoteTestNG.java:115)
at org.testng.remote.RemoteTestNG.initAndRun(RemoteTestNG.java:251)
at org.testng.remote.RemoteTestNG.main(RemoteTestNG.java:77)
]]>
            </full-stacktrace>
          </exception> <!-- org.openqa.selenium.NoAlertPresentException -->
          <reporter-output>
          </reporter-output>
        </test-method> <!-- launchEntryAdTC14 -->
        <test-method is-config="true" signature="cleanup()[pri:0, instance:internet_herokuapp_tests.AutomationScripts@3a93b025]" started-at="2023-01-11T08:46:13 CST" name="cleanup" finished-at="2023-01-11T08:46:20 CST" duration-ms="7396" status="PASS">
          <reporter-output>
          </reporter-output>
        </test-method> <!-- cleanup -->
        <test-method is-config="true" signature="setUp(java.lang.reflect.Method)[pri:0, instance:internet_herokuapp_tests.AutomationScripts@3a93b025]" started-at="2023-01-11T08:46:20 CST" name="setUp" finished-at="2023-01-11T08:46:42 CST" duration-ms="21499" status="PASS">
          <params>
            <param index="0">
              <value>
                <![CDATA[public static void internet_herokuapp_tests.AutomationScripts.launchExitIntentTC15() throws java.io.IOException]]>
              </value>
            </param>
          </params>
          <reporter-output>
          </reporter-output>
        </test-method> <!-- setUp -->
        <test-method signature="launchExitIntentTC15()[pri:0, instance:internet_herokuapp_tests.AutomationScripts@3a93b025]" started-at="2023-01-11T08:46:42 CST" name="launchExitIntentTC15" finished-at="2023-01-11T08:46:45 CST" duration-ms="2599" status="FAIL">
          <exception class="org.openqa.selenium.ElementNotInteractableException">
            <message>
              <![CDATA[Element <p> could not be scrolled into view
Build info: version: '3.141.59', revision: 'e82be7d358', time: '2018-11-14T08:17:03'
System info: host: 'LAPTOP-CB1MRQEM', ip: '192.168.1.70', os.name: 'Windows 10', os.arch: 'amd64', os.version: '10.0', java.version: '18'
Driver info: org.openqa.selenium.firefox.FirefoxDriver
Capabilities {acceptInsecureCerts: true, browserName: firefox, browserVersion: 100.0.2, javascriptEnabled: true, moz:accessibilityChecks: false, moz:buildID: 20220519220738, moz:geckodriverVersion: 0.31.0, moz:headless: false, moz:processID: 13956, moz:profile: C:\Users\harti\AppData\Loca..., moz:shutdownTimeout: 60000, moz:useNonSpecCompliantPointerOrigin: false, moz:webdriverClick: true, pageLoadStrategy: normal, platform: WINDOWS, platformName: WINDOWS, platformVersion: 10.0, proxy: Proxy(), setWindowRect: true, strictFileInteractability: false, timeouts: {implicit: 0, pageLoad: 300000, script: 30000}, unhandledPromptBehavior: dismiss and notify}
Session ID: 43486024-c7cc-4e61-ae70-6d85852e2cd4]]>
            </message>
            <full-stacktrace>
              <![CDATA[org.openqa.selenium.ElementNotInteractableException: Element <p> could not be scrolled into view
Build info: version: '3.141.59', revision: 'e82be7d358', time: '2018-11-14T08:17:03'
System info: host: 'LAPTOP-CB1MRQEM', ip: '192.168.1.70', os.name: 'Windows 10', os.arch: 'amd64', os.version: '10.0', java.version: '18'
Driver info: org.openqa.selenium.firefox.FirefoxDriver
Capabilities {acceptInsecureCerts: true, browserName: firefox, browserVersion: 100.0.2, javascriptEnabled: true, moz:accessibilityChecks: false, moz:buildID: 20220519220738, moz:geckodriverVersion: 0.31.0, moz:headless: false, moz:processID: 13956, moz:profile: C:\Users\harti\AppData\Loca..., moz:shutdownTimeout: 60000, moz:useNonSpecCompliantPointerOrigin: false, moz:webdriverClick: true, pageLoadStrategy: normal, platform: WINDOWS, platformName: WINDOWS, platformVersion: 10.0, proxy: Proxy(), setWindowRect: true, strictFileInteractability: false, timeouts: {implicit: 0, pageLoad: 300000, script: 30000}, unhandledPromptBehavior: dismiss and notify}
Session ID: 43486024-c7cc-4e61-ae70-6d85852e2cd4
at java.base/jdk.internal.reflect.DirectConstructorHandleAccessor.newInstance(DirectConstructorHandleAccessor.java:67)
at java.base/java.lang.reflect.Constructor.newInstanceWithCaller(Constructor.java:499)
at java.base/java.lang.reflect.Constructor.newInstance(Constructor.java:483)
at org.openqa.selenium.remote.http.W3CHttpResponseCodec.createException(W3CHttpResponseCodec.java:187)
at org.openqa.selenium.remote.http.W3CHttpResponseCodec.decode(W3CHttpResponseCodec.java:122)
at org.openqa.selenium.remote.http.W3CHttpResponseCodec.decode(W3CHttpResponseCodec.java:49)
at org.openqa.selenium.remote.HttpCommandExecutor.execute(HttpCommandExecutor.java:158)
at org.openqa.selenium.remote.service.DriverCommandExecutor.execute(DriverCommandExecutor.java:83)
at org.openqa.selenium.remote.RemoteWebDriver.execute(RemoteWebDriver.java:552)
at org.openqa.selenium.remote.RemoteWebElement.execute(RemoteWebElement.java:285)
at org.openqa.selenium.remote.RemoteWebElement.click(RemoteWebElement.java:84)
at internet_herokuapp_tests.AutomationScripts.launchExitIntentTC15(AutomationScripts.java:173)
at java.base/jdk.internal.reflect.DirectMethodHandleAccessor.invoke(DirectMethodHandleAccessor.java:104)
at java.base/java.lang.reflect.Method.invoke(Method.java:577)
at org.testng.internal.invokers.MethodInvocationHelper.invokeMethod(MethodInvocationHelper.java:135)
at org.testng.internal.invokers.TestInvoker.invokeMethod(TestInvoker.java:673)
at org.testng.internal.invokers.TestInvoker.invokeTestMethod(TestInvoker.java:220)
at org.testng.internal.invokers.MethodRunner.runInSequence(MethodRunner.java:50)
at org.testng.internal.invokers.TestInvoker$MethodInvocationAgent.invoke(TestInvoker.java:945)
at org.testng.internal.invokers.TestInvoker.invokeTestMethods(TestInvoker.java:193)
at org.testng.internal.invokers.TestMethodWorker.invokeTestMethods(TestMethodWorker.java:146)
at org.testng.internal.invokers.TestMethodWorker.run(TestMethodWorker.java:128)
at java.base/java.util.ArrayList.forEach(ArrayList.java:1511)
at org.testng.TestRunner.privateRun(TestRunner.java:808)
at org.testng.TestRunner.run(TestRunner.java:603)
at org.testng.SuiteRunner.runTest(SuiteRunner.java:429)
at org.testng.SuiteRunner.runSequentially(SuiteRunner.java:423)
at org.testng.SuiteRunner.privateRun(SuiteRunner.java:383)
at org.testng.SuiteRunner.run(SuiteRunner.java:326)
at org.testng.SuiteRunnerWorker.runSuite(SuiteRunnerWorker.java:52)
at org.testng.SuiteRunnerWorker.run(SuiteRunnerWorker.java:95)
at org.testng.TestNG.runSuitesSequentially(TestNG.java:1249)
at org.testng.TestNG.runSuitesLocally(TestNG.java:1169)
at org.testng.TestNG.runSuites(TestNG.java:1092)
at org.testng.TestNG.run(TestNG.java:1060)
at org.testng.remote.AbstractRemoteTestNG.run(AbstractRemoteTestNG.java:115)
at org.testng.remote.RemoteTestNG.initAndRun(RemoteTestNG.java:251)
at org.testng.remote.RemoteTestNG.main(RemoteTestNG.java:77)
]]>
            </full-stacktrace>
          </exception> <!-- org.openqa.selenium.ElementNotInteractableException -->
          <reporter-output>
          </reporter-output>
        </test-method> <!-- launchExitIntentTC15 -->
        <test-method is-config="true" signature="cleanup()[pri:0, instance:internet_herokuapp_tests.AutomationScripts@3a93b025]" started-at="2023-01-11T08:46:45 CST" name="cleanup" finished-at="2023-01-11T08:46:51 CST" duration-ms="6697" status="PASS">
          <reporter-output>
          </reporter-output>
        </test-method> <!-- cleanup -->
        <test-method is-config="true" signature="setUp(java.lang.reflect.Method)[pri:0, instance:internet_herokuapp_tests.AutomationScripts@3a93b025]" started-at="2023-01-11T08:46:51 CST" name="setUp" finished-at="2023-01-11T08:47:12 CST" duration-ms="20949" status="PASS">
          <params>
            <param index="0">
              <value>
                <![CDATA[public static void internet_herokuapp_tests.AutomationScripts.launchFileDownloadTC16() throws java.io.IOException]]>
              </value>
            </param>
          </params>
          <reporter-output>
          </reporter-output>
        </test-method> <!-- setUp -->
        <test-method signature="launchFileDownloadTC16()[pri:0, instance:internet_herokuapp_tests.AutomationScripts@3a93b025]" started-at="2023-01-11T08:47:12 CST" name="launchFileDownloadTC16" finished-at="2023-01-11T08:47:14 CST" duration-ms="1539" status="FAIL">
          <exception class="org.openqa.selenium.NoSuchElementException">
            <message>
              <![CDATA[Unable to locate element: //a[@href='download/some-file (1).txt']
For documentation on this error, please visit: https://www.seleniumhq.org/exceptions/no_such_element.html
Build info: version: '3.141.59', revision: 'e82be7d358', time: '2018-11-14T08:17:03'
System info: host: 'LAPTOP-CB1MRQEM', ip: '192.168.1.70', os.name: 'Windows 10', os.arch: 'amd64', os.version: '10.0', java.version: '18'
Driver info: org.openqa.selenium.firefox.FirefoxDriver
Capabilities {acceptInsecureCerts: true, browserName: firefox, browserVersion: 100.0.2, javascriptEnabled: true, moz:accessibilityChecks: false, moz:buildID: 20220519220738, moz:geckodriverVersion: 0.31.0, moz:headless: false, moz:processID: 13152, moz:profile: C:\Users\harti\AppData\Loca..., moz:shutdownTimeout: 60000, moz:useNonSpecCompliantPointerOrigin: false, moz:webdriverClick: true, pageLoadStrategy: normal, platform: WINDOWS, platformName: WINDOWS, platformVersion: 10.0, proxy: Proxy(), setWindowRect: true, strictFileInteractability: false, timeouts: {implicit: 0, pageLoad: 300000, script: 30000}, unhandledPromptBehavior: dismiss and notify}
Session ID: eee9feec-017a-4920-8297-7cec40ea5812
*** Element info: {Using=xpath, value=//a[@href='download/some-file (1).txt']}]]>
            </message>
            <full-stacktrace>
              <![CDATA[org.openqa.selenium.NoSuchElementException: Unable to locate element: //a[@href='download/some-file (1).txt']
For documentation on this error, please visit: https://www.seleniumhq.org/exceptions/no_such_element.html
Build info: version: '3.141.59', revision: 'e82be7d358', time: '2018-11-14T08:17:03'
System info: host: 'LAPTOP-CB1MRQEM', ip: '192.168.1.70', os.name: 'Windows 10', os.arch: 'amd64', os.version: '10.0', java.version: '18'
Driver info: org.openqa.selenium.firefox.FirefoxDriver
Capabilities {acceptInsecureCerts: true, browserName: firefox, browserVersion: 100.0.2, javascriptEnabled: true, moz:accessibilityChecks: false, moz:buildID: 20220519220738, moz:geckodriverVersion: 0.31.0, moz:headless: false, moz:processID: 13152, moz:profile: C:\Users\harti\AppData\Loca..., moz:shutdownTimeout: 60000, moz:useNonSpecCompliantPointerOrigin: false, moz:webdriverClick: true, pageLoadStrategy: normal, platform: WINDOWS, platformName: WINDOWS, platformVersion: 10.0, proxy: Proxy(), setWindowRect: true, strictFileInteractability: false, timeouts: {implicit: 0, pageLoad: 300000, script: 30000}, unhandledPromptBehavior: dismiss and notify}
Session ID: eee9feec-017a-4920-8297-7cec40ea5812
*** Element info: {Using=xpath, value=//a[@href='download/some-file (1).txt']}
at java.base/jdk.internal.reflect.DirectConstructorHandleAccessor.newInstance(DirectConstructorHandleAccessor.java:67)
at java.base/java.lang.reflect.Constructor.newInstanceWithCaller(Constructor.java:499)
at java.base/java.lang.reflect.Constructor.newInstance(Constructor.java:483)
at org.openqa.selenium.remote.http.W3CHttpResponseCodec.createException(W3CHttpResponseCodec.java:187)
at org.openqa.selenium.remote.http.W3CHttpResponseCodec.decode(W3CHttpResponseCodec.java:122)
at org.openqa.selenium.remote.http.W3CHttpResponseCodec.decode(W3CHttpResponseCodec.java:49)
at org.openqa.selenium.remote.HttpCommandExecutor.execute(HttpCommandExecutor.java:158)
at org.openqa.selenium.remote.service.DriverCommandExecutor.execute(DriverCommandExecutor.java:83)
at org.openqa.selenium.remote.RemoteWebDriver.execute(RemoteWebDriver.java:552)
at org.openqa.selenium.remote.RemoteWebDriver.findElement(RemoteWebDriver.java:323)
at org.openqa.selenium.remote.RemoteWebDriver.findElementByXPath(RemoteWebDriver.java:428)
at org.openqa.selenium.By$ByXPath.findElement(By.java:353)
at org.openqa.selenium.remote.RemoteWebDriver.findElement(RemoteWebDriver.java:315)
at internet_herokuapp_tests.AutomationScripts.launchFileDownloadTC16(AutomationScripts.java:185)
at java.base/jdk.internal.reflect.DirectMethodHandleAccessor.invoke(DirectMethodHandleAccessor.java:104)
at java.base/java.lang.reflect.Method.invoke(Method.java:577)
at org.testng.internal.invokers.MethodInvocationHelper.invokeMethod(MethodInvocationHelper.java:135)
at org.testng.internal.invokers.TestInvoker.invokeMethod(TestInvoker.java:673)
at org.testng.internal.invokers.TestInvoker.invokeTestMethod(TestInvoker.java:220)
at org.testng.internal.invokers.MethodRunner.runInSequence(MethodRunner.java:50)
at org.testng.internal.invokers.TestInvoker$MethodInvocationAgent.invoke(TestInvoker.java:945)
at org.testng.internal.invokers.TestInvoker.invokeTestMethods(TestInvoker.java:193)
at org.testng.internal.invokers.TestMethodWorker.invokeTestMethods(TestMethodWorker.java:146)
at org.testng.internal.invokers.TestMethodWorker.run(TestMethodWorker.java:128)
at java.base/java.util.ArrayList.forEach(ArrayList.java:1511)
at org.testng.TestRunner.privateRun(TestRunner.java:808)
at org.testng.TestRunner.run(TestRunner.java:603)
at org.testng.SuiteRunner.runTest(SuiteRunner.java:429)
at org.testng.SuiteRunner.runSequentially(SuiteRunner.java:423)
at org.testng.SuiteRunner.privateRun(SuiteRunner.java:383)
at org.testng.SuiteRunner.run(SuiteRunner.java:326)
at org.testng.SuiteRunnerWorker.runSuite(SuiteRunnerWorker.java:52)
at org.testng.SuiteRunnerWorker.run(SuiteRunnerWorker.java:95)
at org.testng.TestNG.runSuitesSequentially(TestNG.java:1249)
at org.testng.TestNG.runSuitesLocally(TestNG.java:1169)
at org.testng.TestNG.runSuites(TestNG.java:1092)
at org.testng.TestNG.run(TestNG.java:1060)
at org.testng.remote.AbstractRemoteTestNG.run(AbstractRemoteTestNG.java:115)
at org.testng.remote.RemoteTestNG.initAndRun(RemoteTestNG.java:251)
at org.testng.remote.RemoteTestNG.main(RemoteTestNG.java:77)
]]>
            </full-stacktrace>
          </exception> <!-- org.openqa.selenium.NoSuchElementException -->
          <reporter-output>
          </reporter-output>
        </test-method> <!-- launchFileDownloadTC16 -->
        <test-method is-config="true" signature="cleanup()[pri:0, instance:internet_herokuapp_tests.AutomationScripts@3a93b025]" started-at="2023-01-11T08:47:14 CST" name="cleanup" finished-at="2023-01-11T08:47:22 CST" duration-ms="8103" status="PASS">
          <reporter-output>
          </reporter-output>
        </test-method> <!-- cleanup -->
        <test-method is-config="true" signature="setUp(java.lang.reflect.Method)[pri:0, instance:internet_herokuapp_tests.AutomationScripts@3a93b025]" started-at="2023-01-11T08:47:22 CST" name="setUp" finished-at="2023-01-11T08:47:46 CST" duration-ms="23683" status="PASS">
          <params>
            <param index="0">
              <value>
                <![CDATA[public static void internet_herokuapp_tests.AutomationScripts.launchFileUploadTC17() throws java.io.IOException]]>
              </value>
            </param>
          </params>
          <reporter-output>
          </reporter-output>
        </test-method> <!-- setUp -->
        <test-method signature="launchFileUploadTC17()[pri:0, instance:internet_herokuapp_tests.AutomationScripts@3a93b025]" started-at="2023-01-11T08:47:46 CST" name="launchFileUploadTC17" finished-at="2023-01-11T08:47:49 CST" duration-ms="3592" status="FAIL">
          <exception class="org.openqa.selenium.InvalidArgumentException">
            <message>
              <![CDATA[File not found: C:HarithaSimpliLearnSeleniumProjectsError.jpg
Build info: version: '3.141.59', revision: 'e82be7d358', time: '2018-11-14T08:17:03'
System info: host: 'LAPTOP-CB1MRQEM', ip: '192.168.1.70', os.name: 'Windows 10', os.arch: 'amd64', os.version: '10.0', java.version: '18'
Driver info: org.openqa.selenium.firefox.FirefoxDriver
Capabilities {acceptInsecureCerts: true, browserName: firefox, browserVersion: 100.0.2, javascriptEnabled: true, moz:accessibilityChecks: false, moz:buildID: 20220519220738, moz:geckodriverVersion: 0.31.0, moz:headless: false, moz:processID: 5284, moz:profile: C:\Users\harti\AppData\Loca..., moz:shutdownTimeout: 60000, moz:useNonSpecCompliantPointerOrigin: false, moz:webdriverClick: true, pageLoadStrategy: normal, platform: WINDOWS, platformName: WINDOWS, platformVersion: 10.0, proxy: Proxy(), setWindowRect: true, strictFileInteractability: false, timeouts: {implicit: 0, pageLoad: 300000, script: 30000}, unhandledPromptBehavior: dismiss and notify}
Session ID: 4dc5c02c-05cc-4b21-a8c3-dd909d365267]]>
            </message>
            <full-stacktrace>
              <![CDATA[org.openqa.selenium.InvalidArgumentException: File not found: C:HarithaSimpliLearnSeleniumProjectsError.jpg
Build info: version: '3.141.59', revision: 'e82be7d358', time: '2018-11-14T08:17:03'
System info: host: 'LAPTOP-CB1MRQEM', ip: '192.168.1.70', os.name: 'Windows 10', os.arch: 'amd64', os.version: '10.0', java.version: '18'
Driver info: org.openqa.selenium.firefox.FirefoxDriver
Capabilities {acceptInsecureCerts: true, browserName: firefox, browserVersion: 100.0.2, javascriptEnabled: true, moz:accessibilityChecks: false, moz:buildID: 20220519220738, moz:geckodriverVersion: 0.31.0, moz:headless: false, moz:processID: 5284, moz:profile: C:\Users\harti\AppData\Loca..., moz:shutdownTimeout: 60000, moz:useNonSpecCompliantPointerOrigin: false, moz:webdriverClick: true, pageLoadStrategy: normal, platform: WINDOWS, platformName: WINDOWS, platformVersion: 10.0, proxy: Proxy(), setWindowRect: true, strictFileInteractability: false, timeouts: {implicit: 0, pageLoad: 300000, script: 30000}, unhandledPromptBehavior: dismiss and notify}
Session ID: 4dc5c02c-05cc-4b21-a8c3-dd909d365267
at java.base/jdk.internal.reflect.DirectConstructorHandleAccessor.newInstance(DirectConstructorHandleAccessor.java:67)
at java.base/java.lang.reflect.Constructor.newInstanceWithCaller(Constructor.java:499)
at java.base/java.lang.reflect.Constructor.newInstance(Constructor.java:483)
at org.openqa.selenium.remote.http.W3CHttpResponseCodec.createException(W3CHttpResponseCodec.java:187)
at org.openqa.selenium.remote.http.W3CHttpResponseCodec.decode(W3CHttpResponseCodec.java:122)
at org.openqa.selenium.remote.http.W3CHttpResponseCodec.decode(W3CHttpResponseCodec.java:49)
at org.openqa.selenium.remote.HttpCommandExecutor.execute(HttpCommandExecutor.java:158)
at org.openqa.selenium.remote.service.DriverCommandExecutor.execute(DriverCommandExecutor.java:83)
at org.openqa.selenium.remote.RemoteWebDriver.execute(RemoteWebDriver.java:552)
at org.openqa.selenium.remote.RemoteWebElement.execute(RemoteWebElement.java:285)
at org.openqa.selenium.remote.RemoteWebElement.sendKeys(RemoteWebElement.java:106)
at internet_herokuapp_tests.AutomationScripts.launchFileUploadTC17(AutomationScripts.java:194)
at java.base/jdk.internal.reflect.DirectMethodHandleAccessor.invoke(DirectMethodHandleAccessor.java:104)
at java.base/java.lang.reflect.Method.invoke(Method.java:577)
at org.testng.internal.invokers.MethodInvocationHelper.invokeMethod(MethodInvocationHelper.java:135)
at org.testng.internal.invokers.TestInvoker.invokeMethod(TestInvoker.java:673)
at org.testng.internal.invokers.TestInvoker.invokeTestMethod(TestInvoker.java:220)
at org.testng.internal.invokers.MethodRunner.runInSequence(MethodRunner.java:50)
at org.testng.internal.invokers.TestInvoker$MethodInvocationAgent.invoke(TestInvoker.java:945)
at org.testng.internal.invokers.TestInvoker.invokeTestMethods(TestInvoker.java:193)
at org.testng.internal.invokers.TestMethodWorker.invokeTestMethods(TestMethodWorker.java:146)
at org.testng.internal.invokers.TestMethodWorker.run(TestMethodWorker.java:128)
at java.base/java.util.ArrayList.forEach(ArrayList.java:1511)
at org.testng.TestRunner.privateRun(TestRunner.java:808)
at org.testng.TestRunner.run(TestRunner.java:603)
at org.testng.SuiteRunner.runTest(SuiteRunner.java:429)
at org.testng.SuiteRunner.runSequentially(SuiteRunner.java:423)
at org.testng.SuiteRunner.privateRun(SuiteRunner.java:383)
at org.testng.SuiteRunner.run(SuiteRunner.java:326)
at org.testng.SuiteRunnerWorker.runSuite(SuiteRunnerWorker.java:52)
at org.testng.SuiteRunnerWorker.run(SuiteRunnerWorker.java:95)
at org.testng.TestNG.runSuitesSequentially(TestNG.java:1249)
at org.testng.TestNG.runSuitesLocally(TestNG.java:1169)
at org.testng.TestNG.runSuites(TestNG.java:1092)
at org.testng.TestNG.run(TestNG.java:1060)
at org.testng.remote.AbstractRemoteTestNG.run(AbstractRemoteTestNG.java:115)
at org.testng.remote.RemoteTestNG.initAndRun(RemoteTestNG.java:251)
at org.testng.remote.RemoteTestNG.main(RemoteTestNG.java:77)
]]>
            </full-stacktrace>
          </exception> <!-- org.openqa.selenium.InvalidArgumentException -->
          <reporter-output>
          </reporter-output>
        </test-method> <!-- launchFileUploadTC17 -->
        <test-method is-config="true" signature="cleanup()[pri:0, instance:internet_herokuapp_tests.AutomationScripts@3a93b025]" started-at="2023-01-11T08:47:49 CST" name="cleanup" finished-at="2023-01-11T08:47:57 CST" duration-ms="8315" status="PASS">
          <reporter-output>
          </reporter-output>
        </test-method> <!-- cleanup -->
        <test-method is-config="true" signature="setUp(java.lang.reflect.Method)[pri:0, instance:internet_herokuapp_tests.AutomationScripts@3a93b025]" started-at="2023-01-11T08:47:57 CST" name="setUp" finished-at="2023-01-11T08:48:23 CST" duration-ms="25486" status="PASS">
          <params>
            <param index="0">
              <value>
                <![CDATA[public static void internet_herokuapp_tests.AutomationScripts.launchFloatingMenuTC18() throws java.io.IOException]]>
              </value>
            </param>
          </params>
          <reporter-output>
          </reporter-output>
        </test-method> <!-- setUp -->
        <test-method signature="launchFloatingMenuTC18()[pri:0, instance:internet_herokuapp_tests.AutomationScripts@3a93b025]" started-at="2023-01-11T08:48:23 CST" name="launchFloatingMenuTC18" finished-at="2023-01-11T08:48:26 CST" duration-ms="3483" status="PASS">
          <reporter-output>
          </reporter-output>
        </test-method> <!-- launchFloatingMenuTC18 -->
        <test-method is-config="true" signature="cleanup()[pri:0, instance:internet_herokuapp_tests.AutomationScripts@3a93b025]" started-at="2023-01-11T08:48:26 CST" name="cleanup" finished-at="2023-01-11T08:48:33 CST" duration-ms="6811" status="PASS">
          <reporter-output>
          </reporter-output>
        </test-method> <!-- cleanup -->
        <test-method is-config="true" signature="setUp(java.lang.reflect.Method)[pri:0, instance:internet_herokuapp_tests.AutomationScripts@3a93b025]" started-at="2023-01-11T08:48:33 CST" name="setUp" finished-at="2023-01-11T08:48:55 CST" duration-ms="21913" status="PASS">
          <params>
            <param index="0">
              <value>
                <![CDATA[public static void internet_herokuapp_tests.AutomationScripts.launchForgotPasswordTC19() throws java.io.IOException]]>
              </value>
            </param>
          </params>
          <reporter-output>
          </reporter-output>
        </test-method> <!-- setUp -->
        <test-method signature="launchForgotPasswordTC19()[pri:0, instance:internet_herokuapp_tests.AutomationScripts@3a93b025]" started-at="2023-01-11T08:48:55 CST" name="launchForgotPasswordTC19" finished-at="2023-01-11T08:48:59 CST" duration-ms="3584" status="PASS">
          <reporter-output>
          </reporter-output>
        </test-method> <!-- launchForgotPasswordTC19 -->
        <test-method is-config="true" signature="cleanup()[pri:0, instance:internet_herokuapp_tests.AutomationScripts@3a93b025]" started-at="2023-01-11T08:48:59 CST" name="cleanup" finished-at="2023-01-11T08:49:06 CST" duration-ms="7201" status="PASS">
          <reporter-output>
          </reporter-output>
        </test-method> <!-- cleanup -->
        <test-method is-config="true" signature="setUp(java.lang.reflect.Method)[pri:0, instance:internet_herokuapp_tests.AutomationScripts@3a93b025]" started-at="2023-01-11T08:49:06 CST" name="setUp" finished-at="2023-01-11T08:49:27 CST" duration-ms="21110" status="PASS">
          <params>
            <param index="0">
              <value>
                <![CDATA[public static void internet_herokuapp_tests.AutomationScripts.launchFormAuthenticationTC20() throws java.io.IOException]]>
              </value>
            </param>
          </params>
          <reporter-output>
          </reporter-output>
        </test-method> <!-- setUp -->
        <test-method signature="launchFormAuthenticationTC20()[pri:0, instance:internet_herokuapp_tests.AutomationScripts@3a93b025]" started-at="2023-01-11T08:49:27 CST" name="launchFormAuthenticationTC20" finished-at="2023-01-11T08:49:34 CST" duration-ms="6829" status="PASS">
          <reporter-output>
          </reporter-output>
        </test-method> <!-- launchFormAuthenticationTC20 -->
        <test-method is-config="true" signature="cleanup()[pri:0, instance:internet_herokuapp_tests.AutomationScripts@3a93b025]" started-at="2023-01-11T08:49:34 CST" name="cleanup" finished-at="2023-01-11T08:49:41 CST" duration-ms="7019" status="PASS">
          <reporter-output>
          </reporter-output>
        </test-method> <!-- cleanup -->
        <test-method is-config="true" signature="setUp(java.lang.reflect.Method)[pri:0, instance:internet_herokuapp_tests.AutomationScripts@3a93b025]" started-at="2023-01-11T08:49:41 CST" name="setUp" finished-at="2023-01-11T08:50:02 CST" duration-ms="20595" status="PASS">
          <params>
            <param index="0">
              <value>
                <![CDATA[public static void internet_herokuapp_tests.AutomationScripts.launchFramesTC21() throws java.io.IOException]]>
              </value>
            </param>
          </params>
          <reporter-output>
          </reporter-output>
        </test-method> <!-- setUp -->
        <test-method signature="launchFramesTC21()[pri:0, instance:internet_herokuapp_tests.AutomationScripts@3a93b025]" started-at="2023-01-11T08:50:02 CST" name="launchFramesTC21" finished-at="2023-01-11T08:50:12 CST" duration-ms="10683" status="PASS">
          <reporter-output>
          </reporter-output>
        </test-method> <!-- launchFramesTC21 -->
        <test-method is-config="true" signature="cleanup()[pri:0, instance:internet_herokuapp_tests.AutomationScripts@3a93b025]" started-at="2023-01-11T08:50:12 CST" name="cleanup" finished-at="2023-01-11T08:50:21 CST" duration-ms="9094" status="PASS">
          <reporter-output>
          </reporter-output>
        </test-method> <!-- cleanup -->
        <test-method is-config="true" signature="setUp(java.lang.reflect.Method)[pri:0, instance:internet_herokuapp_tests.AutomationScripts@3a93b025]" started-at="2023-01-11T08:50:21 CST" name="setUp" finished-at="2023-01-11T08:50:42 CST" duration-ms="20761" status="PASS">
          <params>
            <param index="0">
              <value>
                <![CDATA[public static void internet_herokuapp_tests.AutomationScripts.launchGeolocationTC22() throws java.io.IOException]]>
              </value>
            </param>
          </params>
          <reporter-output>
          </reporter-output>
        </test-method> <!-- setUp -->
        <test-method signature="launchGeolocationTC22()[pri:0, instance:internet_herokuapp_tests.AutomationScripts@3a93b025]" started-at="2023-01-11T08:50:42 CST" name="launchGeolocationTC22" finished-at="2023-01-11T08:50:46 CST" duration-ms="3653" status="FAIL">
          <exception class="org.openqa.selenium.NoSuchElementException">
            <message>
              <![CDATA[Unable to locate element: /html/body/div[2]/div/div/p/div[3]/a
For documentation on this error, please visit: https://www.seleniumhq.org/exceptions/no_such_element.html
Build info: version: '3.141.59', revision: 'e82be7d358', time: '2018-11-14T08:17:03'
System info: host: 'LAPTOP-CB1MRQEM', ip: '192.168.1.70', os.name: 'Windows 10', os.arch: 'amd64', os.version: '10.0', java.version: '18'
Driver info: org.openqa.selenium.firefox.FirefoxDriver
Capabilities {acceptInsecureCerts: true, browserName: firefox, browserVersion: 100.0.2, javascriptEnabled: true, moz:accessibilityChecks: false, moz:buildID: 20220519220738, moz:geckodriverVersion: 0.31.0, moz:headless: false, moz:processID: 10572, moz:profile: C:\Users\harti\AppData\Loca..., moz:shutdownTimeout: 60000, moz:useNonSpecCompliantPointerOrigin: false, moz:webdriverClick: true, pageLoadStrategy: normal, platform: WINDOWS, platformName: WINDOWS, platformVersion: 10.0, proxy: Proxy(), setWindowRect: true, strictFileInteractability: false, timeouts: {implicit: 0, pageLoad: 300000, script: 30000}, unhandledPromptBehavior: dismiss and notify}
Session ID: d9992bfd-3145-430f-ad0d-34ac22c091cb
*** Element info: {Using=xpath, value=/html/body/div[2]/div/div/p/div[3]/a}]]>
            </message>
            <full-stacktrace>
              <![CDATA[org.openqa.selenium.NoSuchElementException: Unable to locate element: /html/body/div[2]/div/div/p/div[3]/a
For documentation on this error, please visit: https://www.seleniumhq.org/exceptions/no_such_element.html
Build info: version: '3.141.59', revision: 'e82be7d358', time: '2018-11-14T08:17:03'
System info: host: 'LAPTOP-CB1MRQEM', ip: '192.168.1.70', os.name: 'Windows 10', os.arch: 'amd64', os.version: '10.0', java.version: '18'
Driver info: org.openqa.selenium.firefox.FirefoxDriver
Capabilities {acceptInsecureCerts: true, browserName: firefox, browserVersion: 100.0.2, javascriptEnabled: true, moz:accessibilityChecks: false, moz:buildID: 20220519220738, moz:geckodriverVersion: 0.31.0, moz:headless: false, moz:processID: 10572, moz:profile: C:\Users\harti\AppData\Loca..., moz:shutdownTimeout: 60000, moz:useNonSpecCompliantPointerOrigin: false, moz:webdriverClick: true, pageLoadStrategy: normal, platform: WINDOWS, platformName: WINDOWS, platformVersion: 10.0, proxy: Proxy(), setWindowRect: true, strictFileInteractability: false, timeouts: {implicit: 0, pageLoad: 300000, script: 30000}, unhandledPromptBehavior: dismiss and notify}
Session ID: d9992bfd-3145-430f-ad0d-34ac22c091cb
*** Element info: {Using=xpath, value=/html/body/div[2]/div/div/p/div[3]/a}
at java.base/jdk.internal.reflect.DirectConstructorHandleAccessor.newInstance(DirectConstructorHandleAccessor.java:67)
at java.base/java.lang.reflect.Constructor.newInstanceWithCaller(Constructor.java:499)
at java.base/java.lang.reflect.Constructor.newInstance(Constructor.java:483)
at org.openqa.selenium.remote.http.W3CHttpResponseCodec.createException(W3CHttpResponseCodec.java:187)
at org.openqa.selenium.remote.http.W3CHttpResponseCodec.decode(W3CHttpResponseCodec.java:122)
at org.openqa.selenium.remote.http.W3CHttpResponseCodec.decode(W3CHttpResponseCodec.java:49)
at org.openqa.selenium.remote.HttpCommandExecutor.execute(HttpCommandExecutor.java:158)
at org.openqa.selenium.remote.service.DriverCommandExecutor.execute(DriverCommandExecutor.java:83)
at org.openqa.selenium.remote.RemoteWebDriver.execute(RemoteWebDriver.java:552)
at org.openqa.selenium.remote.RemoteWebDriver.findElement(RemoteWebDriver.java:323)
at org.openqa.selenium.remote.RemoteWebDriver.findElementByXPath(RemoteWebDriver.java:428)
at org.openqa.selenium.By$ByXPath.findElement(By.java:353)
at org.openqa.selenium.remote.RemoteWebDriver.findElement(RemoteWebDriver.java:315)
at internet_herokuapp_tests.AutomationScripts.launchGeolocationTC22(AutomationScripts.java:254)
at java.base/jdk.internal.reflect.DirectMethodHandleAccessor.invoke(DirectMethodHandleAccessor.java:104)
at java.base/java.lang.reflect.Method.invoke(Method.java:577)
at org.testng.internal.invokers.MethodInvocationHelper.invokeMethod(MethodInvocationHelper.java:135)
at org.testng.internal.invokers.TestInvoker.invokeMethod(TestInvoker.java:673)
at org.testng.internal.invokers.TestInvoker.invokeTestMethod(TestInvoker.java:220)
at org.testng.internal.invokers.MethodRunner.runInSequence(MethodRunner.java:50)
at org.testng.internal.invokers.TestInvoker$MethodInvocationAgent.invoke(TestInvoker.java:945)
at org.testng.internal.invokers.TestInvoker.invokeTestMethods(TestInvoker.java:193)
at org.testng.internal.invokers.TestMethodWorker.invokeTestMethods(TestMethodWorker.java:146)
at org.testng.internal.invokers.TestMethodWorker.run(TestMethodWorker.java:128)
at java.base/java.util.ArrayList.forEach(ArrayList.java:1511)
at org.testng.TestRunner.privateRun(TestRunner.java:808)
at org.testng.TestRunner.run(TestRunner.java:603)
at org.testng.SuiteRunner.runTest(SuiteRunner.java:429)
at org.testng.SuiteRunner.runSequentially(SuiteRunner.java:423)
at org.testng.SuiteRunner.privateRun(SuiteRunner.java:383)
at org.testng.SuiteRunner.run(SuiteRunner.java:326)
at org.testng.SuiteRunnerWorker.runSuite(SuiteRunnerWorker.java:52)
at org.testng.SuiteRunnerWorker.run(SuiteRunnerWorker.java:95)
at org.testng.TestNG.runSuitesSequentially(TestNG.java:1249)
at org.testng.TestNG.runSuitesLocally(TestNG.java:1169)
at org.testng.TestNG.runSuites(TestNG.java:1092)
at org.testng.TestNG.run(TestNG.java:1060)
at org.testng.remote.AbstractRemoteTestNG.run(AbstractRemoteTestNG.java:115)
at org.testng.remote.RemoteTestNG.initAndRun(RemoteTestNG.java:251)
at org.testng.remote.RemoteTestNG.main(RemoteTestNG.java:77)
]]>
            </full-stacktrace>
          </exception> <!-- org.openqa.selenium.NoSuchElementException -->
          <reporter-output>
          </reporter-output>
        </test-method> <!-- launchGeolocationTC22 -->
        <test-method is-config="true" signature="cleanup()[pri:0, instance:internet_herokuapp_tests.AutomationScripts@3a93b025]" started-at="2023-01-11T08:50:46 CST" name="cleanup" finished-at="2023-01-11T08:50:52 CST" duration-ms="6403" status="PASS">
          <reporter-output>
          </reporter-output>
        </test-method> <!-- cleanup -->
        <test-method is-config="true" signature="setUp(java.lang.reflect.Method)[pri:0, instance:internet_herokuapp_tests.AutomationScripts@3a93b025]" started-at="2023-01-11T08:50:52 CST" name="setUp" finished-at="2023-01-11T08:51:14 CST" duration-ms="21901" status="PASS">
          <params>
            <param index="0">
              <value>
                <![CDATA[public static void internet_herokuapp_tests.AutomationScripts.launchHorizontalSliderTC23() throws java.io.IOException]]>
              </value>
            </param>
          </params>
          <reporter-output>
          </reporter-output>
        </test-method> <!-- setUp -->
        <test-method signature="launchHorizontalSliderTC23()[pri:0, instance:internet_herokuapp_tests.AutomationScripts@3a93b025]" started-at="2023-01-11T08:51:14 CST" name="launchHorizontalSliderTC23" finished-at="2023-01-11T08:51:17 CST" duration-ms="3064" status="PASS">
          <reporter-output>
          </reporter-output>
        </test-method> <!-- launchHorizontalSliderTC23 -->
        <test-method is-config="true" signature="cleanup()[pri:0, instance:internet_herokuapp_tests.AutomationScripts@3a93b025]" started-at="2023-01-11T08:51:17 CST" name="cleanup" finished-at="2023-01-11T08:51:24 CST" duration-ms="6842" status="PASS">
          <reporter-output>
          </reporter-output>
        </test-method> <!-- cleanup -->
        <test-method is-config="true" signature="setUp(java.lang.reflect.Method)[pri:0, instance:internet_herokuapp_tests.AutomationScripts@3a93b025]" started-at="2023-01-11T08:51:24 CST" name="setUp" finished-at="2023-01-11T08:51:44 CST" duration-ms="19920" status="PASS">
          <params>
            <param index="0">
              <value>
                <![CDATA[public static void internet_herokuapp_tests.AutomationScripts.launchHoversTC24() throws java.io.IOException]]>
              </value>
            </param>
          </params>
          <reporter-output>
          </reporter-output>
        </test-method> <!-- setUp -->
        <test-method signature="launchHoversTC24()[pri:0, instance:internet_herokuapp_tests.AutomationScripts@3a93b025]" started-at="2023-01-11T08:51:44 CST" name="launchHoversTC24" finished-at="2023-01-11T08:51:48 CST" duration-ms="4534" status="PASS">
          <reporter-output>
          </reporter-output>
        </test-method> <!-- launchHoversTC24 -->
        <test-method is-config="true" signature="cleanup()[pri:0, instance:internet_herokuapp_tests.AutomationScripts@3a93b025]" started-at="2023-01-11T08:51:48 CST" name="cleanup" finished-at="2023-01-11T08:51:55 CST" duration-ms="6930" status="PASS">
          <reporter-output>
          </reporter-output>
        </test-method> <!-- cleanup -->
        <test-method is-config="true" signature="setUp(java.lang.reflect.Method)[pri:0, instance:internet_herokuapp_tests.AutomationScripts@3a93b025]" started-at="2023-01-11T08:51:55 CST" name="setUp" finished-at="2023-01-11T08:52:18 CST" duration-ms="22750" status="PASS">
          <params>
            <param index="0">
              <value>
                <![CDATA[public static void internet_herokuapp_tests.AutomationScripts.launchInfiniteScrollTC25() throws java.io.IOException]]>
              </value>
            </param>
          </params>
          <reporter-output>
          </reporter-output>
        </test-method> <!-- setUp -->
        <test-method signature="launchInfiniteScrollTC25()[pri:0, instance:internet_herokuapp_tests.AutomationScripts@3a93b025]" started-at="2023-01-11T08:52:18 CST" name="launchInfiniteScrollTC25" finished-at="2023-01-11T08:52:22 CST" duration-ms="3463" status="PASS">
          <reporter-output>
          </reporter-output>
        </test-method> <!-- launchInfiniteScrollTC25 -->
        <test-method is-config="true" signature="cleanup()[pri:0, instance:internet_herokuapp_tests.AutomationScripts@3a93b025]" started-at="2023-01-11T08:52:22 CST" name="cleanup" finished-at="2023-01-11T08:52:33 CST" duration-ms="11151" status="PASS">
          <reporter-output>
          </reporter-output>
        </test-method> <!-- cleanup -->
        <test-method is-config="true" signature="setUp(java.lang.reflect.Method)[pri:0, instance:internet_herokuapp_tests.AutomationScripts@3a93b025]" started-at="2023-01-11T08:52:33 CST" name="setUp" finished-at="2023-01-11T08:52:53 CST" duration-ms="20659" status="PASS">
          <params>
            <param index="0">
              <value>
                <![CDATA[public static void internet_herokuapp_tests.AutomationScripts.launchInputsTC26() throws java.io.IOException]]>
              </value>
            </param>
          </params>
          <reporter-output>
          </reporter-output>
        </test-method> <!-- setUp -->
        <test-method signature="launchInputsTC26()[pri:0, instance:internet_herokuapp_tests.AutomationScripts@3a93b025]" started-at="2023-01-11T08:52:53 CST" name="launchInputsTC26" finished-at="2023-01-11T08:52:56 CST" duration-ms="2860" status="PASS">
          <reporter-output>
          </reporter-output>
        </test-method> <!-- launchInputsTC26 -->
        <test-method is-config="true" signature="cleanup()[pri:0, instance:internet_herokuapp_tests.AutomationScripts@3a93b025]" started-at="2023-01-11T08:52:56 CST" name="cleanup" finished-at="2023-01-11T08:53:03 CST" duration-ms="6826" status="PASS">
          <reporter-output>
          </reporter-output>
        </test-method> <!-- cleanup -->
        <test-method is-config="true" signature="setUp(java.lang.reflect.Method)[pri:0, instance:internet_herokuapp_tests.AutomationScripts@3a93b025]" started-at="2023-01-11T08:53:03 CST" name="setUp" finished-at="2023-01-11T08:53:22 CST" duration-ms="19066" status="PASS">
          <params>
            <param index="0">
              <value>
                <![CDATA[public static void internet_herokuapp_tests.AutomationScripts.launchInternetHerokuappTC1() throws java.io.IOException]]>
              </value>
            </param>
          </params>
          <reporter-output>
          </reporter-output>
        </test-method> <!-- setUp -->
        <test-method signature="launchInternetHerokuappTC1()[pri:0, instance:internet_herokuapp_tests.AutomationScripts@3a93b025]" started-at="2023-01-11T08:53:22 CST" name="launchInternetHerokuappTC1" finished-at="2023-01-11T08:53:23 CST" duration-ms="649" status="PASS">
          <reporter-output>
          </reporter-output>
        </test-method> <!-- launchInternetHerokuappTC1 -->
        <test-method is-config="true" signature="cleanup()[pri:0, instance:internet_herokuapp_tests.AutomationScripts@3a93b025]" started-at="2023-01-11T08:53:23 CST" name="cleanup" finished-at="2023-01-11T08:53:29 CST" duration-ms="6498" status="PASS">
          <reporter-output>
          </reporter-output>
        </test-method> <!-- cleanup -->
        <test-method is-config="true" signature="setUp(java.lang.reflect.Method)[pri:0, instance:internet_herokuapp_tests.AutomationScripts@3a93b025]" started-at="2023-01-11T08:53:29 CST" name="setUp" finished-at="2023-01-11T08:53:51 CST" duration-ms="21418" status="PASS">
          <params>
            <param index="0">
              <value>
                <![CDATA[public static void internet_herokuapp_tests.AutomationScripts.launchJQueryUIMenusTC27() throws java.io.IOException]]>
              </value>
            </param>
          </params>
          <reporter-output>
          </reporter-output>
        </test-method> <!-- setUp -->
        <test-method signature="launchJQueryUIMenusTC27()[pri:0, instance:internet_herokuapp_tests.AutomationScripts@3a93b025]" started-at="2023-01-11T08:53:51 CST" name="launchJQueryUIMenusTC27" finished-at="2023-01-11T08:53:53 CST" duration-ms="2465" status="FAIL">
          <exception class="org.openqa.selenium.WebDriverException">
            <message>
              <![CDATA[TypeError: rect is undefined
Build info: version: '3.141.59', revision: 'e82be7d358', time: '2018-11-14T08:17:03'
System info: host: 'LAPTOP-CB1MRQEM', ip: '192.168.1.70', os.name: 'Windows 10', os.arch: 'amd64', os.version: '10.0', java.version: '18'
Driver info: org.openqa.selenium.firefox.FirefoxDriver
Capabilities {acceptInsecureCerts: true, browserName: firefox, browserVersion: 100.0.2, javascriptEnabled: true, moz:accessibilityChecks: false, moz:buildID: 20220519220738, moz:geckodriverVersion: 0.31.0, moz:headless: false, moz:processID: 16864, moz:profile: C:\Users\harti\AppData\Loca..., moz:shutdownTimeout: 60000, moz:useNonSpecCompliantPointerOrigin: false, moz:webdriverClick: true, pageLoadStrategy: normal, platform: WINDOWS, platformName: WINDOWS, platformVersion: 10.0, proxy: Proxy(), setWindowRect: true, strictFileInteractability: false, timeouts: {implicit: 0, pageLoad: 300000, script: 30000}, unhandledPromptBehavior: dismiss and notify}
Session ID: 9639ef60-8800-4b8f-8329-8752d47b8fdd]]>
            </message>
            <full-stacktrace>
              <![CDATA[org.openqa.selenium.WebDriverException: TypeError: rect is undefined
Build info: version: '3.141.59', revision: 'e82be7d358', time: '2018-11-14T08:17:03'
System info: host: 'LAPTOP-CB1MRQEM', ip: '192.168.1.70', os.name: 'Windows 10', os.arch: 'amd64', os.version: '10.0', java.version: '18'
Driver info: org.openqa.selenium.firefox.FirefoxDriver
Capabilities {acceptInsecureCerts: true, browserName: firefox, browserVersion: 100.0.2, javascriptEnabled: true, moz:accessibilityChecks: false, moz:buildID: 20220519220738, moz:geckodriverVersion: 0.31.0, moz:headless: false, moz:processID: 16864, moz:profile: C:\Users\harti\AppData\Loca..., moz:shutdownTimeout: 60000, moz:useNonSpecCompliantPointerOrigin: false, moz:webdriverClick: true, pageLoadStrategy: normal, platform: WINDOWS, platformName: WINDOWS, platformVersion: 10.0, proxy: Proxy(), setWindowRect: true, strictFileInteractability: false, timeouts: {implicit: 0, pageLoad: 300000, script: 30000}, unhandledPromptBehavior: dismiss and notify}
Session ID: 9639ef60-8800-4b8f-8329-8752d47b8fdd
at java.base/jdk.internal.reflect.DirectConstructorHandleAccessor.newInstance(DirectConstructorHandleAccessor.java:67)
at java.base/java.lang.reflect.Constructor.newInstanceWithCaller(Constructor.java:499)
at java.base/java.lang.reflect.Constructor.newInstance(Constructor.java:483)
at org.openqa.selenium.remote.http.W3CHttpResponseCodec.createException(W3CHttpResponseCodec.java:187)
at org.openqa.selenium.remote.http.W3CHttpResponseCodec.decode(W3CHttpResponseCodec.java:122)
at org.openqa.selenium.remote.http.W3CHttpResponseCodec.decode(W3CHttpResponseCodec.java:49)
at org.openqa.selenium.remote.HttpCommandExecutor.execute(HttpCommandExecutor.java:158)
at org.openqa.selenium.remote.service.DriverCommandExecutor.execute(DriverCommandExecutor.java:83)
at org.openqa.selenium.remote.RemoteWebDriver.execute(RemoteWebDriver.java:552)
at org.openqa.selenium.remote.RemoteWebDriver.perform(RemoteWebDriver.java:618)
at org.openqa.selenium.interactions.Actions$BuiltAction.perform(Actions.java:639)
at internet_herokuapp_tests.AutomationScripts.launchJQueryUIMenusTC27(AutomationScripts.java:313)
at java.base/jdk.internal.reflect.DirectMethodHandleAccessor.invoke(DirectMethodHandleAccessor.java:104)
at java.base/java.lang.reflect.Method.invoke(Method.java:577)
at org.testng.internal.invokers.MethodInvocationHelper.invokeMethod(MethodInvocationHelper.java:135)
at org.testng.internal.invokers.TestInvoker.invokeMethod(TestInvoker.java:673)
at org.testng.internal.invokers.TestInvoker.invokeTestMethod(TestInvoker.java:220)
at org.testng.internal.invokers.MethodRunner.runInSequence(MethodRunner.java:50)
at org.testng.internal.invokers.TestInvoker$MethodInvocationAgent.invoke(TestInvoker.java:945)
at org.testng.internal.invokers.TestInvoker.invokeTestMethods(TestInvoker.java:193)
at org.testng.internal.invokers.TestMethodWorker.invokeTestMethods(TestMethodWorker.java:146)
at org.testng.internal.invokers.TestMethodWorker.run(TestMethodWorker.java:128)
at java.base/java.util.ArrayList.forEach(ArrayList.java:1511)
at org.testng.TestRunner.privateRun(TestRunner.java:808)
at org.testng.TestRunner.run(TestRunner.java:603)
at org.testng.SuiteRunner.runTest(SuiteRunner.java:429)
at org.testng.SuiteRunner.runSequentially(SuiteRunner.java:423)
at org.testng.SuiteRunner.privateRun(SuiteRunner.java:383)
at org.testng.SuiteRunner.run(SuiteRunner.java:326)
at org.testng.SuiteRunnerWorker.runSuite(SuiteRunnerWorker.java:52)
at org.testng.SuiteRunnerWorker.run(SuiteRunnerWorker.java:95)
at org.testng.TestNG.runSuitesSequentially(TestNG.java:1249)
at org.testng.TestNG.runSuitesLocally(TestNG.java:1169)
at org.testng.TestNG.runSuites(TestNG.java:1092)
at org.testng.TestNG.run(TestNG.java:1060)
at org.testng.remote.AbstractRemoteTestNG.run(AbstractRemoteTestNG.java:115)
at org.testng.remote.RemoteTestNG.initAndRun(RemoteTestNG.java:251)
at org.testng.remote.RemoteTestNG.main(RemoteTestNG.java:77)
]]>
            </full-stacktrace>
          </exception> <!-- org.openqa.selenium.WebDriverException -->
          <reporter-output>
          </reporter-output>
        </test-method> <!-- launchJQueryUIMenusTC27 -->
        <test-method is-config="true" signature="cleanup()[pri:0, instance:internet_herokuapp_tests.AutomationScripts@3a93b025]" started-at="2023-01-11T08:53:53 CST" name="cleanup" finished-at="2023-01-11T08:54:00 CST" duration-ms="7179" status="PASS">
          <reporter-output>
          </reporter-output>
        </test-method> <!-- cleanup -->
        <test-method is-config="true" signature="setUp(java.lang.reflect.Method)[pri:0, instance:internet_herokuapp_tests.AutomationScripts@3a93b025]" started-at="2023-01-11T08:54:00 CST" name="setUp" finished-at="2023-01-11T08:54:23 CST" duration-ms="22614" status="PASS">
          <params>
            <param index="0">
              <value>
                <![CDATA[public static void internet_herokuapp_tests.AutomationScripts.launchJavaScriptAlertsTC28() throws java.io.IOException]]>
              </value>
            </param>
          </params>
          <reporter-output>
          </reporter-output>
        </test-method> <!-- setUp -->
        <test-method signature="launchJavaScriptAlertsTC28()[pri:0, instance:internet_herokuapp_tests.AutomationScripts@3a93b025]" started-at="2023-01-11T08:54:23 CST" name="launchJavaScriptAlertsTC28" finished-at="2023-01-11T08:54:28 CST" duration-ms="4834" status="PASS">
          <reporter-output>
          </reporter-output>
        </test-method> <!-- launchJavaScriptAlertsTC28 -->
        <test-method is-config="true" signature="cleanup()[pri:0, instance:internet_herokuapp_tests.AutomationScripts@3a93b025]" started-at="2023-01-11T08:54:28 CST" name="cleanup" finished-at="2023-01-11T08:54:35 CST" duration-ms="6850" status="PASS">
          <reporter-output>
          </reporter-output>
        </test-method> <!-- cleanup -->
        <test-method is-config="true" signature="setUp(java.lang.reflect.Method)[pri:0, instance:internet_herokuapp_tests.AutomationScripts@3a93b025]" started-at="2023-01-11T08:54:35 CST" name="setUp" finished-at="2023-01-11T08:54:55 CST" duration-ms="20535" status="PASS">
          <params>
            <param index="0">
              <value>
                <![CDATA[public static void internet_herokuapp_tests.AutomationScripts.launchJavaScriptOnLoadEventErrorTC29() throws java.io.IOException]]>
              </value>
            </param>
          </params>
          <reporter-output>
          </reporter-output>
        </test-method> <!-- setUp -->
        <test-method signature="launchJavaScriptOnLoadEventErrorTC29()[pri:0, instance:internet_herokuapp_tests.AutomationScripts@3a93b025]" started-at="2023-01-11T08:54:55 CST" name="launchJavaScriptOnLoadEventErrorTC29" finished-at="2023-01-11T08:54:57 CST" duration-ms="1512" status="PASS">
          <reporter-output>
          </reporter-output>
        </test-method> <!-- launchJavaScriptOnLoadEventErrorTC29 -->
        <test-method is-config="true" signature="cleanup()[pri:0, instance:internet_herokuapp_tests.AutomationScripts@3a93b025]" started-at="2023-01-11T08:54:57 CST" name="cleanup" finished-at="2023-01-11T08:55:04 CST" duration-ms="6735" status="PASS">
          <reporter-output>
          </reporter-output>
        </test-method> <!-- cleanup -->
        <test-method is-config="true" signature="setUp(java.lang.reflect.Method)[pri:0, instance:internet_herokuapp_tests.AutomationScripts@3a93b025]" started-at="2023-01-11T08:55:04 CST" name="setUp" finished-at="2023-01-11T08:55:24 CST" duration-ms="20141" status="PASS">
          <params>
            <param index="0">
              <value>
                <![CDATA[public static void internet_herokuapp_tests.AutomationScripts.launchKeyPressesTC30() throws java.io.IOException]]>
              </value>
            </param>
          </params>
          <reporter-output>
          </reporter-output>
        </test-method> <!-- setUp -->
        <test-method signature="launchKeyPressesTC30()[pri:0, instance:internet_herokuapp_tests.AutomationScripts@3a93b025]" started-at="2023-01-11T08:55:24 CST" name="launchKeyPressesTC30" finished-at="2023-01-11T08:55:27 CST" duration-ms="3283" status="PASS">
          <reporter-output>
          </reporter-output>
        </test-method> <!-- launchKeyPressesTC30 -->
        <test-method is-config="true" signature="cleanup()[pri:0, instance:internet_herokuapp_tests.AutomationScripts@3a93b025]" started-at="2023-01-11T08:55:27 CST" name="cleanup" finished-at="2023-01-11T08:55:33 CST" duration-ms="6394" status="PASS">
          <reporter-output>
          </reporter-output>
        </test-method> <!-- cleanup -->
        <test-method is-config="true" signature="setUp(java.lang.reflect.Method)[pri:0, instance:internet_herokuapp_tests.AutomationScripts@3a93b025]" started-at="2023-01-11T08:55:33 CST" name="setUp" finished-at="2023-01-11T08:55:53 CST" duration-ms="19555" status="PASS">
          <params>
            <param index="0">
              <value>
                <![CDATA[public static void internet_herokuapp_tests.AutomationScripts.launchLargeAndDeepDOMTC31() throws java.io.IOException]]>
              </value>
            </param>
          </params>
          <reporter-output>
          </reporter-output>
        </test-method> <!-- setUp -->
        <test-method signature="launchLargeAndDeepDOMTC31()[pri:0, instance:internet_herokuapp_tests.AutomationScripts@3a93b025]" started-at="2023-01-11T08:55:53 CST" name="launchLargeAndDeepDOMTC31" finished-at="2023-01-11T08:55:56 CST" duration-ms="3098" status="PASS">
          <reporter-output>
          </reporter-output>
        </test-method> <!-- launchLargeAndDeepDOMTC31 -->
        <test-method is-config="true" signature="cleanup()[pri:0, instance:internet_herokuapp_tests.AutomationScripts@3a93b025]" started-at="2023-01-11T08:55:56 CST" name="cleanup" finished-at="2023-01-11T08:56:03 CST" duration-ms="6856" status="PASS">
          <reporter-output>
          </reporter-output>
        </test-method> <!-- cleanup -->
        <test-method is-config="true" signature="setUp(java.lang.reflect.Method)[pri:0, instance:internet_herokuapp_tests.AutomationScripts@3a93b025]" started-at="2023-01-11T08:56:03 CST" name="setUp" finished-at="2023-01-11T08:56:22 CST" duration-ms="19254" status="PASS">
          <params>
            <param index="0">
              <value>
                <![CDATA[public static void internet_herokuapp_tests.AutomationScripts.launchMultipleWindowsTC32() throws java.io.IOException]]>
              </value>
            </param>
          </params>
          <reporter-output>
          </reporter-output>
        </test-method> <!-- setUp -->
        <test-method signature="launchMultipleWindowsTC32()[pri:0, instance:internet_herokuapp_tests.AutomationScripts@3a93b025]" started-at="2023-01-11T08:56:22 CST" name="launchMultipleWindowsTC32" finished-at="2023-01-11T08:56:26 CST" duration-ms="3639" status="PASS">
          <reporter-output>
          </reporter-output>
        </test-method> <!-- launchMultipleWindowsTC32 -->
        <test-method is-config="true" signature="cleanup()[pri:0, instance:internet_herokuapp_tests.AutomationScripts@3a93b025]" started-at="2023-01-11T08:56:26 CST" name="cleanup" finished-at="2023-01-11T08:56:32 CST" duration-ms="6201" status="PASS">
          <reporter-output>
          </reporter-output>
        </test-method> <!-- cleanup -->
        <test-method is-config="true" signature="setUp(java.lang.reflect.Method)[pri:0, instance:internet_herokuapp_tests.AutomationScripts@3a93b025]" started-at="2023-01-11T08:56:32 CST" name="setUp" finished-at="2023-01-11T08:56:52 CST" duration-ms="20220" status="PASS">
          <params>
            <param index="0">
              <value>
                <![CDATA[public static void internet_herokuapp_tests.AutomationScripts.launchNestedFramesTC33() throws java.io.IOException]]>
              </value>
            </param>
          </params>
          <reporter-output>
          </reporter-output>
        </test-method> <!-- setUp -->
        <test-method signature="launchNestedFramesTC33()[pri:0, instance:internet_herokuapp_tests.AutomationScripts@3a93b025]" started-at="2023-01-11T08:56:52 CST" name="launchNestedFramesTC33" finished-at="2023-01-11T08:56:55 CST" duration-ms="2522" status="PASS">
          <reporter-output>
          </reporter-output>
        </test-method> <!-- launchNestedFramesTC33 -->
        <test-method is-config="true" signature="cleanup()[pri:0, instance:internet_herokuapp_tests.AutomationScripts@3a93b025]" started-at="2023-01-11T08:56:55 CST" name="cleanup" finished-at="2023-01-11T08:57:01 CST" duration-ms="6508" status="PASS">
          <reporter-output>
          </reporter-output>
        </test-method> <!-- cleanup -->
        <test-method is-config="true" signature="setUp(java.lang.reflect.Method)[pri:0, instance:internet_herokuapp_tests.AutomationScripts@3a93b025]" started-at="2023-01-11T08:57:01 CST" name="setUp" finished-at="2023-01-11T08:57:23 CST" duration-ms="21450" status="PASS">
          <params>
            <param index="0">
              <value>
                <![CDATA[public static void internet_herokuapp_tests.AutomationScripts.launchNotificationMessagesTC34() throws java.io.IOException]]>
              </value>
            </param>
          </params>
          <reporter-output>
          </reporter-output>
        </test-method> <!-- setUp -->
        <test-method signature="launchNotificationMessagesTC34()[pri:0, instance:internet_herokuapp_tests.AutomationScripts@3a93b025]" started-at="2023-01-11T08:57:23 CST" name="launchNotificationMessagesTC34" finished-at="2023-01-11T08:57:28 CST" duration-ms="4996" status="PASS">
          <reporter-output>
          </reporter-output>
        </test-method> <!-- launchNotificationMessagesTC34 -->
        <test-method is-config="true" signature="cleanup()[pri:0, instance:internet_herokuapp_tests.AutomationScripts@3a93b025]" started-at="2023-01-11T08:57:28 CST" name="cleanup" finished-at="2023-01-11T08:57:34 CST" duration-ms="6711" status="PASS">
          <reporter-output>
          </reporter-output>
        </test-method> <!-- cleanup -->
        <test-method is-config="true" signature="setUp(java.lang.reflect.Method)[pri:0, instance:internet_herokuapp_tests.AutomationScripts@3a93b025]" started-at="2023-01-11T08:57:34 CST" name="setUp" finished-at="2023-01-11T08:57:54 CST" duration-ms="19566" status="PASS">
          <params>
            <param index="0">
              <value>
                <![CDATA[public static void internet_herokuapp_tests.AutomationScripts.launchRedirectLinkTC35() throws java.io.IOException]]>
              </value>
            </param>
          </params>
          <reporter-output>
          </reporter-output>
        </test-method> <!-- setUp -->
        <test-method signature="launchRedirectLinkTC35()[pri:0, instance:internet_herokuapp_tests.AutomationScripts@3a93b025]" started-at="2023-01-11T08:57:54 CST" name="launchRedirectLinkTC35" finished-at="2023-01-11T08:58:10 CST" duration-ms="15544" status="PASS">
          <reporter-output>
          </reporter-output>
        </test-method> <!-- launchRedirectLinkTC35 -->
        <test-method is-config="true" signature="cleanup()[pri:0, instance:internet_herokuapp_tests.AutomationScripts@3a93b025]" started-at="2023-01-11T08:58:10 CST" name="cleanup" finished-at="2023-01-11T08:58:17 CST" duration-ms="7471" status="PASS">
          <reporter-output>
          </reporter-output>
        </test-method> <!-- cleanup -->
        <test-method is-config="true" signature="setUp(java.lang.reflect.Method)[pri:0, instance:internet_herokuapp_tests.AutomationScripts@3a93b025]" started-at="2023-01-11T08:58:17 CST" name="setUp" finished-at="2023-01-11T08:58:37 CST" duration-ms="20469" status="PASS">
          <params>
            <param index="0">
              <value>
                <![CDATA[public static void internet_herokuapp_tests.AutomationScripts.launchSecureFileDownloadTC36() throws java.io.IOException]]>
              </value>
            </param>
          </params>
          <reporter-output>
          </reporter-output>
        </test-method> <!-- setUp -->
        <test-method signature="launchSecureFileDownloadTC36()[pri:0, instance:internet_herokuapp_tests.AutomationScripts@3a93b025]" started-at="2023-01-11T08:58:37 CST" name="launchSecureFileDownloadTC36" finished-at="2023-01-11T08:58:39 CST" duration-ms="1749" status="FAIL">
          <exception class="org.openqa.selenium.UnhandledAlertException">
            <message>
              <![CDATA[Dismissed user prompt dialog: This site is asking you to sign in.: 
Build info: version: '3.141.59', revision: 'e82be7d358', time: '2018-11-14T08:17:03'
System info: host: 'LAPTOP-CB1MRQEM', ip: '192.168.1.70', os.name: 'Windows 10', os.arch: 'amd64', os.version: '10.0', java.version: '18'
Driver info: org.openqa.selenium.firefox.FirefoxDriver
Capabilities {acceptInsecureCerts: true, browserName: firefox, browserVersion: 100.0.2, javascriptEnabled: true, moz:accessibilityChecks: false, moz:buildID: 20220519220738, moz:geckodriverVersion: 0.31.0, moz:headless: false, moz:processID: 14736, moz:profile: C:\Users\harti\AppData\Loca..., moz:shutdownTimeout: 60000, moz:useNonSpecCompliantPointerOrigin: false, moz:webdriverClick: true, pageLoadStrategy: normal, platform: WINDOWS, platformName: WINDOWS, platformVersion: 10.0, proxy: Proxy(), setWindowRect: true, strictFileInteractability: false, timeouts: {implicit: 0, pageLoad: 300000, script: 30000}, unhandledPromptBehavior: dismiss and notify}
Session ID: 29975082-64bb-4d21-957e-e0b69c0746da]]>
            </message>
            <full-stacktrace>
              <![CDATA[org.openqa.selenium.UnhandledAlertException: Dismissed user prompt dialog: This site is asking you to sign in.: 
Build info: version: '3.141.59', revision: 'e82be7d358', time: '2018-11-14T08:17:03'
System info: host: 'LAPTOP-CB1MRQEM', ip: '192.168.1.70', os.name: 'Windows 10', os.arch: 'amd64', os.version: '10.0', java.version: '18'
Driver info: org.openqa.selenium.firefox.FirefoxDriver
Capabilities {acceptInsecureCerts: true, browserName: firefox, browserVersion: 100.0.2, javascriptEnabled: true, moz:accessibilityChecks: false, moz:buildID: 20220519220738, moz:geckodriverVersion: 0.31.0, moz:headless: false, moz:processID: 14736, moz:profile: C:\Users\harti\AppData\Loca..., moz:shutdownTimeout: 60000, moz:useNonSpecCompliantPointerOrigin: false, moz:webdriverClick: true, pageLoadStrategy: normal, platform: WINDOWS, platformName: WINDOWS, platformVersion: 10.0, proxy: Proxy(), setWindowRect: true, strictFileInteractability: false, timeouts: {implicit: 0, pageLoad: 300000, script: 30000}, unhandledPromptBehavior: dismiss and notify}
Session ID: 29975082-64bb-4d21-957e-e0b69c0746da
at org.openqa.selenium.remote.http.W3CHttpResponseCodec.decode(W3CHttpResponseCodec.java:120)
at org.openqa.selenium.remote.http.W3CHttpResponseCodec.decode(W3CHttpResponseCodec.java:49)
at org.openqa.selenium.remote.HttpCommandExecutor.execute(HttpCommandExecutor.java:158)
at org.openqa.selenium.remote.service.DriverCommandExecutor.execute(DriverCommandExecutor.java:83)
at org.openqa.selenium.remote.RemoteWebDriver.execute(RemoteWebDriver.java:552)
at org.openqa.selenium.remote.RemoteWebDriver.execute(RemoteWebDriver.java:609)
at org.openqa.selenium.remote.RemoteWebDriver.getScreenshotAs(RemoteWebDriver.java:295)
at internet_herokuapp_base.Base_Tests.captureScreenshot(Base_Tests.java:146)
at internet_herokuapp_tests.AutomationScripts.launchSecureFileDownloadTC36(AutomationScripts.java:438)
at java.base/jdk.internal.reflect.DirectMethodHandleAccessor.invoke(DirectMethodHandleAccessor.java:104)
at java.base/java.lang.reflect.Method.invoke(Method.java:577)
at org.testng.internal.invokers.MethodInvocationHelper.invokeMethod(MethodInvocationHelper.java:135)
at org.testng.internal.invokers.TestInvoker.invokeMethod(TestInvoker.java:673)
at org.testng.internal.invokers.TestInvoker.invokeTestMethod(TestInvoker.java:220)
at org.testng.internal.invokers.MethodRunner.runInSequence(MethodRunner.java:50)
at org.testng.internal.invokers.TestInvoker$MethodInvocationAgent.invoke(TestInvoker.java:945)
at org.testng.internal.invokers.TestInvoker.invokeTestMethods(TestInvoker.java:193)
at org.testng.internal.invokers.TestMethodWorker.invokeTestMethods(TestMethodWorker.java:146)
at org.testng.internal.invokers.TestMethodWorker.run(TestMethodWorker.java:128)
at java.base/java.util.ArrayList.forEach(ArrayList.java:1511)
at org.testng.TestRunner.privateRun(TestRunner.java:808)
at org.testng.TestRunner.run(TestRunner.java:603)
at org.testng.SuiteRunner.runTest(SuiteRunner.java:429)
at org.testng.SuiteRunner.runSequentially(SuiteRunner.java:423)
at org.testng.SuiteRunner.privateRun(SuiteRunner.java:383)
at org.testng.SuiteRunner.run(SuiteRunner.java:326)
at org.testng.SuiteRunnerWorker.runSuite(SuiteRunnerWorker.java:52)
at org.testng.SuiteRunnerWorker.run(SuiteRunnerWorker.java:95)
at org.testng.TestNG.runSuitesSequentially(TestNG.java:1249)
at org.testng.TestNG.runSuitesLocally(TestNG.java:1169)
at org.testng.TestNG.runSuites(TestNG.java:1092)
at org.testng.TestNG.run(TestNG.java:1060)
at org.testng.remote.AbstractRemoteTestNG.run(AbstractRemoteTestNG.java:115)
at org.testng.remote.RemoteTestNG.initAndRun(RemoteTestNG.java:251)
at org.testng.remote.RemoteTestNG.main(RemoteTestNG.java:77)
]]>
            </full-stacktrace>
          </exception> <!-- org.openqa.selenium.UnhandledAlertException -->
          <reporter-output>
          </reporter-output>
        </test-method> <!-- launchSecureFileDownloadTC36 -->
        <test-method is-config="true" signature="cleanup()[pri:0, instance:internet_herokuapp_tests.AutomationScripts@3a93b025]" started-at="2023-01-11T08:58:39 CST" name="cleanup" finished-at="2023-01-11T08:58:46 CST" duration-ms="6271" status="PASS">
          <reporter-output>
          </reporter-output>
        </test-method> <!-- cleanup -->
        <test-method is-config="true" signature="setUp(java.lang.reflect.Method)[pri:0, instance:internet_herokuapp_tests.AutomationScripts@3a93b025]" started-at="2023-01-11T08:58:46 CST" name="setUp" finished-at="2023-01-11T08:59:06 CST" duration-ms="20088" status="PASS">
          <params>
            <param index="0">
              <value>
                <![CDATA[public static void internet_herokuapp_tests.AutomationScripts.launchShadowDOMTC37() throws java.io.IOException]]>
              </value>
            </param>
          </params>
          <reporter-output>
          </reporter-output>
        </test-method> <!-- setUp -->
        <test-method signature="launchShadowDOMTC37()[pri:0, instance:internet_herokuapp_tests.AutomationScripts@3a93b025]" started-at="2023-01-11T08:59:06 CST" name="launchShadowDOMTC37" finished-at="2023-01-11T08:59:08 CST" duration-ms="2451" status="PASS">
          <reporter-output>
          </reporter-output>
        </test-method> <!-- launchShadowDOMTC37 -->
        <test-method is-config="true" signature="cleanup()[pri:0, instance:internet_herokuapp_tests.AutomationScripts@3a93b025]" started-at="2023-01-11T08:59:08 CST" name="cleanup" finished-at="2023-01-11T08:59:14 CST" duration-ms="6226" status="PASS">
          <reporter-output>
          </reporter-output>
        </test-method> <!-- cleanup -->
        <test-method is-config="true" signature="setUp(java.lang.reflect.Method)[pri:0, instance:internet_herokuapp_tests.AutomationScripts@3a93b025]" started-at="2023-01-11T08:59:14 CST" name="setUp" finished-at="2023-01-11T08:59:35 CST" duration-ms="20297" status="PASS">
          <params>
            <param index="0">
              <value>
                <![CDATA[public static void internet_herokuapp_tests.AutomationScripts.launchShiftingContentTC38() throws java.io.IOException]]>
              </value>
            </param>
          </params>
          <reporter-output>
          </reporter-output>
        </test-method> <!-- setUp -->
        <test-method signature="launchShiftingContentTC38()[pri:0, instance:internet_herokuapp_tests.AutomationScripts@3a93b025]" started-at="2023-01-11T08:59:35 CST" name="launchShiftingContentTC38" finished-at="2023-01-11T08:59:42 CST" duration-ms="7634" status="FAIL">
          <exception class="org.openqa.selenium.NoSuchElementException">
            <message>
              <![CDATA[Unable to locate element: //a[@href='/shifting_content/menu?mode=random&amp;pixel_shift=100']
For documentation on this error, please visit: https://www.seleniumhq.org/exceptions/no_such_element.html
Build info: version: '3.141.59', revision: 'e82be7d358', time: '2018-11-14T08:17:03'
System info: host: 'LAPTOP-CB1MRQEM', ip: '192.168.1.70', os.name: 'Windows 10', os.arch: 'amd64', os.version: '10.0', java.version: '18'
Driver info: org.openqa.selenium.firefox.FirefoxDriver
Capabilities {acceptInsecureCerts: true, browserName: firefox, browserVersion: 100.0.2, javascriptEnabled: true, moz:accessibilityChecks: false, moz:buildID: 20220519220738, moz:geckodriverVersion: 0.31.0, moz:headless: false, moz:processID: 15252, moz:profile: C:\Users\harti\AppData\Loca..., moz:shutdownTimeout: 60000, moz:useNonSpecCompliantPointerOrigin: false, moz:webdriverClick: true, pageLoadStrategy: normal, platform: WINDOWS, platformName: WINDOWS, platformVersion: 10.0, proxy: Proxy(), setWindowRect: true, strictFileInteractability: false, timeouts: {implicit: 0, pageLoad: 300000, script: 30000}, unhandledPromptBehavior: dismiss and notify}
Session ID: 2e535794-e4b7-4bce-975c-dadce71f9a16
*** Element info: {Using=xpath, value=//a[@href='/shifting_content/menu?mode=random&amp;pixel_shift=100']}]]>
            </message>
            <full-stacktrace>
              <![CDATA[org.openqa.selenium.NoSuchElementException: Unable to locate element: //a[@href='/shifting_content/menu?mode=random&amp;pixel_shift=100']
For documentation on this error, please visit: https://www.seleniumhq.org/exceptions/no_such_element.html
Build info: version: '3.141.59', revision: 'e82be7d358', time: '2018-11-14T08:17:03'
System info: host: 'LAPTOP-CB1MRQEM', ip: '192.168.1.70', os.name: 'Windows 10', os.arch: 'amd64', os.version: '10.0', java.version: '18'
Driver info: org.openqa.selenium.firefox.FirefoxDriver
Capabilities {acceptInsecureCerts: true, browserName: firefox, browserVersion: 100.0.2, javascriptEnabled: true, moz:accessibilityChecks: false, moz:buildID: 20220519220738, moz:geckodriverVersion: 0.31.0, moz:headless: false, moz:processID: 15252, moz:profile: C:\Users\harti\AppData\Loca..., moz:shutdownTimeout: 60000, moz:useNonSpecCompliantPointerOrigin: false, moz:webdriverClick: true, pageLoadStrategy: normal, platform: WINDOWS, platformName: WINDOWS, platformVersion: 10.0, proxy: Proxy(), setWindowRect: true, strictFileInteractability: false, timeouts: {implicit: 0, pageLoad: 300000, script: 30000}, unhandledPromptBehavior: dismiss and notify}
Session ID: 2e535794-e4b7-4bce-975c-dadce71f9a16
*** Element info: {Using=xpath, value=//a[@href='/shifting_content/menu?mode=random&amp;pixel_shift=100']}
at java.base/jdk.internal.reflect.DirectConstructorHandleAccessor.newInstance(DirectConstructorHandleAccessor.java:67)
at java.base/java.lang.reflect.Constructor.newInstanceWithCaller(Constructor.java:499)
at java.base/java.lang.reflect.Constructor.newInstance(Constructor.java:483)
at org.openqa.selenium.remote.http.W3CHttpResponseCodec.createException(W3CHttpResponseCodec.java:187)
at org.openqa.selenium.remote.http.W3CHttpResponseCodec.decode(W3CHttpResponseCodec.java:122)
at org.openqa.selenium.remote.http.W3CHttpResponseCodec.decode(W3CHttpResponseCodec.java:49)
at org.openqa.selenium.remote.HttpCommandExecutor.execute(HttpCommandExecutor.java:158)
at org.openqa.selenium.remote.service.DriverCommandExecutor.execute(DriverCommandExecutor.java:83)
at org.openqa.selenium.remote.RemoteWebDriver.execute(RemoteWebDriver.java:552)
at org.openqa.selenium.remote.RemoteWebDriver.findElement(RemoteWebDriver.java:323)
at org.openqa.selenium.remote.RemoteWebDriver.findElementByXPath(RemoteWebDriver.java:428)
at org.openqa.selenium.By$ByXPath.findElement(By.java:353)
at org.openqa.selenium.remote.RemoteWebDriver.findElement(RemoteWebDriver.java:315)
at internet_herokuapp_tests.AutomationScripts.launchShiftingContentTC38(AutomationScripts.java:464)
at java.base/jdk.internal.reflect.DirectMethodHandleAccessor.invoke(DirectMethodHandleAccessor.java:104)
at java.base/java.lang.reflect.Method.invoke(Method.java:577)
at org.testng.internal.invokers.MethodInvocationHelper.invokeMethod(MethodInvocationHelper.java:135)
at org.testng.internal.invokers.TestInvoker.invokeMethod(TestInvoker.java:673)
at org.testng.internal.invokers.TestInvoker.invokeTestMethod(TestInvoker.java:220)
at org.testng.internal.invokers.MethodRunner.runInSequence(MethodRunner.java:50)
at org.testng.internal.invokers.TestInvoker$MethodInvocationAgent.invoke(TestInvoker.java:945)
at org.testng.internal.invokers.TestInvoker.invokeTestMethods(TestInvoker.java:193)
at org.testng.internal.invokers.TestMethodWorker.invokeTestMethods(TestMethodWorker.java:146)
at org.testng.internal.invokers.TestMethodWorker.run(TestMethodWorker.java:128)
at java.base/java.util.ArrayList.forEach(ArrayList.java:1511)
at org.testng.TestRunner.privateRun(TestRunner.java:808)
at org.testng.TestRunner.run(TestRunner.java:603)
at org.testng.SuiteRunner.runTest(SuiteRunner.java:429)
at org.testng.SuiteRunner.runSequentially(SuiteRunner.java:423)
at org.testng.SuiteRunner.privateRun(SuiteRunner.java:383)
at org.testng.SuiteRunner.run(SuiteRunner.java:326)
at org.testng.SuiteRunnerWorker.runSuite(SuiteRunnerWorker.java:52)
at org.testng.SuiteRunnerWorker.run(SuiteRunnerWorker.java:95)
at org.testng.TestNG.runSuitesSequentially(TestNG.java:1249)
at org.testng.TestNG.runSuitesLocally(TestNG.java:1169)
at org.testng.TestNG.runSuites(TestNG.java:1092)
at org.testng.TestNG.run(TestNG.java:1060)
at org.testng.remote.AbstractRemoteTestNG.run(AbstractRemoteTestNG.java:115)
at org.testng.remote.RemoteTestNG.initAndRun(RemoteTestNG.java:251)
at org.testng.remote.RemoteTestNG.main(RemoteTestNG.java:77)
]]>
            </full-stacktrace>
          </exception> <!-- org.openqa.selenium.NoSuchElementException -->
          <reporter-output>
          </reporter-output>
        </test-method> <!-- launchShiftingContentTC38 -->
        <test-method is-config="true" signature="cleanup()[pri:0, instance:internet_herokuapp_tests.AutomationScripts@3a93b025]" started-at="2023-01-11T08:59:42 CST" name="cleanup" finished-at="2023-01-11T08:59:51 CST" duration-ms="8986" status="PASS">
          <reporter-output>
          </reporter-output>
        </test-method> <!-- cleanup -->
        <test-method is-config="true" signature="setUp(java.lang.reflect.Method)[pri:0, instance:internet_herokuapp_tests.AutomationScripts@3a93b025]" started-at="2023-01-11T08:59:51 CST" name="setUp" finished-at="2023-01-11T09:00:12 CST" duration-ms="20490" status="PASS">
          <params>
            <param index="0">
              <value>
                <![CDATA[public static void internet_herokuapp_tests.AutomationScripts.launchSlowResourcesTC39() throws java.io.IOException,java.lang.InterruptedException]]>
              </value>
            </param>
          </params>
          <reporter-output>
          </reporter-output>
        </test-method> <!-- setUp -->
        <test-method signature="launchSlowResourcesTC39()[pri:0, instance:internet_herokuapp_tests.AutomationScripts@3a93b025]" started-at="2023-01-11T09:00:12 CST" name="launchSlowResourcesTC39" finished-at="2023-01-11T09:00:17 CST" duration-ms="5298" status="PASS">
          <reporter-output>
          </reporter-output>
        </test-method> <!-- launchSlowResourcesTC39 -->
        <test-method is-config="true" signature="cleanup()[pri:0, instance:internet_herokuapp_tests.AutomationScripts@3a93b025]" started-at="2023-01-11T09:00:17 CST" name="cleanup" finished-at="2023-01-11T09:00:24 CST" duration-ms="7022" status="PASS">
          <reporter-output>
          </reporter-output>
        </test-method> <!-- cleanup -->
        <test-method is-config="true" signature="setUp(java.lang.reflect.Method)[pri:0, instance:internet_herokuapp_tests.AutomationScripts@3a93b025]" started-at="2023-01-11T09:00:24 CST" name="setUp" finished-at="2023-01-11T09:00:43 CST" duration-ms="18909" status="PASS">
          <params>
            <param index="0">
              <value>
                <![CDATA[public static void internet_herokuapp_tests.AutomationScripts.launchSortedDataTablesTC40() throws java.io.IOException]]>
              </value>
            </param>
          </params>
          <reporter-output>
          </reporter-output>
        </test-method> <!-- setUp -->
        <test-method signature="launchSortedDataTablesTC40()[pri:0, instance:internet_herokuapp_tests.AutomationScripts@3a93b025]" started-at="2023-01-11T09:00:43 CST" name="launchSortedDataTablesTC40" finished-at="2023-01-11T09:00:48 CST" duration-ms="4728" status="PASS">
          <reporter-output>
          </reporter-output>
        </test-method> <!-- launchSortedDataTablesTC40 -->
        <test-method is-config="true" signature="cleanup()[pri:0, instance:internet_herokuapp_tests.AutomationScripts@3a93b025]" started-at="2023-01-11T09:00:48 CST" name="cleanup" finished-at="2023-01-11T09:00:54 CST" duration-ms="6563" status="PASS">
          <reporter-output>
          </reporter-output>
        </test-method> <!-- cleanup -->
        <test-method is-config="true" signature="setUp(java.lang.reflect.Method)[pri:0, instance:internet_herokuapp_tests.AutomationScripts@3a93b025]" started-at="2023-01-11T09:00:54 CST" name="setUp" finished-at="2023-01-11T09:01:14 CST" duration-ms="20198" status="PASS">
          <params>
            <param index="0">
              <value>
                <![CDATA[public static void internet_herokuapp_tests.AutomationScripts.launchStatusCodesTC41() throws java.io.IOException]]>
              </value>
            </param>
          </params>
          <reporter-output>
          </reporter-output>
        </test-method> <!-- setUp -->
        <test-method signature="launchStatusCodesTC41()[pri:0, instance:internet_herokuapp_tests.AutomationScripts@3a93b025]" started-at="2023-01-11T09:01:14 CST" name="launchStatusCodesTC41" finished-at="2023-01-11T09:01:28 CST" duration-ms="13753" status="PASS">
          <reporter-output>
          </reporter-output>
        </test-method> <!-- launchStatusCodesTC41 -->
        <test-method is-config="true" signature="cleanup()[pri:0, instance:internet_herokuapp_tests.AutomationScripts@3a93b025]" started-at="2023-01-11T09:01:28 CST" name="cleanup" finished-at="2023-01-11T09:01:36 CST" duration-ms="7839" status="PASS">
          <reporter-output>
          </reporter-output>
        </test-method> <!-- cleanup -->
        <test-method is-config="true" signature="setUp(java.lang.reflect.Method)[pri:0, instance:internet_herokuapp_tests.AutomationScripts@3a93b025]" started-at="2023-01-11T09:01:36 CST" name="setUp" finished-at="2023-01-11T09:01:58 CST" duration-ms="21633" status="PASS">
          <params>
            <param index="0">
              <value>
                <![CDATA[public static void internet_herokuapp_tests.AutomationScripts.launchTyposTC42() throws java.io.IOException]]>
              </value>
            </param>
          </params>
          <reporter-output>
          </reporter-output>
        </test-method> <!-- setUp -->
        <test-method signature="launchTyposTC42()[pri:0, instance:internet_herokuapp_tests.AutomationScripts@3a93b025]" started-at="2023-01-11T09:01:58 CST" name="launchTyposTC42" finished-at="2023-01-11T09:02:00 CST" duration-ms="2332" status="PASS">
          <reporter-output>
          </reporter-output>
        </test-method> <!-- launchTyposTC42 -->
        <test-method is-config="true" signature="cleanup()[pri:0, instance:internet_herokuapp_tests.AutomationScripts@3a93b025]" started-at="2023-01-11T09:02:00 CST" name="cleanup" finished-at="2023-01-11T09:02:06 CST" duration-ms="6427" status="PASS">
          <reporter-output>
          </reporter-output>
        </test-method> <!-- cleanup -->
        <test-method is-config="true" signature="setUp(java.lang.reflect.Method)[pri:0, instance:internet_herokuapp_tests.AutomationScripts@3a93b025]" started-at="2023-01-11T09:02:06 CST" name="setUp" finished-at="2023-01-11T09:02:27 CST" duration-ms="20694" status="PASS">
          <params>
            <param index="0">
              <value>
                <![CDATA[public static void internet_herokuapp_tests.AutomationScripts.launchWYSIWYGEditorTC43() throws java.io.IOException]]>
              </value>
            </param>
          </params>
          <reporter-output>
          </reporter-output>
        </test-method> <!-- setUp -->
        <test-method signature="launchWYSIWYGEditorTC43()[pri:0, instance:internet_herokuapp_tests.AutomationScripts@3a93b025]" started-at="2023-01-11T09:02:27 CST" name="launchWYSIWYGEditorTC43" finished-at="2023-01-11T09:02:33 CST" duration-ms="5986" status="PASS">
          <reporter-output>
          </reporter-output>
        </test-method> <!-- launchWYSIWYGEditorTC43 -->
        <test-method is-config="true" signature="cleanup()[pri:0, instance:internet_herokuapp_tests.AutomationScripts@3a93b025]" started-at="2023-01-11T09:02:33 CST" name="cleanup" finished-at="2023-01-11T09:02:40 CST" duration-ms="7248" status="PASS">
          <reporter-output>
          </reporter-output>
        </test-method> <!-- cleanup -->
        <test-method is-config="true" signature="finalcleanup()[pri:0, instance:internet_herokuapp_tests.AutomationScripts@3a93b025]" started-at="2023-01-11T09:02:40 CST" name="finalcleanup" finished-at="2023-01-11T09:02:42 CST" duration-ms="1802" status="PASS">
          <reporter-output>
          </reporter-output>
        </test-method> <!-- finalcleanup -->
      </class> <!-- internet_herokuapp_tests.AutomationScripts -->
    </test> <!-- Default test -->
  </suite> <!-- Default suite -->
</testng-results>
